#
# There is insufficient memory for the Java Runtime Environment to continue.
# Native memory allocation (malloc) failed to allocate 1332816 bytes for Chunk::new
# Possible reasons:
#   The system is out of physical RAM or swap space
#   The process is running with CompressedOops enabled, and the Java Heap may be blocking the growth of the native heap
# Possible solutions:
#   Reduce memory load on the system
#   Increase physical memory or swap space
#   Check if swap backing store is full
#   Decrease Java heap size (-Xmx/-Xms)
#   Decrease number of Java threads
#   Decrease Java thread stack sizes (-Xss)
#   Set larger code cache with -XX:ReservedCodeCacheSize=
#   JVM is running with Unscaled Compressed Oops mode in which the Java heap is
#     placed in the first 4GB address space. The Java Heap base address is the
#     maximum limit for the native heap growth. Please use -XX:HeapBaseMinAddress
#     to set the Java Heap base and to place the Java Heap above 4GB virtual address.
# This output file may be truncated or incomplete.
#
#  Out of Memory Error (./src/hotspot/share/memory/arena.cpp:197), pid=10984, tid=14188
#
# JRE version: OpenJDK Runtime Environment (11.0.10) (build 11.0.10+0-b96-7249189)
# Java VM: OpenJDK 64-Bit Server VM (11.0.10+0-b96-7249189, mixed mode, tiered, compressed oops, g1 gc, windows-amd64)
# No core dump will be written. Minidumps are not enabled by default on client versions of Windows
#

---------------  S U M M A R Y ------------

Command Line: --add-opens=java.base/java.util=ALL-UNNAMED --add-opens=java.base/java.lang=ALL-UNNAMED --add-opens=java.base/java.lang.invoke=ALL-UNNAMED --add-opens=java.base/java.util=ALL-UNNAMED --add-opens=java.prefs/java.util.prefs=ALL-UNNAMED --add-opens=java.prefs/java.util.prefs=ALL-UNNAMED --add-opens=java.base/java.nio.charset=ALL-UNNAMED --add-opens=java.base/java.net=ALL-UNNAMED --add-opens=java.base/java.util.concurrent.atomic=ALL-UNNAMED -Xmx2048m -Dfile.encoding=UTF-8 -Duser.country=US -Duser.language=en -Duser.variant org.gradle.launcher.daemon.bootstrap.GradleDaemon 7.0.2

Host: AMD Ryzen 5 3500U with Radeon Vega Mobile Gfx  , 8 cores, 5G,  Windows 10 , 64 bit Build 19041 (10.0.19041.1348)
Time: Tue Dec  7 19:12:53 2021 Central Standard Time elapsed time: 4.207213 seconds (0d 0h 0m 4s)

---------------  T H R E A D  ---------------

Current thread (0x0000019060d0a800):  JavaThread "C2 CompilerThread1" daemon [_thread_in_native, id=14188, stack(0x0000008213900000,0x0000008213a00000)]


Current CompileTask:
C2:   4207 2183   !   4       java.net.URLClassLoader$1::run (63 bytes)

Stack: [0x0000008213900000,0x0000008213a00000]
Native frames: (J=compiled Java code, j=interpreted, Vv=VM code, C=native code)
V  [jvm.dll+0x5ecfaa]
V  [jvm.dll+0x722bd5]
V  [jvm.dll+0x72412d]
V  [jvm.dll+0x7247e3]
V  [jvm.dll+0x242928]
V  [jvm.dll+0xbc4fc]
V  [jvm.dll+0xbca0c]
V  [jvm.dll+0x352d3b]
V  [jvm.dll+0x197e0c]
V  [jvm.dll+0x1fb70e]
V  [jvm.dll+0x1fa7f4]
V  [jvm.dll+0x18354c]
V  [jvm.dll+0x208ee7]
V  [jvm.dll+0x207731]
V  [jvm.dll+0x6eb1cf]
V  [jvm.dll+0x6e3d45]
V  [jvm.dll+0x5ebe96]
C  [ucrtbase.dll+0x21bb2]
C  [KERNEL32.DLL+0x17034]
C  [ntdll.dll+0x52651]


---------------  P R O C E S S  ---------------

Threads class SMR info:
_java_thread_list=0x00000190606428e0, length=30, elements={
0x000001904156e800, 0x000001905d966000, 0x000001905d968000, 0x000001905d97f800,
0x000001905d980000, 0x000001905d982800, 0x000001905d987000, 0x000001905d98c000,
0x000001905d993000, 0x000001905e456000, 0x000001905f71d800, 0x0000019060738000,
0x00000190605a3000, 0x000001905f639000, 0x000001905f639800, 0x000001906096d800,
0x000001906096e800, 0x0000019060547800, 0x0000019060618800, 0x000001906058c000,
0x000001906058c800, 0x000001906058f000, 0x000001906058d800, 0x0000019060d0a800,
0x0000019060590000, 0x000001906058e800, 0x000001906058a800, 0x000001906058b000,
0x0000019060591000, 0x0000019062c3a000
}

Java Threads: ( => current thread )
  0x000001904156e800 JavaThread "main" [_thread_blocked, id=11800, stack(0x0000008211300000,0x0000008211400000)]
  0x000001905d966000 JavaThread "Reference Handler" daemon [_thread_blocked, id=9548, stack(0x0000008211a00000,0x0000008211b00000)]
  0x000001905d968000 JavaThread "Finalizer" daemon [_thread_blocked, id=10044, stack(0x0000008211b00000,0x0000008211c00000)]
  0x000001905d97f800 JavaThread "Signal Dispatcher" daemon [_thread_blocked, id=13208, stack(0x0000008211c00000,0x0000008211d00000)]
  0x000001905d980000 JavaThread "Attach Listener" daemon [_thread_blocked, id=6304, stack(0x0000008211d00000,0x0000008211e00000)]
  0x000001905d982800 JavaThread "Service Thread" daemon [_thread_blocked, id=6124, stack(0x0000008211e00000,0x0000008211f00000)]
  0x000001905d987000 JavaThread "C2 CompilerThread0" daemon [_thread_in_native, id=11792, stack(0x0000008211f00000,0x0000008212000000)]
  0x000001905d98c000 JavaThread "C1 CompilerThread0" daemon [_thread_blocked, id=876, stack(0x0000008212000000,0x0000008212100000)]
  0x000001905d993000 JavaThread "Sweeper thread" daemon [_thread_blocked, id=7488, stack(0x0000008212100000,0x0000008212200000)]
  0x000001905e456000 JavaThread "Common-Cleaner" daemon [_thread_blocked, id=11388, stack(0x0000008212200000,0x0000008212300000)]
  0x000001905f71d800 JavaThread "Daemon health stats" [_thread_blocked, id=11376, stack(0x0000008212700000,0x0000008212800000)]
  0x0000019060738000 JavaThread "Incoming local TCP Connector on port 53109" [_thread_in_native, id=13244, stack(0x0000008212400000,0x0000008212500000)]
  0x00000190605a3000 JavaThread "Daemon periodic checks" [_thread_blocked, id=13588, stack(0x0000008212600000,0x0000008212700000)]
  0x000001905f639000 JavaThread "Daemon" [_thread_blocked, id=10736, stack(0x0000008212a00000,0x0000008212b00000)]
  0x000001905f639800 JavaThread "Handler for socket connection from /127.0.0.1:53109 to /127.0.0.1:53110" [_thread_in_native, id=9192, stack(0x0000008212b00000,0x0000008212c00000)]
  0x000001906096d800 JavaThread "Cancel handler" [_thread_blocked, id=1540, stack(0x0000008212c00000,0x0000008212d00000)]
  0x000001906096e800 JavaThread "Daemon worker" [_thread_in_Java, id=8228, stack(0x0000008212d00000,0x0000008212e00000)]
  0x0000019060547800 JavaThread "Asynchronous log dispatcher for DefaultDaemonConnection: socket connection from /127.0.0.1:53109 to /127.0.0.1:53110" [_thread_blocked, id=11924, stack(0x0000008212e00000,0x0000008212f00000)]
  0x0000019060618800 JavaThread "Stdin handler" [_thread_blocked, id=6788, stack(0x0000008212f00000,0x0000008213000000)]
  0x000001906058c000 JavaThread "Daemon client event forwarder" [_thread_blocked, id=14124, stack(0x0000008213000000,0x0000008213100000)]
  0x000001906058c800 JavaThread "Cache worker for file hash cache (C:\Users\Owner\.gradle\caches\7.0.2\fileHashes)" [_thread_blocked, id=8884, stack(0x0000008213100000,0x0000008213200000)]
  0x000001906058f000 JavaThread "File lock request listener" [_thread_in_native, id=10600, stack(0x0000008213200000,0x0000008213300000)]
  0x000001906058d800 JavaThread "Cache worker for journal cache (C:\Users\Owner\.gradle\caches\journal-1)" [_thread_blocked, id=13964, stack(0x0000008213800000,0x0000008213900000)]
=>0x0000019060d0a800 JavaThread "C2 CompilerThread1" daemon [_thread_in_native, id=14188, stack(0x0000008213900000,0x0000008213a00000)]
  0x0000019060590000 JavaThread "Cache worker for file hash cache (C:\Users\Owner\Desktop\309_local\2_hb_4\Frontend\Tarp\.gradle\7.0.2\fileHashes)" [_thread_blocked, id=5508, stack(0x0000008213a00000,0x0000008213b00000)]
  0x000001906058e800 JavaThread "File watcher server" daemon [_thread_in_native, id=14292, stack(0x0000008213b00000,0x0000008213c00000)]
  0x000001906058a800 JavaThread "File watcher consumer" daemon [_thread_blocked, id=10904, stack(0x0000008213c00000,0x0000008213d00000)]
  0x000001906058b000 JavaThread "Cache worker for checksums cache (C:\Users\Owner\Desktop\309_local\2_hb_4\Frontend\Tarp\.gradle\checksums)" [_thread_blocked, id=4736, stack(0x0000008213d00000,0x0000008213e00000)]
  0x0000019060591000 JavaThread "Cache worker for cache directory md-supplier (C:\Users\Owner\.gradle\caches\7.0.2\md-supplier)" [_thread_blocked, id=10232, stack(0x0000008213e00000,0x0000008213f00000)]
  0x0000019062c3a000 JavaThread "C2 CompilerThread2" daemon [_thread_in_native, id=1264, stack(0x0000008213f00000,0x0000008214000000)]

Other Threads:
  0x000001905d95f800 VMThread "VM Thread" [stack: 0x0000008211900000,0x0000008211a00000] [id=14316]
  0x000001905e46f000 WatcherThread [stack: 0x0000008212300000,0x0000008212400000] [id=2168]
  0x0000019041588800 GCTaskThread "GC Thread#0" [stack: 0x0000008211400000,0x0000008211500000] [id=1628]
  0x000001905eebe800 GCTaskThread "GC Thread#1" [stack: 0x0000008212500000,0x0000008212600000] [id=13092]
  0x000001906032b000 GCTaskThread "GC Thread#2" [stack: 0x0000008212800000,0x0000008212900000] [id=10428]
  0x000001906059a800 GCTaskThread "GC Thread#3" [stack: 0x0000008212900000,0x0000008212a00000] [id=4596]
  0x0000019060401000 GCTaskThread "GC Thread#4" [stack: 0x0000008213300000,0x0000008213400000] [id=10300]
  0x000001905eeb8000 GCTaskThread "GC Thread#5" [stack: 0x0000008213400000,0x0000008213500000] [id=4908]
  0x000001905fb31000 GCTaskThread "GC Thread#6" [stack: 0x0000008213500000,0x0000008213600000] [id=2696]
  0x000001905f9eb000 GCTaskThread "GC Thread#7" [stack: 0x0000008213600000,0x0000008213700000] [id=12056]
  0x00000190415b8000 ConcurrentGCThread "G1 Main Marker" [stack: 0x0000008211500000,0x0000008211600000] [id=7188]
  0x00000190415b9800 ConcurrentGCThread "G1 Conc#0" [stack: 0x0000008211600000,0x0000008211700000] [id=11648]
  0x000001905f955800 ConcurrentGCThread "G1 Conc#1" [stack: 0x0000008213700000,0x0000008213800000] [id=13388]
  0x000001904163c800 ConcurrentGCThread "G1 Refine#0" [stack: 0x0000008211700000,0x0000008211800000] [id=12264]
  0x000001904163d800 ConcurrentGCThread "G1 Young RemSet Sampling" [stack: 0x0000008211800000,0x0000008211900000] [id=2472]

Threads with active compile tasks:
C2 CompilerThread0   4227 2182       4       java.net.URLClassLoader$1::run (5 bytes)
C2 CompilerThread1   4228 2183   !   4       java.net.URLClassLoader$1::run (63 bytes)
C2 CompilerThread2   4228 2255       4       java.lang.reflect.ProxyGenerator$ConstantPool::getIndirect (63 bytes)

VM state:not at safepoint (normal execution)

VM Mutex/Monitor currently owned by a thread: None

Heap address: 0x0000000080000000, size: 2048 MB, Compressed Oops mode: 32-bit
Narrow klass base: 0x0000000000000000, Narrow klass shift: 3
Compressed class space size: 1073741824 Address: 0x0000000100000000

Heap:
 garbage-first heap   total 98304K, used 38515K [0x0000000080000000, 0x0000000100000000)
  region size 1024K, 25 young (25600K), 4 survivors (4096K)
 Metaspace       used 26952K, capacity 27605K, committed 27648K, reserved 1073152K
  class space    used 3559K, capacity 3825K, committed 3840K, reserved 1048576K
Heap Regions: E=young(eden), S=young(survivor), O=old, HS=humongous(starts), HC=humongous(continues), CS=collection set, F=free, A=archive, TAMS=top-at-mark-start (previous, next)
|   0|0x0000000080000000, 0x0000000080100000, 0x0000000080100000|100%| O|  |TAMS 0x0000000080100000, 0x0000000080000000| Untracked 
|   1|0x0000000080100000, 0x0000000080200000, 0x0000000080200000|100%| O|  |TAMS 0x0000000080200000, 0x0000000080100000| Untracked 
|   2|0x0000000080200000, 0x0000000080300000, 0x0000000080300000|100%| O|  |TAMS 0x0000000080300000, 0x0000000080200000| Untracked 
|   3|0x0000000080300000, 0x0000000080400000, 0x0000000080400000|100%|HS|  |TAMS 0x0000000080400000, 0x0000000080300000| Complete 
|   4|0x0000000080400000, 0x0000000080500000, 0x0000000080500000|100%|HC|  |TAMS 0x0000000080500000, 0x0000000080400000| Complete 
|   5|0x0000000080500000, 0x0000000080600000, 0x0000000080600000|100%|HC|  |TAMS 0x0000000080600000, 0x0000000080500000| Complete 
|   6|0x0000000080600000, 0x0000000080700000, 0x0000000080700000|100%| O|  |TAMS 0x0000000080700000, 0x0000000080600000| Untracked 
|   7|0x0000000080700000, 0x0000000080800000, 0x0000000080800000|100%| O|  |TAMS 0x0000000080800000, 0x0000000080700000| Untracked 
|   8|0x0000000080800000, 0x0000000080900000, 0x0000000080900000|100%| O|  |TAMS 0x0000000080900000, 0x0000000080800000| Untracked 
|   9|0x0000000080900000, 0x0000000080a00000, 0x0000000080a00000|100%| O|  |TAMS 0x0000000080a00000, 0x0000000080900000| Untracked 
|  10|0x0000000080a00000, 0x0000000080b00000, 0x0000000080b00000|100%| O|  |TAMS 0x0000000080b00000, 0x0000000080a00000| Untracked 
|  11|0x0000000080b00000, 0x0000000080c00000, 0x0000000080c00000|100%| O|  |TAMS 0x0000000080c00000, 0x0000000080b00000| Untracked 
|  12|0x0000000080c00000, 0x0000000080d00000, 0x0000000080d00000|100%| O|  |TAMS 0x0000000080d00000, 0x0000000080c00000| Untracked 
|  13|0x0000000080d00000, 0x0000000080e00000, 0x0000000080e00000|100%| O|  |TAMS 0x0000000080e00000, 0x0000000080d00000| Untracked 
|  14|0x0000000080e00000, 0x0000000080e18000, 0x0000000080f00000|  9%| O|  |TAMS 0x0000000080e18000, 0x0000000080e00000| Untracked 
|  15|0x0000000080f00000, 0x0000000080f00000, 0x0000000081000000|  0%| F|  |TAMS 0x0000000080f00000, 0x0000000080f00000| Untracked 
|  16|0x0000000081000000, 0x0000000081000000, 0x0000000081100000|  0%| F|  |TAMS 0x0000000081000000, 0x0000000081000000| Untracked 
|  17|0x0000000081100000, 0x0000000081100000, 0x0000000081200000|  0%| F|  |TAMS 0x0000000081100000, 0x0000000081100000| Untracked 
|  18|0x0000000081200000, 0x0000000081200000, 0x0000000081300000|  0%| F|  |TAMS 0x0000000081200000, 0x0000000081200000| Untracked 
|  19|0x0000000081300000, 0x0000000081300000, 0x0000000081400000|  0%| F|  |TAMS 0x0000000081300000, 0x0000000081300000| Untracked 
|  20|0x0000000081400000, 0x0000000081400000, 0x0000000081500000|  0%| F|  |TAMS 0x0000000081400000, 0x0000000081400000| Untracked 
|  21|0x0000000081500000, 0x0000000081500000, 0x0000000081600000|  0%| F|  |TAMS 0x0000000081500000, 0x0000000081500000| Untracked 
|  22|0x0000000081600000, 0x0000000081600000, 0x0000000081700000|  0%| F|  |TAMS 0x0000000081600000, 0x0000000081600000| Untracked 
|  23|0x0000000081700000, 0x0000000081700000, 0x0000000081800000|  0%| F|  |TAMS 0x0000000081700000, 0x0000000081700000| Untracked 
|  24|0x0000000081800000, 0x0000000081800000, 0x0000000081900000|  0%| F|  |TAMS 0x0000000081800000, 0x0000000081800000| Untracked 
|  25|0x0000000081900000, 0x0000000081900000, 0x0000000081a00000|  0%| F|  |TAMS 0x0000000081900000, 0x0000000081900000| Untracked 
|  26|0x0000000081a00000, 0x0000000081a00000, 0x0000000081b00000|  0%| F|  |TAMS 0x0000000081a00000, 0x0000000081a00000| Untracked 
|  27|0x0000000081b00000, 0x0000000081b00000, 0x0000000081c00000|  0%| F|  |TAMS 0x0000000081b00000, 0x0000000081b00000| Untracked 
|  28|0x0000000081c00000, 0x0000000081c00000, 0x0000000081d00000|  0%| F|  |TAMS 0x0000000081c00000, 0x0000000081c00000| Untracked 
|  29|0x0000000081d00000, 0x0000000081d00000, 0x0000000081e00000|  0%| F|  |TAMS 0x0000000081d00000, 0x0000000081d00000| Untracked 
|  30|0x0000000081e00000, 0x0000000081e00000, 0x0000000081f00000|  0%| F|  |TAMS 0x0000000081e00000, 0x0000000081e00000| Untracked 
|  31|0x0000000081f00000, 0x0000000081f00000, 0x0000000082000000|  0%| F|  |TAMS 0x0000000081f00000, 0x0000000081f00000| Untracked 
|  32|0x0000000082000000, 0x0000000082000000, 0x0000000082100000|  0%| F|  |TAMS 0x0000000082000000, 0x0000000082000000| Untracked 
|  33|0x0000000082100000, 0x0000000082100000, 0x0000000082200000|  0%| F|  |TAMS 0x0000000082100000, 0x0000000082100000| Untracked 
|  34|0x0000000082200000, 0x0000000082200000, 0x0000000082300000|  0%| F|  |TAMS 0x0000000082200000, 0x0000000082200000| Untracked 
|  35|0x0000000082300000, 0x0000000082300000, 0x0000000082400000|  0%| F|  |TAMS 0x0000000082300000, 0x0000000082300000| Untracked 
|  36|0x0000000082400000, 0x0000000082400000, 0x0000000082500000|  0%| F|  |TAMS 0x0000000082400000, 0x0000000082400000| Untracked 
|  37|0x0000000082500000, 0x0000000082500000, 0x0000000082600000|  0%| F|  |TAMS 0x0000000082500000, 0x0000000082500000| Untracked 
|  38|0x0000000082600000, 0x0000000082600000, 0x0000000082700000|  0%| F|  |TAMS 0x0000000082600000, 0x0000000082600000| Untracked 
|  39|0x0000000082700000, 0x0000000082700000, 0x0000000082800000|  0%| F|  |TAMS 0x0000000082700000, 0x0000000082700000| Untracked 
|  40|0x0000000082800000, 0x0000000082800000, 0x0000000082900000|  0%| F|  |TAMS 0x0000000082800000, 0x0000000082800000| Untracked 
|  41|0x0000000082900000, 0x0000000082900000, 0x0000000082a00000|  0%| F|  |TAMS 0x0000000082900000, 0x0000000082900000| Untracked 
|  42|0x0000000082a00000, 0x0000000082a00000, 0x0000000082b00000|  0%| F|  |TAMS 0x0000000082a00000, 0x0000000082a00000| Untracked 
|  43|0x0000000082b00000, 0x0000000082b00000, 0x0000000082c00000|  0%| F|  |TAMS 0x0000000082b00000, 0x0000000082b00000| Untracked 
|  44|0x0000000082c00000, 0x0000000082c84fc0, 0x0000000082d00000| 51%| S|CS|TAMS 0x0000000082c00000, 0x0000000082c00000| Complete 
|  45|0x0000000082d00000, 0x0000000082e00000, 0x0000000082e00000|100%| S|CS|TAMS 0x0000000082d00000, 0x0000000082d00000| Complete 
|  46|0x0000000082e00000, 0x0000000082f00000, 0x0000000082f00000|100%| S|CS|TAMS 0x0000000082e00000, 0x0000000082e00000| Complete 
|  47|0x0000000082f00000, 0x0000000083000000, 0x0000000083000000|100%| S|CS|TAMS 0x0000000082f00000, 0x0000000082f00000| Complete 
|  48|0x0000000083000000, 0x0000000083000000, 0x0000000083100000|  0%| F|  |TAMS 0x0000000083000000, 0x0000000083000000| Untracked 
|  49|0x0000000083100000, 0x0000000083100000, 0x0000000083200000|  0%| F|  |TAMS 0x0000000083100000, 0x0000000083100000| Untracked 
|  50|0x0000000083200000, 0x0000000083200000, 0x0000000083300000|  0%| F|  |TAMS 0x0000000083200000, 0x0000000083200000| Untracked 
|  51|0x0000000083300000, 0x0000000083300000, 0x0000000083400000|  0%| F|  |TAMS 0x0000000083300000, 0x0000000083300000| Untracked 
|  52|0x0000000083400000, 0x0000000083400000, 0x0000000083500000|  0%| F|  |TAMS 0x0000000083400000, 0x0000000083400000| Untracked 
|  53|0x0000000083500000, 0x0000000083500000, 0x0000000083600000|  0%| F|  |TAMS 0x0000000083500000, 0x0000000083500000| Untracked 
|  54|0x0000000083600000, 0x0000000083600000, 0x0000000083700000|  0%| F|  |TAMS 0x0000000083600000, 0x0000000083600000| Untracked 
|  55|0x0000000083700000, 0x0000000083700000, 0x0000000083800000|  0%| F|  |TAMS 0x0000000083700000, 0x0000000083700000| Untracked 
|  56|0x0000000083800000, 0x0000000083800000, 0x0000000083900000|  0%| F|  |TAMS 0x0000000083800000, 0x0000000083800000| Untracked 
|  57|0x0000000083900000, 0x0000000083900000, 0x0000000083a00000|  0%| F|  |TAMS 0x0000000083900000, 0x0000000083900000| Untracked 
|  58|0x0000000083a00000, 0x0000000083a00000, 0x0000000083b00000|  0%| F|  |TAMS 0x0000000083a00000, 0x0000000083a00000| Untracked 
|  59|0x0000000083b00000, 0x0000000083b00000, 0x0000000083c00000|  0%| F|  |TAMS 0x0000000083b00000, 0x0000000083b00000| Untracked 
|  60|0x0000000083c00000, 0x0000000083c00000, 0x0000000083d00000|  0%| F|  |TAMS 0x0000000083c00000, 0x0000000083c00000| Untracked 
|  61|0x0000000083d00000, 0x0000000083d00000, 0x0000000083e00000|  0%| F|  |TAMS 0x0000000083d00000, 0x0000000083d00000| Untracked 
|  62|0x0000000083e00000, 0x0000000083e00000, 0x0000000083f00000|  0%| F|  |TAMS 0x0000000083e00000, 0x0000000083e00000| Untracked 
|  63|0x0000000083f00000, 0x0000000083f00000, 0x0000000084000000|  0%| F|  |TAMS 0x0000000083f00000, 0x0000000083f00000| Untracked 
|  64|0x0000000084000000, 0x0000000084000000, 0x0000000084100000|  0%| F|  |TAMS 0x0000000084000000, 0x0000000084000000| Untracked 
|  65|0x0000000084100000, 0x0000000084100000, 0x0000000084200000|  0%| F|  |TAMS 0x0000000084100000, 0x0000000084100000| Untracked 
|  66|0x0000000084200000, 0x0000000084200000, 0x0000000084300000|  0%| F|  |TAMS 0x0000000084200000, 0x0000000084200000| Untracked 
|  67|0x0000000084300000, 0x0000000084300000, 0x0000000084400000|  0%| F|  |TAMS 0x0000000084300000, 0x0000000084300000| Untracked 
|  68|0x0000000084400000, 0x0000000084400000, 0x0000000084500000|  0%| F|  |TAMS 0x0000000084400000, 0x0000000084400000| Untracked 
|  69|0x0000000084500000, 0x0000000084500000, 0x0000000084600000|  0%| F|  |TAMS 0x0000000084500000, 0x0000000084500000| Untracked 
|  70|0x0000000084600000, 0x0000000084600000, 0x0000000084700000|  0%| F|  |TAMS 0x0000000084600000, 0x0000000084600000| Untracked 
|  71|0x0000000084700000, 0x0000000084700000, 0x0000000084800000|  0%| F|  |TAMS 0x0000000084700000, 0x0000000084700000| Untracked 
|  72|0x0000000084800000, 0x0000000084800000, 0x0000000084900000|  0%| F|  |TAMS 0x0000000084800000, 0x0000000084800000| Untracked 
|  73|0x0000000084900000, 0x0000000084900000, 0x0000000084a00000|  0%| F|  |TAMS 0x0000000084900000, 0x0000000084900000| Untracked 
|  74|0x0000000084a00000, 0x0000000084a00000, 0x0000000084b00000|  0%| F|  |TAMS 0x0000000084a00000, 0x0000000084a00000| Untracked 
|  75|0x0000000084b00000, 0x0000000084b80800, 0x0000000084c00000| 50%| E|  |TAMS 0x0000000084b00000, 0x0000000084b00000| Complete 
|  76|0x0000000084c00000, 0x0000000084d00000, 0x0000000084d00000|100%| E|CS|TAMS 0x0000000084c00000, 0x0000000084c00000| Complete 
|  77|0x0000000084d00000, 0x0000000084e00000, 0x0000000084e00000|100%| E|CS|TAMS 0x0000000084d00000, 0x0000000084d00000| Complete 
|  78|0x0000000084e00000, 0x0000000084f00000, 0x0000000084f00000|100%| E|CS|TAMS 0x0000000084e00000, 0x0000000084e00000| Complete 
|  79|0x0000000084f00000, 0x0000000085000000, 0x0000000085000000|100%| E|CS|TAMS 0x0000000084f00000, 0x0000000084f00000| Complete 
|  80|0x0000000085000000, 0x0000000085100000, 0x0000000085100000|100%| E|CS|TAMS 0x0000000085000000, 0x0000000085000000| Complete 
|  81|0x0000000085100000, 0x0000000085200000, 0x0000000085200000|100%| E|CS|TAMS 0x0000000085100000, 0x0000000085100000| Complete 
|  82|0x0000000085200000, 0x0000000085300000, 0x0000000085300000|100%| E|CS|TAMS 0x0000000085200000, 0x0000000085200000| Complete 
|  83|0x0000000085300000, 0x0000000085400000, 0x0000000085400000|100%| E|CS|TAMS 0x0000000085300000, 0x0000000085300000| Complete 
|  84|0x0000000085400000, 0x0000000085500000, 0x0000000085500000|100%| E|CS|TAMS 0x0000000085400000, 0x0000000085400000| Complete 
|  85|0x0000000085500000, 0x0000000085600000, 0x0000000085600000|100%| E|CS|TAMS 0x0000000085500000, 0x0000000085500000| Complete 
|  86|0x0000000085600000, 0x0000000085700000, 0x0000000085700000|100%| E|CS|TAMS 0x0000000085600000, 0x0000000085600000| Complete 
|  87|0x0000000085700000, 0x0000000085800000, 0x0000000085800000|100%| E|CS|TAMS 0x0000000085700000, 0x0000000085700000| Complete 
|  88|0x0000000085800000, 0x0000000085900000, 0x0000000085900000|100%| E|CS|TAMS 0x0000000085800000, 0x0000000085800000| Complete 
|  89|0x0000000085900000, 0x0000000085a00000, 0x0000000085a00000|100%| E|CS|TAMS 0x0000000085900000, 0x0000000085900000| Complete 
|  90|0x0000000085a00000, 0x0000000085b00000, 0x0000000085b00000|100%| E|CS|TAMS 0x0000000085a00000, 0x0000000085a00000| Complete 
|  91|0x0000000085b00000, 0x0000000085c00000, 0x0000000085c00000|100%| E|CS|TAMS 0x0000000085b00000, 0x0000000085b00000| Complete 
|  92|0x0000000085c00000, 0x0000000085d00000, 0x0000000085d00000|100%| E|CS|TAMS 0x0000000085c00000, 0x0000000085c00000| Complete 
|  93|0x0000000085d00000, 0x0000000085e00000, 0x0000000085e00000|100%| E|CS|TAMS 0x0000000085d00000, 0x0000000085d00000| Complete 
|  94|0x0000000085e00000, 0x0000000085f00000, 0x0000000085f00000|100%| E|CS|TAMS 0x0000000085e00000, 0x0000000085e00000| Complete 
|  95|0x0000000085f00000, 0x0000000086000000, 0x0000000086000000|100%| E|CS|TAMS 0x0000000085f00000, 0x0000000085f00000| Complete 

Card table byte_map: [0x00000190566b0000,0x0000019056ab0000] _byte_map_base: 0x00000190562b0000

Marking Bits (Prev, Next): (CMBitMap*) 0x00000190415af3b0, (CMBitMap*) 0x00000190415af378
 Prev Bits: [0x0000019058eb0000, 0x000001905aeb0000)
 Next Bits: [0x0000019056eb0000, 0x0000019058eb0000)

Polling page: 0x0000019041650000

Metaspace:

Usage:
  Non-class:     23.22 MB capacity,    22.86 MB ( 98%) used,   316.41 KB (  1%) free+waste,    54.50 KB ( <1%) overhead. 
      Class:      3.74 MB capacity,     3.49 MB ( 93%) used,   226.80 KB (  6%) free+waste,    27.81 KB ( <1%) overhead. 
       Both:     26.96 MB capacity,    26.35 MB ( 98%) used,   543.21 KB (  2%) free+waste,    82.31 KB ( <1%) overhead. 

Virtual space:
  Non-class space:       24.00 MB reserved,      23.25 MB ( 97%) committed 
      Class space:        1.00 GB reserved,       3.75 MB ( <1%) committed 
             Both:        1.02 GB reserved,      27.00 MB (  3%) committed 

Chunk freelists:
   Non-Class:  28.00 KB
       Class:  15.00 KB
        Both:  43.00 KB

MaxMetaspaceSize: 17179869184.00 GB
CompressedClassSpaceSize: 1.00 GB

CodeHeap 'non-profiled nmethods': size=120000Kb used=1080Kb max_used=1080Kb free=118919Kb
 bounds [0x000001904e320000, 0x000001904e590000, 0x0000019055850000]
CodeHeap 'profiled nmethods': size=120000Kb used=4871Kb max_used=4871Kb free=115128Kb
 bounds [0x0000019046df0000, 0x00000190472c0000, 0x000001904e320000]
CodeHeap 'non-nmethods': size=5760Kb used=1160Kb max_used=1191Kb free=4599Kb
 bounds [0x0000019046850000, 0x0000019046ac0000, 0x0000019046df0000]
 total_blobs=2766 nmethods=2263 adapters=414
 compilation: enabled
              stopped_count=0, restarted_count=0
 full_count=0

Compilation events (20 events):
Event: 4.180 Thread 0x000001905d98c000 nmethod 2249 0x00000190472a2910 code [0x00000190472a2ac0, 0x00000190472a2c68]
Event: 4.182 Thread 0x000001905d98c000 2250       3       jdk.internal.reflect.ClassFileAssembler::emitConstantPoolNameAndType (28 bytes)
Event: 4.183 Thread 0x000001905d98c000 nmethod 2250 0x00000190472a2d10 code [0x00000190472a2f60, 0x00000190472a35e8]
Event: 4.183 Thread 0x0000019062c3a000 2206       4       sun.reflect.generics.parser.SignatureParser::skipIdentifier (67 bytes)
Event: 4.186 Thread 0x000001905d98c000 2252       3       java.lang.invoke.DirectMethodHandle$Holder::invokeStatic (15 bytes)
Event: 4.187 Thread 0x000001905d98c000 nmethod 2252 0x00000190472a3990 code [0x00000190472a3b60, 0x00000190472a4098]
Event: 4.189 Thread 0x0000019062c3a000 nmethod 2206 0x000001904e42b310 code [0x000001904e42b4e0, 0x000001904e42b7b8]
Event: 4.189 Thread 0x0000019062c3a000 2234       4       java.util.Objects::equals (23 bytes)
Event: 4.190 Thread 0x0000019062c3a000 nmethod 2234 0x000001904e42bb90 code [0x000001904e42bd20, 0x000001904e42bdb8]
Event: 4.190 Thread 0x0000019062c3a000 2251       4       java.util.AbstractList::<init> (10 bytes)
Event: 4.190 Thread 0x0000019062c3a000 nmethod 2251 0x000001904e42be90 code [0x000001904e42c020, 0x000001904e42c078]
Event: 4.190 Thread 0x0000019062c3a000 2211       4       jdk.internal.org.objectweb.asm.ByteVector::putByte (39 bytes)
Event: 4.191 Thread 0x0000019062c3a000 nmethod 2211 0x000001904e42c110 code [0x000001904e42c2c0, 0x000001904e42c3e8]
Event: 4.191 Thread 0x0000019062c3a000 2192       4       java.security.CodeSource::getCertificates (98 bytes)
Event: 4.192 Thread 0x0000019062c3a000 nmethod 2192 0x000001904e42c510 code [0x000001904e42c6a0, 0x000001904e42c738]
Event: 4.192 Thread 0x0000019062c3a000 2220       4       java.util.AbstractMap::<init> (5 bytes)
Event: 4.192 Thread 0x0000019062c3a000 nmethod 2220 0x000001904e42c810 code [0x000001904e42c9a0, 0x000001904e42c9f8]
Event: 4.196 Thread 0x0000019062c3a000 2253       4       java.lang.StringLatin1::toUpperCase (180 bytes)
Event: 4.197 Thread 0x000001905d98c000 2254       3       java.lang.invoke.TypeConvertingMethodAdapter::convertType (299 bytes)
Event: 4.204 Thread 0x000001905d98c000 nmethod 2254 0x00000190472a4190 code [0x00000190472a4ae0, 0x00000190472a98e8]

GC Heap History (8 events):
Event: 1.014 GC heap before
{Heap before GC invocations=0 (full 0):
 garbage-first heap   total 98304K, used 29696K [0x0000000080000000, 0x0000000100000000)
  region size 1024K, 24 young (24576K), 0 survivors (0K)
 Metaspace       used 9789K, capacity 9986K, committed 10112K, reserved 1058816K
  class space    used 1022K, capacity 1102K, committed 1152K, reserved 1048576K
}
Event: 1.022 GC heap after
{Heap after GC invocations=1 (full 0):
 garbage-first heap   total 98304K, used 9029K [0x0000000080000000, 0x0000000100000000)
  region size 1024K, 3 young (3072K), 3 survivors (3072K)
 Metaspace       used 9789K, capacity 9986K, committed 10112K, reserved 1058816K
  class space    used 1022K, capacity 1102K, committed 1152K, reserved 1048576K
}
Event: 1.936 GC heap before
{Heap before GC invocations=1 (full 0):
 garbage-first heap   total 98304K, used 64325K [0x0000000080000000, 0x0000000100000000)
  region size 1024K, 57 young (58368K), 3 survivors (3072K)
 Metaspace       used 13964K, capacity 14285K, committed 14592K, reserved 1062912K
  class space    used 1576K, capacity 1684K, committed 1792K, reserved 1048576K
}
Event: 1.944 GC heap after
{Heap after GC invocations=2 (full 0):
 garbage-first heap   total 98304K, used 14703K [0x0000000080000000, 0x0000000100000000)
  region size 1024K, 8 young (8192K), 8 survivors (8192K)
 Metaspace       used 13964K, capacity 14285K, committed 14592K, reserved 1062912K
  class space    used 1576K, capacity 1684K, committed 1792K, reserved 1048576K
}
Event: 3.262 GC heap before
{Heap before GC invocations=2 (full 0):
 garbage-first heap   total 98304K, used 55663K [0x0000000080000000, 0x0000000100000000)
  region size 1024K, 49 young (50176K), 8 survivors (8192K)
 Metaspace       used 20588K, capacity 21126K, committed 21248K, reserved 1067008K
  class space    used 2522K, capacity 2723K, committed 2816K, reserved 1048576K
}
Event: 3.271 GC heap after
{Heap after GC invocations=3 (full 0):
 garbage-first heap   total 98304K, used 16409K [0x0000000080000000, 0x0000000100000000)
  region size 1024K, 2 young (2048K), 2 survivors (2048K)
 Metaspace       used 20588K, capacity 21126K, committed 21248K, reserved 1067008K
  class space    used 2522K, capacity 2723K, committed 2816K, reserved 1048576K
}
Event: 3.894 GC heap before
{Heap before GC invocations=4 (full 0):
 garbage-first heap   total 98304K, used 63513K [0x0000000080000000, 0x0000000100000000)
  region size 1024K, 48 young (49152K), 2 survivors (2048K)
 Metaspace       used 25443K, capacity 26002K, committed 26112K, reserved 1071104K
  class space    used 3327K, capacity 3566K, committed 3584K, reserved 1048576K
}
Event: 3.898 GC heap after
{Heap after GC invocations=5 (full 0):
 garbage-first heap   total 98304K, used 18035K [0x0000000080000000, 0x0000000100000000)
  region size 1024K, 4 young (4096K), 4 survivors (4096K)
 Metaspace       used 25443K, capacity 26002K, committed 26112K, reserved 1071104K
  class space    used 3327K, capacity 3566K, committed 3584K, reserved 1048576K
}

Deoptimization events (20 events):
Event: 3.493 Thread 0x000001906096e800 Uncommon trap: trap_request=0xffffff4d fr.pc=0x000001904e36f338 relative=0x0000000000000278
Event: 3.493 Thread 0x000001906096e800 Uncommon trap: reason=unstable_if action=reinterpret pc=0x000001904e36f338 method=java.util.concurrent.ConcurrentHashMap.get(Ljava/lang/Object;)Ljava/lang/Object; @ 152 c2
Event: 3.493 Thread 0x000001906096e800 DEOPT PACKING pc=0x000001904e36f338 sp=0x0000008212dfabc0
Event: 3.493 Thread 0x000001906096e800 DEOPT UNPACKING pc=0x00000190468778af sp=0x0000008212dfab28 mode 2
Event: 3.820 Thread 0x000001906096e800 Uncommon trap: trap_request=0xffffff7e fr.pc=0x000001904e4125c8 relative=0x0000000000000168
Event: 3.820 Thread 0x000001906096e800 Uncommon trap: reason=predicate action=maybe_recompile pc=0x000001904e4125c8 method=com.google.common.base.CharMatcher.indexIn(Ljava/lang/CharSequence;I)I @ 19 c2
Event: 3.820 Thread 0x000001906096e800 DEOPT PACKING pc=0x000001904e4125c8 sp=0x0000008212dfbbc0
Event: 3.820 Thread 0x000001906096e800 DEOPT UNPACKING pc=0x00000190468778af sp=0x0000008212dfbb50 mode 2
Event: 3.875 Thread 0x000001906096e800 Uncommon trap: trap_request=0xffffffde fr.pc=0x000001904e41da5c relative=0x000000000000031c
Event: 3.875 Thread 0x000001906096e800 Uncommon trap: reason=class_check action=maybe_recompile pc=0x000001904e41da5c method=java.util.Collections$SetFromMap.remove(Ljava/lang/Object;)Z @ 5 c2
Event: 3.875 Thread 0x000001906096e800 DEOPT PACKING pc=0x000001904e41da5c sp=0x0000008212dfc5e0
Event: 3.875 Thread 0x000001906096e800 DEOPT UNPACKING pc=0x00000190468778af sp=0x0000008212dfc5c8 mode 2
Event: 3.875 Thread 0x000001906096e800 Uncommon trap: trap_request=0xffffffde fr.pc=0x000001904e41da5c relative=0x000000000000031c
Event: 3.875 Thread 0x000001906096e800 Uncommon trap: reason=class_check action=maybe_recompile pc=0x000001904e41da5c method=java.util.Collections$SetFromMap.remove(Ljava/lang/Object;)Z @ 5 c2
Event: 3.875 Thread 0x000001906096e800 DEOPT PACKING pc=0x000001904e41da5c sp=0x0000008212dfc560
Event: 3.875 Thread 0x000001906096e800 DEOPT UNPACKING pc=0x00000190468778af sp=0x0000008212dfc548 mode 2
Event: 3.906 Thread 0x000001906096e800 Uncommon trap: trap_request=0xffffff4d fr.pc=0x000001904e346dc0 relative=0x0000000000000500
Event: 3.906 Thread 0x000001906096e800 Uncommon trap: reason=unstable_if action=reinterpret pc=0x000001904e346dc0 method=java.util.Properties$LineReader.readLine()I @ 249 c2
Event: 3.906 Thread 0x000001906096e800 DEOPT PACKING pc=0x000001904e346dc0 sp=0x0000008212dfba10
Event: 3.906 Thread 0x000001906096e800 DEOPT UNPACKING pc=0x00000190468778af sp=0x0000008212dfb9a0 mode 2

Classes redefined (0 events):
No events

Internal exceptions (20 events):
Event: 3.273 Thread 0x000001906096e800 Exception <a 'java/lang/NoSuchMethodError'{0x0000000085f03c48}: 'java.lang.Object java.lang.invoke.DirectMethodHandle$Holder.invokeInterface(java.lang.Object, java.lang.Object, java.lang.Object)'> (0x0000000085f03c48) thrown at [./src/hotspot/share/interpreter/linkResolver.cpp, line 773]
Event: 3.273 Thread 0x000001906096e800 Exception <a 'java/lang/IncompatibleClassChangeError'{0x0000000085f07120}: Found class java.lang.Object, but interface was expected> (0x0000000085f07120) thrown at [./src/hotspot/share/interpreter/linkResolver.cpp, line 839]
Event: 3.284 Thread 0x000001906096e800 Exception <a 'java/lang/NoSuchMethodError'{0x0000000085e2b590}: 'void java.lang.invoke.DirectMethodHandle$Holder.invokeStatic(java.lang.Object, java.lang.Object, java.lang.Object, java.lang.Object, java.lang.Object)'> (0x0000000085e2b590) thrown at [./src/hotspot/share/interpreter/linkResolver.cpp, line 773]
Event: 3.342 Thread 0x000001906096e800 Exception <a 'java/lang/NoSuchMethodError'{0x0000000085ad1a60}: 'void java.lang.invoke.DirectMethodHandle$Holder.invokeSpecial(java.lang.Object, java.lang.Object)'> (0x0000000085ad1a60) thrown at [./src/hotspot/share/interpreter/linkResolver.cpp, line 773]
Event: 3.369 Thread 0x000001906096e800 Exception <a 'java/lang/NoSuchMethodError'{0x000000008570bb88}: 'java.lang.Object java.lang.invoke.DirectMethodHandle$Holder.invokeSpecial(java.lang.Object, java.lang.Object, java.lang.Object, java.lang.Object, java.lang.Object, java.lang.Object, java.lang.Object, java.lang.Object, java.lang.Object)'> (0x000000008570bb88) thrown at [./src/hotspot/share/interpreter/linkResolver.cpp, line 773]
Event: 3.435 Thread 0x000001906096e800 Exception <a 'java/lang/NoSuchMethodError'{0x0000000084e7d8a8}: 'java.lang.Object java.lang.invoke.DirectMethodHandle$Holder.invokeVirtual(java.lang.Object, java.lang.Object, java.lang.Object, java.lang.Object)'> (0x0000000084e7d8a8) thrown at [./src/hotspot/share/interpreter/linkResolver.cpp, line 773]
Event: 3.453 Thread 0x000001906096e800 Exception <a 'java/lang/NoSuchMethodError'{0x0000000084b45a70}: 'java.lang.Object java.lang.invoke.Invokers$Holder.invoker(java.lang.Object, java.lang.Object, java.lang.Object, java.lang.Object, java.lang.Object)'> (0x0000000084b45a70) thrown at [./src/hotspot/share/interpreter/linkResolver.cpp, line 773]
Event: 3.530 Thread 0x000001906096e800 Exception <a 'java/lang/NoSuchMethodError'{0x0000000084795578}: 'void java.lang.invoke.DirectMethodHandle$Holder.invokeSpecial(java.lang.Object, java.lang.Object, java.lang.Object, java.lang.Object, java.lang.Object, java.lang.Object)'> (0x0000000084795578) thrown at [./src/hotspot/share/interpreter/linkResolver.cpp, line 773]
Event: 3.544 Thread 0x000001906096e800 Exception <a 'java/lang/NoSuchMethodError'{0x00000000847fab08}: 'void java.lang.invoke.DirectMethodHandle$Holder.invokeSpecial(java.lang.Object, java.lang.Object, java.lang.Object, java.lang.Object, java.lang.Object, java.lang.Object, java.lang.Object)'> (0x00000000847fab08) thrown at [./src/hotspot/share/interpreter/linkResolver.cpp, line 773]
Event: 3.545 Thread 0x000001906096e800 Exception <a 'java/lang/NoSuchMethodError'{0x0000000084603278}: 'java.lang.Object java.lang.invoke.Invokers$Holder.linkToTargetMethod(java.lang.Object, java.lang.Object, java.lang.Object, java.lang.Object, java.lang.Object, java.lang.Object)'> (0x0000000084603278) thrown at [./src/hotspot/share/interpreter/linkResolver.cpp, line 773]
Event: 3.749 Thread 0x000001906096e800 Exception <a 'java/lang/NoSuchMethodError'{0x0000000083935b28}: 'void java.lang.invoke.DirectMethodHandle$Holder.invokeStaticInit(java.lang.Object, java.lang.Object)'> (0x0000000083935b28) thrown at [./src/hotspot/share/interpreter/linkResolver.cpp, line 773]
Event: 3.862 Thread 0x000001906096e800 Exception <a 'java/lang/NoSuchMethodError'{0x0000000083175080}: 'void java.lang.invoke.DirectMethodHandle$Holder.invokeStatic(java.lang.Object, java.lang.Object, java.lang.Object, java.lang.Object)'> (0x0000000083175080) thrown at [./src/hotspot/share/interpreter/linkResolver.cpp, line 773]
Event: 3.866 Thread 0x000001906096e800 Exception <a 'java/lang/NoSuchMethodError'{0x00000000831b0538}: 'int java.lang.invoke.DirectMethodHandle$Holder.invokeInterface(java.lang.Object, java.lang.Object)'> (0x00000000831b0538) thrown at [./src/hotspot/share/interpreter/linkResolver.cpp, line 773]
Event: 4.085 Thread 0x000001906096e800 Exception <a 'java/lang/NoSuchMethodError'{0x0000000085562088}: 'java.lang.Object java.lang.invoke.DirectMethodHandle$Holder.invokeSpecialIFC(java.lang.Object, java.lang.Object, java.lang.Object, java.lang.Object)'> (0x0000000085562088) thrown at [./src/hotspot/share/interpreter/linkResolver.cpp, line 773]
Event: 4.097 Thread 0x000001906096e800 Exception <a 'java/lang/NoSuchMethodError'{0x000000008545f2a8}: 'java.lang.Object java.lang.invoke.DirectMethodHandle$Holder.invokeSpecial(java.lang.Object, java.lang.Object, java.lang.Object, java.lang.Object, java.lang.Object, java.lang.Object, java.lang.Object, java.lang.Object, java.lang.Object, java.lang.Object, java.lang.Object, java.lang.Object, java.lang.Object)'> (0x000000008545f2a8) thrown at [./src/hotspot/share/interpreter/linkResolver.cpp, line 773]
Event: 4.098 Thread 0x000001906096e800 Exception <a 'java/lang/NoSuchMethodError'{0x0000000085470530}: 'java.lang.Object java.lang.invoke.DirectMethodHandle$Holder.invokeSpecial(java.lang.Object, java.lang.Object, java.lang.Object, java.lang.Object, java.lang.Object, java.lang.Object, java.lang.Object, java.lang.Object, java.lang.Object, java.lang.Object, java.lang.Object, java.lang.Object)'> (0x0000000085470530) thrown at [./src/hotspot/share/interpreter/linkResolver.cpp, line 773]
Event: 4.099 Thread 0x000001906096e800 Exception <a 'java/lang/NoSuchMethodError'{0x0000000085475658}: 'java.lang.Object java.lang.invoke.Invokers$Holder.linkToTargetMethod(java.lang.Object, java.lang.Object, java.lang.Object, java.lang.Object, java.lang.Object, java.lang.Object, java.lang.Object, java.lang.Object, java.lang.Object, java.lang.Object, java.lang.Object)'> (0x0000000085475658) thrown at [./src/hotspot/share/interpreter/linkResolver.cpp, line 773]
Event: 4.115 Thread 0x000001906096e800 Exception <a 'java/lang/NoSuchMethodError'{0x00000000853b4fe8}: 'java.lang.Object java.lang.invoke.DirectMethodHandle$Holder.invokeSpecial(java.lang.Object, java.lang.Object, java.lang.Object, java.lang.Object, java.lang.Object, java.lang.Object, java.lang.Object, java.lang.Object, java.lang.Object, java.lang.Object, java.lang.Object, java.lang.Object, java.lang.Object, java.lang.Object)'> (0x00000000853b4fe8) thrown at [./src/hotspot/share/interpreter/linkResolver.cpp, line 773]
Event: 4.116 Thread 0x000001906096e800 Exception <a 'java/lang/NoSuchMethodError'{0x00000000853c65e0}: 'java.lang.Object java.lang.invoke.Invokers$Holder.linkToTargetMethod(java.lang.Object, java.lang.Object, java.lang.Object, java.lang.Object, java.lang.Object, java.lang.Object, java.lang.Object, java.lang.Object, java.lang.Object, java.lang.Object, java.lang.Object, java.lang.Object)'> (0x00000000853c65e0) thrown at [./src/hotspot/share/interpreter/linkResolver.cpp, line 773]
Event: 4.128 Thread 0x000001906096e800 Exception <a 'java/lang/NoSuchMethodError'{0x000000008525adb0}: 'java.lang.Object java.lang.invoke.DirectMethodHandle$Holder.invokeStaticInit(java.lang.Object, java.lang.Object, java.lang.Object, java.lang.Object)'> (0x000000008525adb0) thrown at [./src/hotspot/share/interpreter/linkResolver.cpp, line 773]

Events (20 events):
Event: 4.197 loading class org/gradle/api/internal/provider/DefaultConfigurationTimeBarrier
Event: 4.197 loading class org/gradle/api/internal/provider/DefaultConfigurationTimeBarrier done
Event: 4.197 loading class org/gradle/api/internal/provider/DefaultValueSourceProviderFactory
Event: 4.197 loading class org/gradle/api/internal/provider/DefaultValueSourceProviderFactory done
Event: 4.199 loading class org/gradle/api/internal/provider/ValueSourceProviderFactory$Listener$ObtainedValue
Event: 4.199 loading class org/gradle/api/internal/provider/ValueSourceProviderFactory$Listener$ObtainedValue done
Event: 4.200 loading class org/gradle/internal/isolated/IsolationScheme
Event: 4.200 loading class org/gradle/internal/isolated/IsolationScheme done
Event: 4.200 loading class org/gradle/api/provider/ValueSource
Event: 4.200 loading class org/gradle/api/provider/ValueSource done
Event: 4.201 loading class org/gradle/api/provider/ValueSourceParameters
Event: 4.201 loading class org/gradle/api/provider/ValueSourceParameters done
Event: 4.201 loading class org/gradle/api/provider/ValueSourceParameters$None
Event: 4.201 loading class org/gradle/api/provider/ValueSourceParameters$None done
Event: 4.202 loading class org/gradle/api/internal/provider/ValueSourceProviderFactory$Listener
Event: 4.202 loading class org/gradle/api/internal/provider/ValueSourceProviderFactory$Listener done
Event: 4.203 loading class org/gradle/api/internal/provider/DefaultProviderFactory
Event: 4.203 loading class org/gradle/api/internal/provider/DefaultProviderFactory done
Event: 4.204 loading class org/gradle/api/file/FileContents
Event: 4.204 loading class org/gradle/api/file/FileContents done


Dynamic libraries:
0x00007ff6163e0000 - 0x00007ff6163ea000 	C:\Program Files\Android\Android Studio\jre\bin\java.exe
0x00007ffe8bff0000 - 0x00007ffe8c1e5000 	C:\WINDOWS\SYSTEM32\ntdll.dll
0x00007ffe8a5b0000 - 0x00007ffe8a66e000 	C:\WINDOWS\System32\KERNEL32.DLL
0x00007ffe89710000 - 0x00007ffe899d8000 	C:\WINDOWS\System32\KERNELBASE.dll
0x00007ffe89de0000 - 0x00007ffe89ee0000 	C:\WINDOWS\System32\ucrtbase.dll
0x00007ffe707e0000 - 0x00007ffe707f9000 	C:\Program Files\Android\Android Studio\jre\bin\jli.dll
0x00007ffe78440000 - 0x00007ffe78457000 	C:\Program Files\Android\Android Studio\jre\bin\VCRUNTIME140.dll
0x00007ffe8ab60000 - 0x00007ffe8ad01000 	C:\WINDOWS\System32\USER32.dll
0x00007ffe899e0000 - 0x00007ffe89a02000 	C:\WINDOWS\System32\win32u.dll
0x00007ffe8ad10000 - 0x00007ffe8ad3b000 	C:\WINDOWS\System32\GDI32.dll
0x00007ffe89cd0000 - 0x00007ffe89ddb000 	C:\WINDOWS\System32\gdi32full.dll
0x00007ffe77040000 - 0x00007ffe772da000 	C:\WINDOWS\WinSxS\amd64_microsoft.windows.common-controls_6595b64144ccf1df_6.0.19041.1110_none_60b5254171f9507e\COMCTL32.dll
0x00007ffe89b70000 - 0x00007ffe89c0d000 	C:\WINDOWS\System32\msvcp_win.dll
0x00007ffe8a4b0000 - 0x00007ffe8a54e000 	C:\WINDOWS\System32\msvcrt.dll
0x00007ffe8b1d0000 - 0x00007ffe8b200000 	C:\WINDOWS\System32\IMM32.DLL
0x00007ffe6b880000 - 0x00007ffe6b91d000 	C:\Program Files\Android\Android Studio\jre\bin\msvcp140.dll
0x00007ffe53d70000 - 0x00007ffe5483f000 	C:\Program Files\Android\Android Studio\jre\bin\server\jvm.dll
0x00007ffe8a110000 - 0x00007ffe8a1bc000 	C:\WINDOWS\System32\ADVAPI32.dll
0x00007ffe8a270000 - 0x00007ffe8a30b000 	C:\WINDOWS\System32\sechost.dll
0x00007ffe8bb50000 - 0x00007ffe8bc7a000 	C:\WINDOWS\System32\RPCRT4.dll
0x00007ffe8be20000 - 0x00007ffe8be28000 	C:\WINDOWS\System32\PSAPI.DLL
0x00007ffe7edb0000 - 0x00007ffe7edd7000 	C:\WINDOWS\SYSTEM32\WINMM.dll
0x00007ffe790e0000 - 0x00007ffe790e9000 	C:\WINDOWS\SYSTEM32\WSOCK32.dll
0x00007ffe7ede0000 - 0x00007ffe7edea000 	C:\WINDOWS\SYSTEM32\VERSION.dll
0x00007ffe8a670000 - 0x00007ffe8a6db000 	C:\WINDOWS\System32\WS2_32.dll
0x00007ffe87fe0000 - 0x00007ffe87ff2000 	C:\WINDOWS\SYSTEM32\kernel.appcore.dll
0x00007ffe80f20000 - 0x00007ffe80f31000 	C:\Program Files\Android\Android Studio\jre\bin\verify.dll
0x00007ffe874a0000 - 0x00007ffe87684000 	C:\WINDOWS\SYSTEM32\DBGHELP.DLL
0x00007ffe780d0000 - 0x00007ffe780fc000 	C:\WINDOWS\SYSTEM32\dbgcore.DLL
0x00007ffe89c10000 - 0x00007ffe89c93000 	C:\WINDOWS\System32\bcryptPrimitives.dll
0x00007ffe784a0000 - 0x00007ffe784c9000 	C:\Program Files\Android\Android Studio\jre\bin\java.dll
0x00007ffe861b0000 - 0x00007ffe861bb000 	C:\Program Files\Android\Android Studio\jre\bin\jimage.dll
0x00007ffe78ed0000 - 0x00007ffe78ee8000 	C:\Program Files\Android\Android Studio\jre\bin\zip.dll
0x00007ffe8b200000 - 0x00007ffe8b93f000 	C:\WINDOWS\System32\SHELL32.dll
0x00007ffe87690000 - 0x00007ffe87e20000 	C:\WINDOWS\SYSTEM32\windows.storage.dll
0x00007ffe8ad40000 - 0x00007ffe8b095000 	C:\WINDOWS\System32\combase.dll
0x00007ffe89090000 - 0x00007ffe890be000 	C:\WINDOWS\SYSTEM32\Wldp.dll
0x00007ffe8a1c0000 - 0x00007ffe8a26d000 	C:\WINDOWS\System32\SHCORE.dll
0x00007ffe8a550000 - 0x00007ffe8a5a5000 	C:\WINDOWS\System32\shlwapi.dll
0x00007ffe89650000 - 0x00007ffe8966f000 	C:\WINDOWS\SYSTEM32\profapi.dll
0x00007ffe78480000 - 0x00007ffe7849a000 	C:\Program Files\Android\Android Studio\jre\bin\net.dll
0x00007ffe804a0000 - 0x00007ffe805ac000 	C:\WINDOWS\SYSTEM32\WINHTTP.dll
0x00007ffe88df0000 - 0x00007ffe88e5a000 	C:\WINDOWS\system32\mswsock.dll
0x00007ffe77b60000 - 0x00007ffe77b74000 	C:\Program Files\Android\Android Studio\jre\bin\nio.dll
0x00007ffe86430000 - 0x00007ffe86457000 	C:\Users\Owner\.gradle\native\8bec1ad78214c89d9ad589b4d07fe93259594b29d510b10fafb7a158f7737e5d\windows-amd64\native-platform.dll
0x00007ffe5a1f0000 - 0x00007ffe5a32d000 	C:\Users\Owner\.gradle\native\53dbd7edfb1c66fb8903c78663c9afc45aea4f116125fa6feffd364cf09443e8\windows-amd64\native-platform-file-events.dll
0x00007ffe84eb0000 - 0x00007ffe84eba000 	C:\Program Files\Android\Android Studio\jre\bin\management.dll
0x00007ffe80120000 - 0x00007ffe8012c000 	C:\Program Files\Android\Android Studio\jre\bin\management_ext.dll
0x00007ffe88fe0000 - 0x00007ffe88ff8000 	C:\WINDOWS\SYSTEM32\CRYPTSP.dll
0x00007ffe88770000 - 0x00007ffe887a4000 	C:\WINDOWS\system32\rsaenh.dll
0x00007ffe89ca0000 - 0x00007ffe89cc7000 	C:\WINDOWS\System32\bcrypt.dll
0x00007ffe89610000 - 0x00007ffe8963e000 	C:\WINDOWS\SYSTEM32\USERENV.dll
0x00007ffe89000000 - 0x00007ffe8900c000 	C:\WINDOWS\SYSTEM32\CRYPTBASE.dll
0x00007ffe88ae0000 - 0x00007ffe88b1b000 	C:\WINDOWS\SYSTEM32\IPHLPAPI.DLL
0x00007ffe8bf10000 - 0x00007ffe8bf18000 	C:\WINDOWS\System32\NSI.dll
0x00007ffe82960000 - 0x00007ffe82977000 	C:\WINDOWS\SYSTEM32\dhcpcsvc6.DLL
0x00007ffe81e70000 - 0x00007ffe81e8d000 	C:\WINDOWS\SYSTEM32\dhcpcsvc.DLL
0x00007ffe88b20000 - 0x00007ffe88beb000 	C:\WINDOWS\SYSTEM32\DNSAPI.dll

dbghelp: loaded successfully - version: 4.0.5 - missing functions: none
symbol engine: initialized successfully - sym options: 0x614 - pdb path: .;C:\Program Files\Android\Android Studio\jre\bin;C:\WINDOWS\SYSTEM32;C:\WINDOWS\WinSxS\amd64_microsoft.windows.common-controls_6595b64144ccf1df_6.0.19041.1110_none_60b5254171f9507e;C:\Program Files\Android\Android Studio\jre\bin\server;C:\Users\Owner\.gradle\native\8bec1ad78214c89d9ad589b4d07fe93259594b29d510b10fafb7a158f7737e5d\windows-amd64;C:\Users\Owner\.gradle\native\53dbd7edfb1c66fb8903c78663c9afc45aea4f116125fa6feffd364cf09443e8\windows-amd64

VM Arguments:
jvm_args: --add-opens=java.base/java.util=ALL-UNNAMED --add-opens=java.base/java.lang=ALL-UNNAMED --add-opens=java.base/java.lang.invoke=ALL-UNNAMED --add-opens=java.base/java.util=ALL-UNNAMED --add-opens=java.prefs/java.util.prefs=ALL-UNNAMED --add-opens=java.prefs/java.util.prefs=ALL-UNNAMED --add-opens=java.base/java.nio.charset=ALL-UNNAMED --add-opens=java.base/java.net=ALL-UNNAMED --add-opens=java.base/java.util.concurrent.atomic=ALL-UNNAMED -Xmx2048m -Dfile.encoding=UTF-8 -Duser.country=US -Duser.language=en -Duser.variant 
java_command: org.gradle.launcher.daemon.bootstrap.GradleDaemon 7.0.2
java_class_path (initial): C:\Users\Owner\.gradle\wrapper\dists\gradle-7.0.2-bin\857tjihv64xamwrf0h14cai3r\gradle-7.0.2\lib\gradle-launcher-7.0.2.jar
Launcher Type: SUN_STANDARD

[Global flags]
     intx CICompilerCount                          = 4                                         {product} {ergonomic}
     uint ConcGCThreads                            = 2                                         {product} {ergonomic}
     uint G1ConcRefinementThreads                  = 8                                         {product} {ergonomic}
   size_t G1HeapRegionSize                         = 1048576                                   {product} {ergonomic}
    uintx GCDrainStackTargetSize                   = 64                                        {product} {ergonomic}
   size_t InitialHeapSize                          = 100663296                                 {product} {ergonomic}
   size_t MarkStackSize                            = 4194304                                   {product} {ergonomic}
   size_t MaxHeapSize                              = 2147483648                                {product} {command line}
   size_t MaxNewSize                               = 1287651328                                {product} {ergonomic}
   size_t MinHeapDeltaBytes                        = 1048576                                   {product} {ergonomic}
    uintx NonNMethodCodeHeapSize                   = 5836300                                {pd product} {ergonomic}
    uintx NonProfiledCodeHeapSize                  = 122910970                              {pd product} {ergonomic}
    uintx ProfiledCodeHeapSize                     = 122910970                              {pd product} {ergonomic}
    uintx ReservedCodeCacheSize                    = 251658240                              {pd product} {ergonomic}
     bool SegmentedCodeCache                       = true                                      {product} {ergonomic}
     bool UseCompressedClassPointers               = true                                 {lp64_product} {ergonomic}
     bool UseCompressedOops                        = true                                 {lp64_product} {ergonomic}
     bool UseG1GC                                  = true                                      {product} {ergonomic}
     bool UseLargePagesIndividualAllocation        = false                                  {pd product} {ergonomic}

Logging:
Log output configuration:
 #0: stdout all=warning uptime,level,tags
 #1: stderr all=off uptime,level,tags

Environment Variables:
PATH=C:\Program Files\Eclipse Foundation\jdk-11.0.12.7-hotspot\bin;C:\Program Files\Common Files\Oracle\Java\javapath;C:\Program Files (x86)\Common Files\Oracle\Java\javapath;C:\WINDOWS\system32;C:\WINDOWS;C:\WINDOWS\System32\Wbem;C:\WINDOWS\System32\WindowsPowerShell\v1.0\;C:\WINDOWS\System32\OpenSSH\;C:\Program Files\Intel\WiFi\bin\;C:\Program Files\Common Files\Intel\WirelessCommon\;C:\Program Files\nodejs\;C:\Program Files\Git\cmd;C:\Gradle\gradle-6.9.1-bin;C:\Program Files\Java\jdk1.8.0_241\bin;C:\Users\Owner\AppData\Local\Programs\Microsoft VS Code\bin
USERNAME=Owner
OS=Windows_NT
PROCESSOR_IDENTIFIER=AMD64 Family 23 Model 24 Stepping 1, AuthenticAMD



---------------  S Y S T E M  ---------------

OS: Windows 10 , 64 bit Build 19041 (10.0.19041.1348)
OS uptime: 1 days 8:18 hours

CPU:total 8 (initial active 8) (8 cores per cpu, 2 threads per core) family 23 model 24 stepping 1 microcode 0x0, cmov, cx8, fxsr, mmx, sse, sse2, sse3, ssse3, sse4.1, sse4.2, popcnt, avx, avx2, aes, clmul, mmxext, 3dnowpref, lzcnt, sse4a, ht, tsc, tscinvbit, tscinv, bmi1, bmi2, adx, s

Memory: 4k page, system-wide physical 6091M (750M free)
TotalPageFile size 6091M (AvailPageFile size 5M)
current process WorkingSet (physical memory assigned to process): 213M, peak: 213M
current process commit charge ("private bytes"): 268M, peak: 269M

vm_info: OpenJDK 64-Bit Server VM (11.0.10+0-b96-7249189) for windows-amd64 JRE (11.0.10+0-b96-7249189), built on Mar 31 2021 21:44:00 by "builder" with MS VC++ 14.0 (VS2015)

END.
