#
# There is insufficient memory for the Java Runtime Environment to continue.
# Native memory allocation (malloc) failed to allocate 932576 bytes for Chunk::new
# Possible reasons:
#   The system is out of physical RAM or swap space
#   The process is running with CompressedOops enabled, and the Java Heap may be blocking the growth of the native heap
# Possible solutions:
#   Reduce memory load on the system
#   Increase physical memory or swap space
#   Check if swap backing store is full
#   Decrease Java heap size (-Xmx/-Xms)
#   Decrease number of Java threads
#   Decrease Java thread stack sizes (-Xss)
#   Set larger code cache with -XX:ReservedCodeCacheSize=
#   JVM is running with Unscaled Compressed Oops mode in which the Java heap is
#     placed in the first 4GB address space. The Java Heap base address is the
#     maximum limit for the native heap growth. Please use -XX:HeapBaseMinAddress
#     to set the Java Heap base and to place the Java Heap above 4GB virtual address.
# This output file may be truncated or incomplete.
#
#  Out of Memory Error (./src/hotspot/share/memory/arena.cpp:197), pid=11196, tid=6704
#
# JRE version: OpenJDK Runtime Environment (11.0.10) (build 11.0.10+0-b96-7249189)
# Java VM: OpenJDK 64-Bit Server VM (11.0.10+0-b96-7249189, mixed mode, tiered, compressed oops, g1 gc, windows-amd64)
# No core dump will be written. Minidumps are not enabled by default on client versions of Windows
#

---------------  S U M M A R Y ------------

Command Line: --add-opens=java.base/java.util=ALL-UNNAMED --add-opens=java.base/java.lang=ALL-UNNAMED --add-opens=java.base/java.lang.invoke=ALL-UNNAMED --add-opens=java.base/java.util=ALL-UNNAMED --add-opens=java.prefs/java.util.prefs=ALL-UNNAMED --add-opens=java.prefs/java.util.prefs=ALL-UNNAMED --add-opens=java.base/java.nio.charset=ALL-UNNAMED --add-opens=java.base/java.net=ALL-UNNAMED --add-opens=java.base/java.util.concurrent.atomic=ALL-UNNAMED -Xmx2048m -Dfile.encoding=UTF-8 -Duser.country=US -Duser.language=en -Duser.variant org.gradle.launcher.daemon.bootstrap.GradleDaemon 7.0.2

Host: AMD Ryzen 5 3500U with Radeon Vega Mobile Gfx  , 8 cores, 5G,  Windows 10 , 64 bit Build 19041 (10.0.19041.1348)
Time: Tue Dec  7 19:12:27 2021 Central Standard Time elapsed time: 8.908032 seconds (0d 0h 0m 8s)

---------------  T H R E A D  ---------------

Current thread (0x0000023988f31000):  JavaThread "C2 CompilerThread1" daemon [_thread_in_native, id=6704, stack(0x00000092d8c00000,0x00000092d8d00000)]


Current CompileTask:
C2:   8908 5227       4       groovyjarjarantlr4.v4.runtime.atn.PredictionContext::join (569 bytes)

Stack: [0x00000092d8c00000,0x00000092d8d00000]
Native frames: (J=compiled Java code, j=interpreted, Vv=VM code, C=native code)
V  [jvm.dll+0x5ecfaa]
V  [jvm.dll+0x722bd5]
V  [jvm.dll+0x72412d]
V  [jvm.dll+0x7247e3]
V  [jvm.dll+0x242928]
V  [jvm.dll+0xbc4fc]
V  [jvm.dll+0xbca0c]
V  [jvm.dll+0x2b4fd4]
V  [jvm.dll+0x506028]
V  [jvm.dll+0x203253]
V  [jvm.dll+0x1fd07c]
V  [jvm.dll+0x1fa77f]
V  [jvm.dll+0x18354c]
V  [jvm.dll+0x208ee7]
V  [jvm.dll+0x207731]
V  [jvm.dll+0x6eb1cf]
V  [jvm.dll+0x6e3d45]
V  [jvm.dll+0x5ebe96]
C  [ucrtbase.dll+0x21bb2]
C  [KERNEL32.DLL+0x17034]
C  [ntdll.dll+0x52651]


---------------  P R O C E S S  ---------------

Threads class SMR info:
_java_thread_list=0x000002398dc922d0, length=51, elements={
0x00000239e971d000, 0x00000239ffb81800, 0x00000239ffb8f000, 0x00000239ffb6b800,
0x00000239ffb6d800, 0x00000239ffb6f800, 0x00000239ffb73000, 0x00000239ffb74000,
0x00000239ffbdb000, 0x00000239ffd2e000, 0x0000023987ee7000, 0x00000239888a9800,
0x0000023988474800, 0x0000023987f01800, 0x000002398861f800, 0x0000023988620800,
0x0000023988a51800, 0x000002398846e800, 0x0000023989e08800, 0x0000023988732800,
0x000002398872d800, 0x0000023988731000, 0x000002398872c800, 0x0000023988f31000,
0x000002398872e800, 0x0000023988733000, 0x000002398872f000, 0x0000023988730000,
0x0000023988731800, 0x000002398a685000, 0x000002398a689000, 0x0000023988ee2000,
0x000002398a688000, 0x000002398a68b800, 0x000002398a68a000, 0x000002398a68f800,
0x000002398a68c800, 0x000002398a68a800, 0x000002398a690800, 0x000002398a68e800,
0x000002398a68e000, 0x000002398a691000, 0x000002398a692000, 0x000002398a693000,
0x000002398a68d000, 0x000002398a693800, 0x000002398b4cf800, 0x000002398b4d1000,
0x000002398b4d2000, 0x000002398b4d0800, 0x000002398b4d6000
}

Java Threads: ( => current thread )
  0x00000239e971d000 JavaThread "main" [_thread_blocked, id=7452, stack(0x00000092d6600000,0x00000092d6700000)]
  0x00000239ffb81800 JavaThread "Reference Handler" daemon [_thread_blocked, id=8712, stack(0x00000092d6d00000,0x00000092d6e00000)]
  0x00000239ffb8f000 JavaThread "Finalizer" daemon [_thread_blocked, id=2700, stack(0x00000092d6e00000,0x00000092d6f00000)]
  0x00000239ffb6b800 JavaThread "Signal Dispatcher" daemon [_thread_blocked, id=7560, stack(0x00000092d6f00000,0x00000092d7000000)]
  0x00000239ffb6d800 JavaThread "Attach Listener" daemon [_thread_blocked, id=9744, stack(0x00000092d7000000,0x00000092d7100000)]
  0x00000239ffb6f800 JavaThread "Service Thread" daemon [_thread_blocked, id=972, stack(0x00000092d7100000,0x00000092d7200000)]
  0x00000239ffb73000 JavaThread "C2 CompilerThread0" daemon [_thread_in_native, id=13300, stack(0x00000092d7200000,0x00000092d7300000)]
  0x00000239ffb74000 JavaThread "C1 CompilerThread0" daemon [_thread_in_native, id=4880, stack(0x00000092d7300000,0x00000092d7400000)]
  0x00000239ffbdb000 JavaThread "Sweeper thread" daemon [_thread_blocked, id=3792, stack(0x00000092d7400000,0x00000092d7500000)]
  0x00000239ffd2e000 JavaThread "Common-Cleaner" daemon [_thread_blocked, id=10336, stack(0x00000092d7500000,0x00000092d7600000)]
  0x0000023987ee7000 JavaThread "Daemon health stats" [_thread_blocked, id=11920, stack(0x00000092d7900000,0x00000092d7a00000)]
  0x00000239888a9800 JavaThread "Incoming local TCP Connector on port 53101" [_thread_in_native, id=12668, stack(0x00000092d7700000,0x00000092d7800000)]
  0x0000023988474800 JavaThread "Daemon periodic checks" [_thread_blocked, id=10868, stack(0x00000092d7c00000,0x00000092d7d00000)]
  0x0000023987f01800 JavaThread "Daemon" [_thread_blocked, id=4788, stack(0x00000092d7d00000,0x00000092d7e00000)]
  0x000002398861f800 JavaThread "Handler for socket connection from /127.0.0.1:53101 to /127.0.0.1:53102" [_thread_in_native, id=14064, stack(0x00000092d7e00000,0x00000092d7f00000)]
  0x0000023988620800 JavaThread "Cancel handler" [_thread_blocked, id=10328, stack(0x00000092d7f00000,0x00000092d8000000)]
  0x0000023988a51800 JavaThread "Daemon worker" [_thread_in_Java, id=8456, stack(0x00000092d8000000,0x00000092d8100000)]
  0x000002398846e800 JavaThread "Asynchronous log dispatcher for DefaultDaemonConnection: socket connection from /127.0.0.1:53101 to /127.0.0.1:53102" [_thread_blocked, id=2276, stack(0x00000092d8100000,0x00000092d8200000)]
  0x0000023989e08800 JavaThread "Stdin handler" [_thread_blocked, id=8584, stack(0x00000092d8200000,0x00000092d8300000)]
  0x0000023988732800 JavaThread "Daemon client event forwarder" [_thread_blocked, id=872, stack(0x00000092d8300000,0x00000092d8400000)]
  0x000002398872d800 JavaThread "Cache worker for file hash cache (C:\Users\Owner\.gradle\caches\7.0.2\fileHashes)" [_thread_blocked, id=13508, stack(0x00000092d8400000,0x00000092d8500000)]
  0x0000023988731000 JavaThread "File lock request listener" [_thread_in_native, id=13676, stack(0x00000092d8500000,0x00000092d8600000)]
  0x000002398872c800 JavaThread "Cache worker for journal cache (C:\Users\Owner\.gradle\caches\journal-1)" [_thread_blocked, id=9792, stack(0x00000092d8b00000,0x00000092d8c00000)]
=>0x0000023988f31000 JavaThread "C2 CompilerThread1" daemon [_thread_in_native, id=6704, stack(0x00000092d8c00000,0x00000092d8d00000)]
  0x000002398872e800 JavaThread "Cache worker for file hash cache (C:\Users\Owner\Desktop\309_local\2_hb_4\Frontend\Tarp\.gradle\7.0.2\fileHashes)" [_thread_blocked, id=560, stack(0x00000092d8d00000,0x00000092d8e00000)]
  0x0000023988733000 JavaThread "File watcher server" daemon [_thread_in_native, id=11152, stack(0x00000092d8e00000,0x00000092d8f00000)]
  0x000002398872f000 JavaThread "File watcher consumer" daemon [_thread_blocked, id=11040, stack(0x00000092d8f00000,0x00000092d9000000)]
  0x0000023988730000 JavaThread "Cache worker for checksums cache (C:\Users\Owner\Desktop\309_local\2_hb_4\Frontend\Tarp\.gradle\checksums)" [_thread_blocked, id=5492, stack(0x00000092d9000000,0x00000092d9100000)]
  0x0000023988731800 JavaThread "Cache worker for cache directory md-supplier (C:\Users\Owner\.gradle\caches\7.0.2\md-supplier)" [_thread_blocked, id=7180, stack(0x00000092d9100000,0x00000092d9200000)]
  0x000002398a685000 JavaThread "Cache worker for cache directory md-rule (C:\Users\Owner\.gradle\caches\7.0.2\md-rule)" [_thread_blocked, id=14076, stack(0x00000092d9200000,0x00000092d9300000)]
  0x000002398a689000 JavaThread "Cache worker for execution history cache (C:\Users\Owner\.gradle\caches\7.0.2\executionHistory)" [_thread_blocked, id=3376, stack(0x00000092d9300000,0x00000092d9400000)]
  0x0000023988ee2000 JavaThread "C2 CompilerThread2" daemon [_thread_in_native, id=2108, stack(0x00000092d9400000,0x00000092d9500000)]
  0x000002398a688000 JavaThread "jar transforms" [_thread_blocked, id=12872, stack(0x00000092d9500000,0x00000092d9600000)]
  0x000002398a68b800 JavaThread "jar transforms Thread 2" [_thread_blocked, id=1284, stack(0x00000092d9600000,0x00000092d9700000)]
  0x000002398a68a000 JavaThread "Cache worker for file content cache (C:\Users\Owner\.gradle\caches\7.0.2\fileContent)" [_thread_blocked, id=2436, stack(0x00000092d9700000,0x00000092d9800000)]
  0x000002398a68f800 JavaThread "Cache worker for dependencies-accessors (C:\Users\Owner\Desktop\309_local\2_hb_4\Frontend\Tarp\.gradle\7.0.2\dependencies-accessors)" [_thread_blocked, id=2692, stack(0x00000092d9800000,0x00000092d9900000)]
  0x000002398a68c800 JavaThread "jar transforms Thread 3" [_thread_blocked, id=13424, stack(0x00000092d9900000,0x00000092d9a00000)]
  0x000002398a68a800 JavaThread "Cache worker for Build Output Cleanup Cache (C:\Users\Owner\Desktop\309_local\2_hb_4\Frontend\Tarp\.gradle\buildOutputCleanup)" [_thread_blocked, id=12980, stack(0x00000092d9a00000,0x00000092d9b00000)]
  0x000002398a690800 JavaThread "Build operations" [_thread_blocked, id=12272, stack(0x00000092d9b00000,0x00000092d9c00000)]
  0x000002398a68e800 JavaThread "Build operations Thread 2" [_thread_blocked, id=8652, stack(0x00000092d9c00000,0x00000092d9d00000)]
  0x000002398a68e000 JavaThread "Build operations Thread 3" [_thread_blocked, id=3372, stack(0x00000092d9d00000,0x00000092d9e00000)]
  0x000002398a691000 JavaThread "Build operations Thread 4" [_thread_blocked, id=12448, stack(0x00000092d9e00000,0x00000092d9f00000)]
  0x000002398a692000 JavaThread "Build operations Thread 5" [_thread_blocked, id=2232, stack(0x00000092d9f00000,0x00000092da000000)]
  0x000002398a693000 JavaThread "Build operations Thread 6" [_thread_blocked, id=2608, stack(0x00000092da000000,0x00000092da100000)]
  0x000002398a68d000 JavaThread "Build operations Thread 7" [_thread_blocked, id=2056, stack(0x00000092da100000,0x00000092da200000)]
  0x000002398a693800 JavaThread "Build operations Thread 8" [_thread_blocked, id=10260, stack(0x00000092da200000,0x00000092da300000)]
  0x000002398b4cf800 JavaThread "jar transforms Thread 4" [_thread_blocked, id=13032, stack(0x00000092da300000,0x00000092da400000)]
  0x000002398b4d1000 JavaThread "jar transforms Thread 5" [_thread_blocked, id=12952, stack(0x00000092da400000,0x00000092da500000)]
  0x000002398b4d2000 JavaThread "jar transforms Thread 6" [_thread_blocked, id=13620, stack(0x00000092da500000,0x00000092da600000)]
  0x000002398b4d0800 JavaThread "jar transforms Thread 7" [_thread_blocked, id=13564, stack(0x00000092da600000,0x00000092da700000)]
  0x000002398b4d6000 JavaThread "jar transforms Thread 8" [_thread_blocked, id=12336, stack(0x00000092da700000,0x00000092da800000)]

Other Threads:
  0x00000239ffb5c800 VMThread "VM Thread" [stack: 0x00000092d6c00000,0x00000092d6d00000] [id=13704]
  0x00000239ffd5d000 WatcherThread [stack: 0x00000092d7600000,0x00000092d7700000] [id=12116]
  0x00000239e9737800 GCTaskThread "GC Thread#0" [stack: 0x00000092d6700000,0x00000092d6800000] [id=536]
  0x0000023986ddd000 GCTaskThread "GC Thread#1" [stack: 0x00000092d7800000,0x00000092d7900000] [id=1168]
  0x0000023987cee000 GCTaskThread "GC Thread#2" [stack: 0x00000092d7a00000,0x00000092d7b00000] [id=8872]
  0x000002398894d800 GCTaskThread "GC Thread#3" [stack: 0x00000092d7b00000,0x00000092d7c00000] [id=11440]
  0x0000023987f02800 GCTaskThread "GC Thread#4" [stack: 0x00000092d8600000,0x00000092d8700000] [id=13340]
  0x0000023988d47000 GCTaskThread "GC Thread#5" [stack: 0x00000092d8700000,0x00000092d8800000] [id=8604]
  0x00000239883ba800 GCTaskThread "GC Thread#6" [stack: 0x00000092d8800000,0x00000092d8900000] [id=4776]
  0x0000023987204800 GCTaskThread "GC Thread#7" [stack: 0x00000092d8900000,0x00000092d8a00000] [id=9260]
  0x00000239e9767800 ConcurrentGCThread "G1 Main Marker" [stack: 0x00000092d6800000,0x00000092d6900000] [id=12656]
  0x00000239e9768800 ConcurrentGCThread "G1 Conc#0" [stack: 0x00000092d6900000,0x00000092d6a00000] [id=8952]
  0x0000023987635000 ConcurrentGCThread "G1 Conc#1" [stack: 0x00000092d8a00000,0x00000092d8b00000] [id=12640]
  0x00000239ff9a7800 ConcurrentGCThread "G1 Refine#0" [stack: 0x00000092d6a00000,0x00000092d6b00000] [id=4176]
  0x00000239ff9a8800 ConcurrentGCThread "G1 Young RemSet Sampling" [stack: 0x00000092d6b00000,0x00000092d6c00000] [id=7008]

Threads with active compile tasks:
C2 CompilerThread0   8949 5183       4       groovyjarjarantlr4.v4.runtime.atn.ParserATNSimulator::closure (784 bytes)
C2 CompilerThread1   8950 5227       4       groovyjarjarantlr4.v4.runtime.atn.PredictionContext::join (569 bytes)
C2 CompilerThread2   8950 5347       4       java.util.HashMap::resize (356 bytes)

VM state:not at safepoint (normal execution)

VM Mutex/Monitor currently owned by a thread: None

Heap address: 0x0000000080000000, size: 2048 MB, Compressed Oops mode: 32-bit
Narrow klass base: 0x0000000000000000, Narrow klass shift: 3
Compressed class space size: 1073741824 Address: 0x0000000100000000

Heap:
 garbage-first heap   total 118784K, used 54669K [0x0000000080000000, 0x0000000100000000)
  region size 1024K, 21 young (21504K), 7 survivors (7168K)
 Metaspace       used 50346K, capacity 51675K, committed 51840K, reserved 1093632K
  class space    used 6547K, capacity 7027K, committed 7040K, reserved 1048576K
Heap Regions: E=young(eden), S=young(survivor), O=old, HS=humongous(starts), HC=humongous(continues), CS=collection set, F=free, A=archive, TAMS=top-at-mark-start (previous, next)
|   0|0x0000000080000000, 0x0000000080100000, 0x0000000080100000|100%| O|  |TAMS 0x0000000080100000, 0x0000000080000000| Untracked 
|   1|0x0000000080100000, 0x0000000080200000, 0x0000000080200000|100%| O|  |TAMS 0x0000000080200000, 0x0000000080100000| Untracked 
|   2|0x0000000080200000, 0x0000000080300000, 0x0000000080300000|100%| O|  |TAMS 0x0000000080300000, 0x0000000080200000| Untracked 
|   3|0x0000000080300000, 0x0000000080400000, 0x0000000080400000|100%|HS|  |TAMS 0x0000000080400000, 0x0000000080300000| Complete 
|   4|0x0000000080400000, 0x0000000080500000, 0x0000000080500000|100%|HC|  |TAMS 0x0000000080500000, 0x0000000080400000| Complete 
|   5|0x0000000080500000, 0x0000000080600000, 0x0000000080600000|100%|HC|  |TAMS 0x0000000080600000, 0x0000000080500000| Complete 
|   6|0x0000000080600000, 0x0000000080700000, 0x0000000080700000|100%| O|  |TAMS 0x0000000080700000, 0x0000000080600000| Untracked 
|   7|0x0000000080700000, 0x0000000080800000, 0x0000000080800000|100%| O|  |TAMS 0x0000000080800000, 0x0000000080700000| Untracked 
|   8|0x0000000080800000, 0x0000000080900000, 0x0000000080900000|100%| O|  |TAMS 0x0000000080900000, 0x0000000080800000| Untracked 
|   9|0x0000000080900000, 0x0000000080a00000, 0x0000000080a00000|100%| O|  |TAMS 0x0000000080a00000, 0x0000000080900000| Untracked 
|  10|0x0000000080a00000, 0x0000000080b00000, 0x0000000080b00000|100%| O|  |TAMS 0x0000000080b00000, 0x0000000080a00000| Untracked 
|  11|0x0000000080b00000, 0x0000000080c00000, 0x0000000080c00000|100%| O|  |TAMS 0x0000000080c00000, 0x0000000080b00000| Untracked 
|  12|0x0000000080c00000, 0x0000000080d00000, 0x0000000080d00000|100%| O|  |TAMS 0x0000000080d00000, 0x0000000080c00000| Untracked 
|  13|0x0000000080d00000, 0x0000000080e00000, 0x0000000080e00000|100%| O|  |TAMS 0x0000000080e00000, 0x0000000080d00000| Untracked 
|  14|0x0000000080e00000, 0x0000000080f00000, 0x0000000080f00000|100%| O|  |TAMS 0x0000000080f00000, 0x0000000080e00000| Untracked 
|  15|0x0000000080f00000, 0x0000000081000000, 0x0000000081000000|100%| O|  |TAMS 0x0000000081000000, 0x0000000080f00000| Untracked 
|  16|0x0000000081000000, 0x0000000081100000, 0x0000000081100000|100%| O|  |TAMS 0x0000000081088400, 0x0000000081000000| Untracked 
|  17|0x0000000081100000, 0x0000000081200000, 0x0000000081200000|100%| O|  |TAMS 0x0000000081100000, 0x0000000081100000| Untracked 
|  18|0x0000000081200000, 0x0000000081300000, 0x0000000081300000|100%| O|  |TAMS 0x0000000081200000, 0x0000000081200000| Untracked 
|  19|0x0000000081300000, 0x0000000081400000, 0x0000000081400000|100%| O|  |TAMS 0x0000000081300000, 0x0000000081300000| Untracked 
|  20|0x0000000081400000, 0x0000000081500000, 0x0000000081500000|100%| O|  |TAMS 0x0000000081400000, 0x0000000081400000| Untracked 
|  21|0x0000000081500000, 0x0000000081600000, 0x0000000081600000|100%| O|  |TAMS 0x0000000081500000, 0x0000000081500000| Untracked 
|  22|0x0000000081600000, 0x0000000081700000, 0x0000000081700000|100%| O|  |TAMS 0x0000000081600000, 0x0000000081600000| Untracked 
|  23|0x0000000081700000, 0x0000000081800000, 0x0000000081800000|100%| O|  |TAMS 0x0000000081700000, 0x0000000081700000| Untracked 
|  24|0x0000000081800000, 0x0000000081900000, 0x0000000081900000|100%| O|  |TAMS 0x0000000081800000, 0x0000000081800000| Untracked 
|  25|0x0000000081900000, 0x0000000081a00000, 0x0000000081a00000|100%| O|  |TAMS 0x0000000081900000, 0x0000000081900000| Untracked 
|  26|0x0000000081a00000, 0x0000000081b00000, 0x0000000081b00000|100%|HS|  |TAMS 0x0000000081a00000, 0x0000000081a00000| Complete 
|  27|0x0000000081b00000, 0x0000000081c00000, 0x0000000081c00000|100%|HS|  |TAMS 0x0000000081b00000, 0x0000000081b00000| Complete 
|  28|0x0000000081c00000, 0x0000000081d00000, 0x0000000081d00000|100%|HC|  |TAMS 0x0000000081c00000, 0x0000000081c00000| Complete 
|  29|0x0000000081d00000, 0x0000000081e00000, 0x0000000081e00000|100%| O|  |TAMS 0x0000000081d00000, 0x0000000081d00000| Untracked 
|  30|0x0000000081e00000, 0x0000000081f00000, 0x0000000081f00000|100%| O|  |TAMS 0x0000000081e00000, 0x0000000081e00000| Untracked 
|  31|0x0000000081f00000, 0x0000000082000000, 0x0000000082000000|100%| O|  |TAMS 0x0000000081f00000, 0x0000000081f00000| Untracked 
|  32|0x0000000082000000, 0x0000000082100000, 0x0000000082100000|100%| O|  |TAMS 0x0000000082000000, 0x0000000082000000| Untracked 
|  33|0x0000000082100000, 0x0000000082163400, 0x0000000082200000| 38%| O|  |TAMS 0x0000000082100000, 0x0000000082100000| Untracked 
|  34|0x0000000082200000, 0x0000000082200000, 0x0000000082300000|  0%| F|  |TAMS 0x0000000082200000, 0x0000000082200000| Untracked 
|  35|0x0000000082300000, 0x0000000082300000, 0x0000000082400000|  0%| F|  |TAMS 0x0000000082300000, 0x0000000082300000| Untracked 
|  36|0x0000000082400000, 0x0000000082400000, 0x0000000082500000|  0%| F|  |TAMS 0x0000000082400000, 0x0000000082400000| Untracked 
|  37|0x0000000082500000, 0x0000000082500000, 0x0000000082600000|  0%| F|  |TAMS 0x0000000082500000, 0x0000000082500000| Untracked 
|  38|0x0000000082600000, 0x0000000082600000, 0x0000000082700000|  0%| F|  |TAMS 0x0000000082600000, 0x0000000082600000| Untracked 
|  39|0x0000000082700000, 0x0000000082700000, 0x0000000082800000|  0%| F|  |TAMS 0x0000000082700000, 0x0000000082700000| Untracked 
|  40|0x0000000082800000, 0x0000000082800000, 0x0000000082900000|  0%| F|  |TAMS 0x0000000082800000, 0x0000000082800000| Untracked 
|  41|0x0000000082900000, 0x0000000082900000, 0x0000000082a00000|  0%| F|  |TAMS 0x0000000082900000, 0x0000000082900000| Untracked 
|  42|0x0000000082a00000, 0x0000000082a00000, 0x0000000082b00000|  0%| F|  |TAMS 0x0000000082a00000, 0x0000000082a00000| Untracked 
|  43|0x0000000082b00000, 0x0000000082b00000, 0x0000000082c00000|  0%| F|  |TAMS 0x0000000082b00000, 0x0000000082b00000| Untracked 
|  44|0x0000000082c00000, 0x0000000082c00000, 0x0000000082d00000|  0%| F|  |TAMS 0x0000000082c00000, 0x0000000082c00000| Untracked 
|  45|0x0000000082d00000, 0x0000000082d00000, 0x0000000082e00000|  0%| F|  |TAMS 0x0000000082d00000, 0x0000000082d00000| Untracked 
|  46|0x0000000082e00000, 0x0000000082e00000, 0x0000000082f00000|  0%| F|  |TAMS 0x0000000082e00000, 0x0000000082e00000| Untracked 
|  47|0x0000000082f00000, 0x0000000082f00000, 0x0000000083000000|  0%| F|  |TAMS 0x0000000082f00000, 0x0000000082f00000| Untracked 
|  48|0x0000000083000000, 0x0000000083000000, 0x0000000083100000|  0%| F|  |TAMS 0x0000000083000000, 0x0000000083000000| Untracked 
|  49|0x0000000083100000, 0x0000000083100000, 0x0000000083200000|  0%| F|  |TAMS 0x0000000083100000, 0x0000000083100000| Untracked 
|  50|0x0000000083200000, 0x0000000083200000, 0x0000000083300000|  0%| F|  |TAMS 0x0000000083200000, 0x0000000083200000| Untracked 
|  51|0x0000000083300000, 0x0000000083300000, 0x0000000083400000|  0%| F|  |TAMS 0x0000000083300000, 0x0000000083300000| Untracked 
|  52|0x0000000083400000, 0x0000000083400000, 0x0000000083500000|  0%| F|  |TAMS 0x0000000083400000, 0x0000000083400000| Untracked 
|  53|0x0000000083500000, 0x0000000083600000, 0x0000000083600000|100%| S|CS|TAMS 0x0000000083500000, 0x0000000083500000| Complete 
|  54|0x0000000083600000, 0x0000000083700000, 0x0000000083700000|100%| S|CS|TAMS 0x0000000083600000, 0x0000000083600000| Complete 
|  55|0x0000000083700000, 0x0000000083700000, 0x0000000083800000|  0%| F|  |TAMS 0x0000000083700000, 0x0000000083700000| Untracked 
|  56|0x0000000083800000, 0x0000000083800000, 0x0000000083900000|  0%| F|  |TAMS 0x0000000083800000, 0x0000000083800000| Untracked 
|  57|0x0000000083900000, 0x0000000083900000, 0x0000000083a00000|  0%| F|  |TAMS 0x0000000083900000, 0x0000000083900000| Untracked 
|  58|0x0000000083a00000, 0x0000000083a00000, 0x0000000083b00000|  0%| F|  |TAMS 0x0000000083a00000, 0x0000000083a00000| Untracked 
|  59|0x0000000083b00000, 0x0000000083b00000, 0x0000000083c00000|  0%| F|  |TAMS 0x0000000083b00000, 0x0000000083b00000| Untracked 
|  60|0x0000000083c00000, 0x0000000083c00000, 0x0000000083d00000|  0%| F|  |TAMS 0x0000000083c00000, 0x0000000083c00000| Untracked 
|  61|0x0000000083d00000, 0x0000000083e00000, 0x0000000083e00000|100%| S|CS|TAMS 0x0000000083d00000, 0x0000000083d00000| Complete 
|  62|0x0000000083e00000, 0x0000000083f00000, 0x0000000083f00000|100%| S|CS|TAMS 0x0000000083e00000, 0x0000000083e00000| Complete 
|  63|0x0000000083f00000, 0x0000000084000000, 0x0000000084000000|100%| S|CS|TAMS 0x0000000083f00000, 0x0000000083f00000| Complete 
|  64|0x0000000084000000, 0x0000000084100000, 0x0000000084100000|100%| S|CS|TAMS 0x0000000084000000, 0x0000000084000000| Complete 
|  65|0x0000000084100000, 0x0000000084200000, 0x0000000084200000|100%| S|CS|TAMS 0x0000000084100000, 0x0000000084100000| Complete 
|  66|0x0000000084200000, 0x0000000084200000, 0x0000000084300000|  0%| F|  |TAMS 0x0000000084200000, 0x0000000084200000| Untracked 
|  67|0x0000000084300000, 0x0000000084300000, 0x0000000084400000|  0%| F|  |TAMS 0x0000000084300000, 0x0000000084300000| Untracked 
|  68|0x0000000084400000, 0x0000000084400000, 0x0000000084500000|  0%| F|  |TAMS 0x0000000084400000, 0x0000000084400000| Untracked 
|  69|0x0000000084500000, 0x0000000084500000, 0x0000000084600000|  0%| F|  |TAMS 0x0000000084500000, 0x0000000084500000| Untracked 
|  70|0x0000000084600000, 0x0000000084600000, 0x0000000084700000|  0%| F|  |TAMS 0x0000000084600000, 0x0000000084600000| Untracked 
|  71|0x0000000084700000, 0x0000000084700000, 0x0000000084800000|  0%| F|  |TAMS 0x0000000084700000, 0x0000000084700000| Untracked 
|  72|0x0000000084800000, 0x0000000084800000, 0x0000000084900000|  0%| F|  |TAMS 0x0000000084800000, 0x0000000084800000| Untracked 
|  73|0x0000000084900000, 0x0000000084900000, 0x0000000084a00000|  0%| F|  |TAMS 0x0000000084900000, 0x0000000084900000| Untracked 
|  74|0x0000000084a00000, 0x0000000084a00000, 0x0000000084b00000|  0%| F|  |TAMS 0x0000000084a00000, 0x0000000084a00000| Untracked 
|  75|0x0000000084b00000, 0x0000000084b00000, 0x0000000084c00000|  0%| F|  |TAMS 0x0000000084b00000, 0x0000000084b00000| Untracked 
|  76|0x0000000084c00000, 0x0000000084c00000, 0x0000000084d00000|  0%| F|  |TAMS 0x0000000084c00000, 0x0000000084c00000| Untracked 
|  77|0x0000000084d00000, 0x0000000084d00000, 0x0000000084e00000|  0%| F|  |TAMS 0x0000000084d00000, 0x0000000084d00000| Untracked 
|  78|0x0000000084e00000, 0x0000000084e00000, 0x0000000084f00000|  0%| F|  |TAMS 0x0000000084e00000, 0x0000000084e00000| Untracked 
|  79|0x0000000084f00000, 0x0000000084f00000, 0x0000000085000000|  0%| F|  |TAMS 0x0000000084f00000, 0x0000000084f00000| Untracked 
|  80|0x0000000085000000, 0x0000000085000000, 0x0000000085100000|  0%| F|  |TAMS 0x0000000085000000, 0x0000000085000000| Untracked 
|  81|0x0000000085100000, 0x0000000085100000, 0x0000000085200000|  0%| F|  |TAMS 0x0000000085100000, 0x0000000085100000| Untracked 
|  82|0x0000000085200000, 0x0000000085200000, 0x0000000085300000|  0%| F|  |TAMS 0x0000000085200000, 0x0000000085200000| Untracked 
|  83|0x0000000085300000, 0x0000000085300000, 0x0000000085400000|  0%| F|  |TAMS 0x0000000085300000, 0x0000000085300000| Untracked 
|  84|0x0000000085400000, 0x0000000085400000, 0x0000000085500000|  0%| F|  |TAMS 0x0000000085400000, 0x0000000085400000| Untracked 
|  85|0x0000000085500000, 0x0000000085500000, 0x0000000085600000|  0%| F|  |TAMS 0x0000000085500000, 0x0000000085500000| Untracked 
|  86|0x0000000085600000, 0x0000000085600000, 0x0000000085700000|  0%| F|  |TAMS 0x0000000085600000, 0x0000000085600000| Untracked 
|  87|0x0000000085700000, 0x0000000085700000, 0x0000000085800000|  0%| F|  |TAMS 0x0000000085700000, 0x0000000085700000| Untracked 
|  88|0x0000000085800000, 0x0000000085800000, 0x0000000085900000|  0%| F|  |TAMS 0x0000000085800000, 0x0000000085800000| Untracked 
|  89|0x0000000085900000, 0x0000000085900000, 0x0000000085a00000|  0%| F|  |TAMS 0x0000000085900000, 0x0000000085900000| Untracked 
|  90|0x0000000085a00000, 0x0000000085a00000, 0x0000000085b00000|  0%| F|  |TAMS 0x0000000085a00000, 0x0000000085a00000| Untracked 
|  91|0x0000000085b00000, 0x0000000085b00000, 0x0000000085c00000|  0%| F|  |TAMS 0x0000000085b00000, 0x0000000085b00000| Untracked 
|  92|0x0000000085c00000, 0x0000000085c00000, 0x0000000085d00000|  0%| F|  |TAMS 0x0000000085c00000, 0x0000000085c00000| Untracked 
|  93|0x0000000085d00000, 0x0000000085d00000, 0x0000000085e00000|  0%| F|  |TAMS 0x0000000085d00000, 0x0000000085d00000| Untracked 
|  94|0x0000000085e00000, 0x0000000085e00000, 0x0000000085f00000|  0%| F|  |TAMS 0x0000000085e00000, 0x0000000085e00000| Untracked 
|  95|0x0000000085f00000, 0x0000000085f00000, 0x0000000086000000|  0%| F|  |TAMS 0x0000000085f00000, 0x0000000085f00000| Untracked 
|  96|0x0000000086000000, 0x0000000086000000, 0x0000000086100000|  0%| F|  |TAMS 0x0000000086000000, 0x0000000086000000| Untracked 
|  97|0x0000000086100000, 0x0000000086100000, 0x0000000086200000|  0%| F|  |TAMS 0x0000000086100000, 0x0000000086100000| Untracked 
|  98|0x0000000086200000, 0x0000000086200000, 0x0000000086300000|  0%| F|  |TAMS 0x0000000086200000, 0x0000000086200000| Untracked 
|  99|0x0000000086300000, 0x0000000086300000, 0x0000000086400000|  0%| F|  |TAMS 0x0000000086300000, 0x0000000086300000| Untracked 
| 100|0x0000000086400000, 0x0000000086400000, 0x0000000086500000|  0%| F|  |TAMS 0x0000000086400000, 0x0000000086400000| Untracked 
| 101|0x0000000086500000, 0x0000000086500000, 0x0000000086600000|  0%| F|  |TAMS 0x0000000086500000, 0x0000000086500000| Untracked 
| 102|0x0000000086600000, 0x0000000086700000, 0x0000000086700000|100%| E|  |TAMS 0x0000000086600000, 0x0000000086600000| Complete 
| 103|0x0000000086700000, 0x0000000086800000, 0x0000000086800000|100%| E|CS|TAMS 0x0000000086700000, 0x0000000086700000| Complete 
| 104|0x0000000086800000, 0x0000000086900000, 0x0000000086900000|100%| E|CS|TAMS 0x0000000086800000, 0x0000000086800000| Complete 
| 105|0x0000000086900000, 0x0000000086a00000, 0x0000000086a00000|100%| E|CS|TAMS 0x0000000086900000, 0x0000000086900000| Complete 
| 106|0x0000000086a00000, 0x0000000086b00000, 0x0000000086b00000|100%| E|CS|TAMS 0x0000000086a00000, 0x0000000086a00000| Complete 
| 107|0x0000000086b00000, 0x0000000086c00000, 0x0000000086c00000|100%| E|CS|TAMS 0x0000000086b00000, 0x0000000086b00000| Complete 
| 108|0x0000000086c00000, 0x0000000086d00000, 0x0000000086d00000|100%| E|CS|TAMS 0x0000000086c00000, 0x0000000086c00000| Complete 
| 109|0x0000000086d00000, 0x0000000086e00000, 0x0000000086e00000|100%| E|CS|TAMS 0x0000000086d00000, 0x0000000086d00000| Complete 
| 110|0x0000000086e00000, 0x0000000086f00000, 0x0000000086f00000|100%| E|CS|TAMS 0x0000000086e00000, 0x0000000086e00000| Complete 
| 111|0x0000000086f00000, 0x0000000087000000, 0x0000000087000000|100%| E|CS|TAMS 0x0000000086f00000, 0x0000000086f00000| Complete 
| 112|0x0000000087000000, 0x0000000087100000, 0x0000000087100000|100%| E|CS|TAMS 0x0000000087000000, 0x0000000087000000| Complete 
| 113|0x0000000087100000, 0x0000000087200000, 0x0000000087200000|100%| E|CS|TAMS 0x0000000087100000, 0x0000000087100000| Complete 
| 114|0x0000000087200000, 0x0000000087300000, 0x0000000087300000|100%| E|CS|TAMS 0x0000000087200000, 0x0000000087200000| Complete 
| 115|0x0000000087300000, 0x0000000087400000, 0x0000000087400000|100%| E|CS|TAMS 0x0000000087300000, 0x0000000087300000| Complete 

Card table byte_map: [0x00000239fe870000,0x00000239fec70000] _byte_map_base: 0x00000239fe470000

Marking Bits (Prev, Next): (CMBitMap*) 0x00000239e975e8f8, (CMBitMap*) 0x00000239e975e930
 Prev Bits: [0x0000023980000000, 0x0000023982000000)
 Next Bits: [0x0000023982000000, 0x0000023984000000)

Polling page: 0x00000239e95e0000

Metaspace:

Usage:
  Non-class:     43.66 MB capacity,    42.78 MB ( 98%) used,   774.13 KB (  2%) free+waste,   130.50 KB ( <1%) overhead. 
      Class:      6.86 MB capacity,     6.39 MB ( 93%) used,   417.02 KB (  6%) free+waste,    62.38 KB ( <1%) overhead. 
       Both:     50.53 MB capacity,    49.17 MB ( 97%) used,     1.16 MB (  2%) free+waste,   192.88 KB ( <1%) overhead. 

Virtual space:
  Non-class space:       44.00 MB reserved,      43.75 MB (>99%) committed 
      Class space:        1.00 GB reserved,       6.88 MB ( <1%) committed 
             Both:        1.04 GB reserved,      50.63 MB (  5%) committed 

Chunk freelists:
   Non-Class:  24.00 KB
       Class:  13.00 KB
        Both:  37.00 KB

MaxMetaspaceSize: 17179869184.00 GB
CompressedClassSpaceSize: 1.00 GB

CodeHeap 'non-profiled nmethods': size=120000Kb used=3009Kb max_used=3009Kb free=116990Kb
 bounds [0x00000239f64d0000, 0x00000239f67d0000, 0x00000239fda00000]
CodeHeap 'profiled nmethods': size=120000Kb used=10657Kb max_used=10657Kb free=109342Kb
 bounds [0x00000239eefa0000, 0x00000239efa10000, 0x00000239f64d0000]
CodeHeap 'non-nmethods': size=5760Kb used=2224Kb max_used=2291Kb free=3535Kb
 bounds [0x00000239eea00000, 0x00000239eec70000, 0x00000239eefa0000]
 total_blobs=6137 nmethods=5339 adapters=709
 compilation: enabled
              stopped_count=0, restarted_count=0
 full_count=0

Compilation events (20 events):
Event: 8.885 Thread 0x00000239ffb74000 nmethod 5337 0x00000239ef9f1110 code [0x00000239ef9f12c0, 0x00000239ef9f13d8]
Event: 8.885 Thread 0x00000239ffb74000 5336       1       groovyjarjarantlr4.v4.runtime.BufferedTokenStream::index (5 bytes)
Event: 8.886 Thread 0x00000239ffb74000 nmethod 5336 0x00000239f67b8610 code [0x00000239f67b87c0, 0x00000239f67b8878]
Event: 8.886 Thread 0x00000239ffb74000 5338       1       groovyjarjarantlr4.v4.runtime.Recognizer::getState (5 bytes)
Event: 8.886 Thread 0x00000239ffb74000 nmethod 5338 0x00000239f67b8910 code [0x00000239f67b8ac0, 0x00000239f67b8b78]
Event: 8.886 Thread 0x00000239ffb74000 5339       2       groovyjarjarantlr4.v4.runtime.dfa.DFA::isEmpty (81 bytes)
Event: 8.886 Thread 0x00000239ffb74000 nmethod 5339 0x00000239ef9f1490 code [0x00000239ef9f1680, 0x00000239ef9f1938]
Event: 8.886 Thread 0x00000239ffb74000 5341       2       groovyjarjarantlr4.v4.runtime.BufferedTokenStream::nextTokenOnChannel (85 bytes)
Event: 8.887 Thread 0x00000239ffb74000 nmethod 5341 0x00000239ef9f1b10 code [0x00000239ef9f1d20, 0x00000239ef9f20f8]
Event: 8.887 Thread 0x00000239ffb74000 5340       2       groovyjarjarantlr4.v4.runtime.ParserRuleContext::addAnyChild (64 bytes)
Event: 8.887 Thread 0x00000239ffb74000 nmethod 5340 0x00000239ef9f2310 code [0x00000239ef9f24e0, 0x00000239ef9f2748]
Event: 8.887 Thread 0x00000239ffb74000 5342       1       groovyjarjarantlr4.v4.runtime.BufferedTokenStream::mark (2 bytes)
Event: 8.887 Thread 0x00000239ffb74000 nmethod 5342 0x00000239f67b8c10 code [0x00000239f67b8dc0, 0x00000239f67b8e78]
Event: 8.892 Thread 0x00000239ffb74000 5344       2       java.util.HashMap$TreeNode::balanceInsertion (245 bytes)
Event: 8.893 Thread 0x00000239ffb74000 nmethod 5344 0x00000239ef9f2810 code [0x00000239ef9f2a40, 0x00000239ef9f3058]
Event: 8.893 Thread 0x00000239ffb74000 5345       2       groovyjarjarantlr4.v4.runtime.atn.ArrayPredictionContext::hasEmpty (23 bytes)
Event: 8.893 Thread 0x00000239ffb74000 nmethod 5345 0x00000239ef9f3490 code [0x00000239ef9f3640, 0x00000239ef9f3778]
Event: 8.903 Thread 0x00000239ffb74000 5349       2       groovyjarjarantlr4.v4.runtime.atn.ParserATNSimulator::adaptivePredict (9 bytes)
Event: 8.903 Thread 0x00000239ffb74000 nmethod 5349 0x00000239ef9f3890 code [0x00000239ef9f3a40, 0x00000239ef9f3b48]
Event: 8.903 Thread 0x00000239ffb74000 5350   !   2       groovyjarjarantlr4.v4.runtime.atn.ParserATNSimulator::adaptivePredict (341 bytes)

GC Heap History (20 events):
Event: 0.927 GC heap before
{Heap before GC invocations=0 (full 0):
 garbage-first heap   total 98304K, used 29696K [0x0000000080000000, 0x0000000100000000)
  region size 1024K, 24 young (24576K), 0 survivors (0K)
 Metaspace       used 9803K, capacity 9986K, committed 10112K, reserved 1058816K
  class space    used 1021K, capacity 1102K, committed 1152K, reserved 1048576K
}
Event: 0.935 GC heap after
{Heap after GC invocations=1 (full 0):
 garbage-first heap   total 98304K, used 9111K [0x0000000080000000, 0x0000000100000000)
  region size 1024K, 3 young (3072K), 3 survivors (3072K)
 Metaspace       used 9803K, capacity 9986K, committed 10112K, reserved 1058816K
  class space    used 1021K, capacity 1102K, committed 1152K, reserved 1048576K
}
Event: 1.803 GC heap before
{Heap before GC invocations=1 (full 0):
 garbage-first heap   total 98304K, used 64407K [0x0000000080000000, 0x0000000100000000)
  region size 1024K, 57 young (58368K), 3 survivors (3072K)
 Metaspace       used 13831K, capacity 14221K, committed 14336K, reserved 1062912K
  class space    used 1553K, capacity 1684K, committed 1792K, reserved 1048576K
}
Event: 1.810 GC heap after
{Heap after GC invocations=2 (full 0):
 garbage-first heap   total 98304K, used 14859K [0x0000000080000000, 0x0000000100000000)
  region size 1024K, 8 young (8192K), 8 survivors (8192K)
 Metaspace       used 13831K, capacity 14221K, committed 14336K, reserved 1062912K
  class space    used 1553K, capacity 1684K, committed 1792K, reserved 1048576K
}
Event: 3.369 GC heap before
{Heap before GC invocations=2 (full 0):
 garbage-first heap   total 98304K, used 54795K [0x0000000080000000, 0x0000000100000000)
  region size 1024K, 48 young (49152K), 8 survivors (8192K)
 Metaspace       used 20600K, capacity 21140K, committed 21248K, reserved 1067008K
  class space    used 2527K, capacity 2728K, committed 2816K, reserved 1048576K
}
Event: 3.379 GC heap after
{Heap after GC invocations=3 (full 0):
 garbage-first heap   total 98304K, used 17254K [0x0000000080000000, 0x0000000100000000)
  region size 1024K, 2 young (2048K), 2 survivors (2048K)
 Metaspace       used 20600K, capacity 21140K, committed 21248K, reserved 1067008K
  class space    used 2527K, capacity 2728K, committed 2816K, reserved 1048576K
}
Event: 4.120 GC heap before
{Heap before GC invocations=4 (full 0):
 garbage-first heap   total 98304K, used 63334K [0x0000000080000000, 0x0000000100000000)
  region size 1024K, 47 young (48128K), 2 survivors (2048K)
 Metaspace       used 25292K, capacity 25900K, committed 26112K, reserved 1071104K
  class space    used 3305K, capacity 3532K, committed 3584K, reserved 1048576K
}
Event: 4.124 GC heap after
{Heap after GC invocations=5 (full 0):
 garbage-first heap   total 98304K, used 18792K [0x0000000080000000, 0x0000000100000000)
  region size 1024K, 4 young (4096K), 4 survivors (4096K)
 Metaspace       used 25292K, capacity 25900K, committed 26112K, reserved 1071104K
  class space    used 3305K, capacity 3532K, committed 3584K, reserved 1048576K
}
Event: 4.848 GC heap before
{Heap before GC invocations=5 (full 0):
 garbage-first heap   total 98304K, used 66920K [0x0000000080000000, 0x0000000100000000)
  region size 1024K, 51 young (52224K), 4 survivors (4096K)
 Metaspace       used 30181K, capacity 30897K, committed 30976K, reserved 1075200K
  class space    used 4054K, capacity 4304K, committed 4352K, reserved 1048576K
}
Event: 4.853 GC heap after
{Heap after GC invocations=6 (full 0):
 garbage-first heap   total 98304K, used 20408K [0x0000000080000000, 0x0000000100000000)
  region size 1024K, 5 young (5120K), 5 survivors (5120K)
 Metaspace       used 30181K, capacity 30897K, committed 30976K, reserved 1075200K
  class space    used 4054K, capacity 4304K, committed 4352K, reserved 1048576K
}
Event: 5.301 GC heap before
{Heap before GC invocations=6 (full 0):
 garbage-first heap   total 98304K, used 34744K [0x0000000080000000, 0x0000000100000000)
  region size 1024K, 20 young (20480K), 5 survivors (5120K)
 Metaspace       used 35034K, capacity 35798K, committed 35840K, reserved 1081344K
  class space    used 4544K, capacity 4832K, committed 4864K, reserved 1048576K
}
Event: 5.312 GC heap after
{Heap after GC invocations=7 (full 0):
 garbage-first heap   total 98304K, used 22702K [0x0000000080000000, 0x0000000100000000)
  region size 1024K, 6 young (6144K), 6 survivors (6144K)
 Metaspace       used 35034K, capacity 35798K, committed 35840K, reserved 1081344K
  class space    used 4544K, capacity 4832K, committed 4864K, reserved 1048576K
}
Event: 5.871 GC heap before
{Heap before GC invocations=8 (full 0):
 garbage-first heap   total 98304K, used 63662K [0x0000000080000000, 0x0000000100000000)
  region size 1024K, 44 young (45056K), 6 survivors (6144K)
 Metaspace       used 38148K, capacity 39065K, committed 39296K, reserved 1083392K
  class space    used 4880K, capacity 5212K, committed 5248K, reserved 1048576K
}
Event: 5.880 GC heap after
{Heap after GC invocations=9 (full 0):
 garbage-first heap   total 118784K, used 26128K [0x0000000080000000, 0x0000000100000000)
  region size 1024K, 6 young (6144K), 6 survivors (6144K)
 Metaspace       used 38148K, capacity 39065K, committed 39296K, reserved 1083392K
  class space    used 4880K, capacity 5212K, committed 5248K, reserved 1048576K
}
Event: 6.721 GC heap before
{Heap before GC invocations=9 (full 0):
 garbage-first heap   total 118784K, used 75280K [0x0000000080000000, 0x0000000100000000)
  region size 1024K, 54 young (55296K), 6 survivors (6144K)
 Metaspace       used 42376K, capacity 43369K, committed 43392K, reserved 1087488K
  class space    used 5388K, capacity 5744K, committed 5760K, reserved 1048576K
}
Event: 6.726 GC heap after
{Heap after GC invocations=10 (full 0):
 garbage-first heap   total 118784K, used 28459K [0x0000000080000000, 0x0000000100000000)
  region size 1024K, 6 young (6144K), 6 survivors (6144K)
 Metaspace       used 42376K, capacity 43369K, committed 43392K, reserved 1087488K
  class space    used 5388K, capacity 5744K, committed 5760K, reserved 1048576K
}
Event: 7.724 GC heap before
{Heap before GC invocations=10 (full 0):
 garbage-first heap   total 118784K, used 78635K [0x0000000080000000, 0x0000000100000000)
  region size 1024K, 55 young (56320K), 6 survivors (6144K)
 Metaspace       used 46118K, capacity 47355K, committed 47616K, reserved 1091584K
  class space    used 5913K, capacity 6349K, committed 6400K, reserved 1048576K
}
Event: 7.731 GC heap after
{Heap after GC invocations=11 (full 0):
 garbage-first heap   total 118784K, used 30902K [0x0000000080000000, 0x0000000100000000)
  region size 1024K, 6 young (6144K), 6 survivors (6144K)
 Metaspace       used 46118K, capacity 47355K, committed 47616K, reserved 1091584K
  class space    used 5913K, capacity 6349K, committed 6400K, reserved 1048576K
}
Event: 8.804 GC heap before
{Heap before GC invocations=11 (full 0):
 garbage-first heap   total 118784K, used 84150K [0x0000000080000000, 0x0000000100000000)
  region size 1024K, 56 young (57344K), 6 survivors (6144K)
 Metaspace       used 50256K, capacity 51547K, committed 51584K, reserved 1093632K
  class space    used 6547K, capacity 7027K, committed 7040K, reserved 1048576K
}
Event: 8.812 GC heap after
{Heap after GC invocations=12 (full 0):
 garbage-first heap   total 118784K, used 41357K [0x0000000080000000, 0x0000000100000000)
  region size 1024K, 7 young (7168K), 7 survivors (7168K)
 Metaspace       used 50256K, capacity 51547K, committed 51584K, reserved 1093632K
  class space    used 6547K, capacity 7027K, committed 7040K, reserved 1048576K
}

Deoptimization events (20 events):
Event: 8.766 Thread 0x0000023988a51800 Uncommon trap: trap_request=0xffffff4d fr.pc=0x00000239f67692f8 relative=0x00000000000006f8
Event: 8.766 Thread 0x0000023988a51800 Uncommon trap: reason=unstable_if action=reinterpret pc=0x00000239f67692f8 method=java.util.HashMap.putVal(ILjava/lang/Object;Ljava/lang/Object;ZZ)Ljava/lang/Object; @ 109 c2
Event: 8.766 Thread 0x0000023988a51800 DEOPT PACKING pc=0x00000239f67692f8 sp=0x00000092d80f6390
Event: 8.766 Thread 0x0000023988a51800 DEOPT UNPACKING pc=0x00000239eea278af sp=0x00000092d80f62a8 mode 2
Event: 8.766 Thread 0x0000023988a51800 Uncommon trap: trap_request=0xffffff4d fr.pc=0x00000239f65d91e8 relative=0x00000000000001a8
Event: 8.766 Thread 0x0000023988a51800 Uncommon trap: reason=unstable_if action=reinterpret pc=0x00000239f65d91e8 method=java.util.HashMap.getNode(ILjava/lang/Object;)Ljava/util/HashMap$Node; @ 84 c2
Event: 8.766 Thread 0x0000023988a51800 DEOPT PACKING pc=0x00000239f65d91e8 sp=0x00000092d80f61c0
Event: 8.766 Thread 0x0000023988a51800 DEOPT UNPACKING pc=0x00000239eea278af sp=0x00000092d80f6148 mode 2
Event: 8.766 Thread 0x0000023988a51800 Uncommon trap: trap_request=0xffffff4d fr.pc=0x00000239f6635a64 relative=0x0000000000000664
Event: 8.766 Thread 0x0000023988a51800 Uncommon trap: reason=unstable_if action=reinterpret pc=0x00000239f6635a64 method=java.util.HashMap.putVal(ILjava/lang/Object;Ljava/lang/Object;ZZ)Ljava/lang/Object; @ 109 c2
Event: 8.766 Thread 0x0000023988a51800 DEOPT PACKING pc=0x00000239f6635a64 sp=0x00000092d80f6170
Event: 8.766 Thread 0x0000023988a51800 DEOPT UNPACKING pc=0x00000239eea278af sp=0x00000092d80f6128 mode 2
Event: 8.767 Thread 0x0000023988a51800 Uncommon trap: trap_request=0xffffff4d fr.pc=0x00000239f653ccfc relative=0x0000000000000a1c
Event: 8.767 Thread 0x0000023988a51800 Uncommon trap: reason=unstable_if action=reinterpret pc=0x00000239f653ccfc method=java.util.HashMap.resize()[Ljava/util/HashMap$Node; @ 203 c2
Event: 8.768 Thread 0x0000023988a51800 DEOPT PACKING pc=0x00000239f653ccfc sp=0x00000092d80f7ef0
Event: 8.768 Thread 0x0000023988a51800 DEOPT UNPACKING pc=0x00000239eea278af sp=0x00000092d80f7e98 mode 2
Event: 8.797 Thread 0x0000023988a51800 Uncommon trap: trap_request=0xffffff4d fr.pc=0x00000239f6634d9c relative=0x000000000000007c
Event: 8.797 Thread 0x0000023988a51800 Uncommon trap: reason=unstable_if action=reinterpret pc=0x00000239f6634d9c method=java.lang.String.codePointAt(I)I @ 4 c2
Event: 8.797 Thread 0x0000023988a51800 DEOPT PACKING pc=0x00000239f6634d9c sp=0x00000092d80f7880
Event: 8.797 Thread 0x0000023988a51800 DEOPT UNPACKING pc=0x00000239eea278af sp=0x00000092d80f7818 mode 2

Classes redefined (0 events):
No events

Internal exceptions (20 events):
Event: 8.433 Thread 0x0000023988a51800 Exception <a 'java/lang/ClassNotFoundException'{0x00000000858a64d0}: org/gradle/api/tasks/Delete_DecoratedBeanInfo> (0x00000000858a64d0) thrown at [./src/hotspot/share/classfile/systemDictionary.cpp, line 231]
Event: 8.434 Thread 0x0000023988a51800 Exception <a 'java/lang/ClassNotFoundException'{0x00000000858cd9a0}: org/gradle/api/tasks/DeleteBeanInfo> (0x00000000858cd9a0) thrown at [./src/hotspot/share/classfile/systemDictionary.cpp, line 231]
Event: 8.434 Thread 0x0000023988a51800 Exception <a 'java/lang/ClassNotFoundException'{0x00000000858f7ad0}: org/gradle/api/internal/ConventionTaskBeanInfo> (0x00000000858f7ad0) thrown at [./src/hotspot/share/classfile/systemDictionary.cpp, line 231]
Event: 8.435 Thread 0x0000023988a51800 Exception <a 'java/lang/ClassNotFoundException'{0x000000008571e7a8}: org/gradle/api/DefaultTaskBeanInfo> (0x000000008571e7a8) thrown at [./src/hotspot/share/classfile/systemDictionary.cpp, line 231]
Event: 8.436 Thread 0x0000023988a51800 Exception <a 'java/lang/ClassNotFoundException'{0x0000000085749580}: org/gradle/api/internal/AbstractTaskBeanInfo> (0x0000000085749580) thrown at [./src/hotspot/share/classfile/systemDictionary.cpp, line 231]
Event: 8.436 Thread 0x0000023988a51800 Exception <a 'java/lang/ClassNotFoundException'{0x0000000085774128}: org/gradle/api/internal/AbstractTaskCustomizer> (0x0000000085774128) thrown at [./src/hotspot/share/classfile/systemDictionary.cpp, line 231]
Event: 8.439 Thread 0x0000023988a51800 Exception <a 'java/lang/ClassNotFoundException'{0x00000000857e3748}: org/gradle/api/DefaultTaskCustomizer> (0x00000000857e3748) thrown at [./src/hotspot/share/classfile/systemDictionary.cpp, line 231]
Event: 8.444 Thread 0x0000023988a51800 Exception <a 'java/lang/ClassNotFoundException'{0x0000000085662738}: org/gradle/api/internal/ConventionTaskCustomizer> (0x0000000085662738) thrown at [./src/hotspot/share/classfile/systemDictionary.cpp, line 231]
Event: 8.445 Thread 0x0000023988a51800 Exception <a 'java/lang/ClassNotFoundException'{0x00000000856989a0}: org/gradle/api/tasks/DeleteCustomizer> (0x00000000856989a0) thrown at [./src/hotspot/share/classfile/systemDictionary.cpp, line 231]
Event: 8.447 Thread 0x0000023988a51800 Exception <a 'java/lang/ClassNotFoundException'{0x00000000856d5be0}: org/gradle/api/tasks/Delete_DecoratedCustomizer> (0x00000000856d5be0) thrown at [./src/hotspot/share/classfile/systemDictionary.cpp, line 231]
Event: 8.466 Thread 0x0000023988a51800 Exception <a 'java/lang/NoSuchMethodError'{0x00000000855e9248}: 'long java.lang.invoke.DirectMethodHandle$Holder.invokeVirtual(java.lang.Object, java.lang.Object)'> (0x00000000855e9248) thrown at [./src/hotspot/share/interpreter/linkResolver.cpp, line 773]
Event: 8.470 Thread 0x0000023988732800 Exception <a 'java/lang/NoSuchMethodError'{0x0000000085480da8}: <clinit>> (0x0000000085480da8) thrown at [./src/hotspot/share/prims/jni.cpp, line 1362]
Event: 8.473 Thread 0x0000023988732800 Exception <a 'java/lang/NoSuchMethodError'{0x00000000854a0df0}: <clinit>> (0x00000000854a0df0) thrown at [./src/hotspot/share/prims/jni.cpp, line 1362]
Event: 8.474 Thread 0x0000023988732800 Exception <a 'java/lang/NoSuchMethodError'{0x00000000854a1f00}: <clinit>> (0x00000000854a1f00) thrown at [./src/hotspot/share/prims/jni.cpp, line 1362]
Event: 8.474 Thread 0x0000023988732800 Exception <a 'java/lang/NoSuchMethodError'{0x00000000854a3208}: <clinit>> (0x00000000854a3208) thrown at [./src/hotspot/share/prims/jni.cpp, line 1362]
Event: 8.474 Thread 0x0000023988732800 Exception <a 'java/lang/NoSuchMethodError'{0x00000000854a4228}: <clinit>> (0x00000000854a4228) thrown at [./src/hotspot/share/prims/jni.cpp, line 1362]
Event: 8.475 Thread 0x0000023988732800 Exception <a 'java/lang/NoSuchMethodError'{0x00000000854ae0b8}: <clinit>> (0x00000000854ae0b8) thrown at [./src/hotspot/share/prims/jni.cpp, line 1362]
Event: 8.476 Thread 0x0000023988732800 Exception <a 'java/lang/NoSuchMethodError'{0x00000000854b87e0}: <clinit>> (0x00000000854b87e0) thrown at [./src/hotspot/share/prims/jni.cpp, line 1362]
Event: 8.479 Thread 0x0000023988732800 Exception <a 'java/lang/NoSuchMethodError'{0x00000000854cc5a8}: <clinit>> (0x00000000854cc5a8) thrown at [./src/hotspot/share/prims/jni.cpp, line 1362]
Event: 8.508 Thread 0x0000023988a51800 Exception <a 'java/lang/NoSuchMethodError'{0x00000000853a9380}: 'void java.lang.invoke.DirectMethodHandle$Holder.invokeVirtual(java.lang.Object, java.lang.Object)'> (0x00000000853a9380) thrown at [./src/hotspot/share/interpreter/linkResolver.cpp, line 773]

Events (20 events):
Event: 8.749 loading class org/apache/groovy/parser/antlr4/GroovyLexer$Paren
Event: 8.749 loading class org/apache/groovy/parser/antlr4/GroovyLexer$Paren done
Event: 8.753 loading class groovyjarjarantlr4/v4/runtime/tree/TerminalNodeImpl
Event: 8.753 loading class groovyjarjarantlr4/v4/runtime/tree/TerminalNodeImpl done
Event: 8.774 loading class groovyjarjarantlr4/v4/runtime/atn/ConflictInfo
Event: 8.774 loading class groovyjarjarantlr4/v4/runtime/atn/ConflictInfo done
Event: 8.795 loading class groovyjarjarantlr4/v4/runtime/dfa/DFAState$PredPrediction
Event: 8.795 loading class groovyjarjarantlr4/v4/runtime/dfa/DFAState$PredPrediction done
Event: 8.796 loading class org/apache/groovy/parser/antlr4/SemanticPredicates
Event: 8.796 loading class org/apache/groovy/parser/antlr4/SemanticPredicates done
Event: 8.798 loading class java/util/regex/Pattern$StartS
Event: 8.798 loading class java/util/regex/Pattern$StartS done
Event: 8.799 loading class java/util/stream/ReferencePipeline$4
Event: 8.799 loading class java/util/stream/IntPipeline$StatelessOp
Event: 8.799 loading class java/util/stream/IntPipeline$StatelessOp done
Event: 8.799 loading class java/util/stream/ReferencePipeline$4 done
Event: 8.799 loading class java/util/stream/ReferencePipeline$4$1
Event: 8.799 loading class java/util/stream/ReferencePipeline$4$1 done
Event: 8.804 Executing VM operation: G1CollectForAllocation
Event: 8.812 Executing VM operation: G1CollectForAllocation done


Dynamic libraries:
0x00007ff6163e0000 - 0x00007ff6163ea000 	C:\Program Files\Android\Android Studio\jre\bin\java.exe
0x00007ffe8bff0000 - 0x00007ffe8c1e5000 	C:\WINDOWS\SYSTEM32\ntdll.dll
0x00007ffe8a5b0000 - 0x00007ffe8a66e000 	C:\WINDOWS\System32\KERNEL32.DLL
0x00007ffe89710000 - 0x00007ffe899d8000 	C:\WINDOWS\System32\KERNELBASE.dll
0x00007ffe89de0000 - 0x00007ffe89ee0000 	C:\WINDOWS\System32\ucrtbase.dll
0x00007ffe6dea0000 - 0x00007ffe6deb9000 	C:\Program Files\Android\Android Studio\jre\bin\jli.dll
0x00007ffe6d750000 - 0x00007ffe6d767000 	C:\Program Files\Android\Android Studio\jre\bin\VCRUNTIME140.dll
0x00007ffe8ab60000 - 0x00007ffe8ad01000 	C:\WINDOWS\System32\USER32.dll
0x00007ffe899e0000 - 0x00007ffe89a02000 	C:\WINDOWS\System32\win32u.dll
0x00007ffe8ad10000 - 0x00007ffe8ad3b000 	C:\WINDOWS\System32\GDI32.dll
0x00007ffe89cd0000 - 0x00007ffe89ddb000 	C:\WINDOWS\System32\gdi32full.dll
0x00007ffe77040000 - 0x00007ffe772da000 	C:\WINDOWS\WinSxS\amd64_microsoft.windows.common-controls_6595b64144ccf1df_6.0.19041.1110_none_60b5254171f9507e\COMCTL32.dll
0x00007ffe8a4b0000 - 0x00007ffe8a54e000 	C:\WINDOWS\System32\msvcrt.dll
0x00007ffe89b70000 - 0x00007ffe89c0d000 	C:\WINDOWS\System32\msvcp_win.dll
0x00007ffe8b1d0000 - 0x00007ffe8b200000 	C:\WINDOWS\System32\IMM32.DLL
0x00007ffe6b880000 - 0x00007ffe6b91d000 	C:\Program Files\Android\Android Studio\jre\bin\msvcp140.dll
0x00007ffe53d70000 - 0x00007ffe5483f000 	C:\Program Files\Android\Android Studio\jre\bin\server\jvm.dll
0x00007ffe8a110000 - 0x00007ffe8a1bc000 	C:\WINDOWS\System32\ADVAPI32.dll
0x00007ffe8a270000 - 0x00007ffe8a30b000 	C:\WINDOWS\System32\sechost.dll
0x00007ffe8bb50000 - 0x00007ffe8bc7a000 	C:\WINDOWS\System32\RPCRT4.dll
0x00007ffe8be20000 - 0x00007ffe8be28000 	C:\WINDOWS\System32\PSAPI.DLL
0x00007ffe7edb0000 - 0x00007ffe7edd7000 	C:\WINDOWS\SYSTEM32\WINMM.dll
0x00007ffe790e0000 - 0x00007ffe790e9000 	C:\WINDOWS\SYSTEM32\WSOCK32.dll
0x00007ffe7ede0000 - 0x00007ffe7edea000 	C:\WINDOWS\SYSTEM32\VERSION.dll
0x00007ffe8a670000 - 0x00007ffe8a6db000 	C:\WINDOWS\System32\WS2_32.dll
0x00007ffe87fe0000 - 0x00007ffe87ff2000 	C:\WINDOWS\SYSTEM32\kernel.appcore.dll
0x00007ffe80f20000 - 0x00007ffe80f31000 	C:\Program Files\Android\Android Studio\jre\bin\verify.dll
0x00007ffe874a0000 - 0x00007ffe87684000 	C:\WINDOWS\SYSTEM32\DBGHELP.DLL
0x00007ffe780d0000 - 0x00007ffe780fc000 	C:\WINDOWS\SYSTEM32\dbgcore.DLL
0x00007ffe89c10000 - 0x00007ffe89c93000 	C:\WINDOWS\System32\bcryptPrimitives.dll
0x00007ffe784a0000 - 0x00007ffe784c9000 	C:\Program Files\Android\Android Studio\jre\bin\java.dll
0x00007ffe861b0000 - 0x00007ffe861bb000 	C:\Program Files\Android\Android Studio\jre\bin\jimage.dll
0x00007ffe78ed0000 - 0x00007ffe78ee8000 	C:\Program Files\Android\Android Studio\jre\bin\zip.dll
0x00007ffe8b200000 - 0x00007ffe8b93f000 	C:\WINDOWS\System32\SHELL32.dll
0x00007ffe87690000 - 0x00007ffe87e20000 	C:\WINDOWS\SYSTEM32\windows.storage.dll
0x00007ffe8ad40000 - 0x00007ffe8b095000 	C:\WINDOWS\System32\combase.dll
0x00007ffe89090000 - 0x00007ffe890be000 	C:\WINDOWS\SYSTEM32\Wldp.dll
0x00007ffe8a1c0000 - 0x00007ffe8a26d000 	C:\WINDOWS\System32\SHCORE.dll
0x00007ffe8a550000 - 0x00007ffe8a5a5000 	C:\WINDOWS\System32\shlwapi.dll
0x00007ffe89650000 - 0x00007ffe8966f000 	C:\WINDOWS\SYSTEM32\profapi.dll
0x00007ffe78480000 - 0x00007ffe7849a000 	C:\Program Files\Android\Android Studio\jre\bin\net.dll
0x00007ffe804a0000 - 0x00007ffe805ac000 	C:\WINDOWS\SYSTEM32\WINHTTP.dll
0x00007ffe88df0000 - 0x00007ffe88e5a000 	C:\WINDOWS\system32\mswsock.dll
0x00007ffe77b60000 - 0x00007ffe77b74000 	C:\Program Files\Android\Android Studio\jre\bin\nio.dll
0x00007ffe86430000 - 0x00007ffe86457000 	C:\Users\Owner\.gradle\native\8bec1ad78214c89d9ad589b4d07fe93259594b29d510b10fafb7a158f7737e5d\windows-amd64\native-platform.dll
0x00007ffe5a1f0000 - 0x00007ffe5a32d000 	C:\Users\Owner\.gradle\native\53dbd7edfb1c66fb8903c78663c9afc45aea4f116125fa6feffd364cf09443e8\windows-amd64\native-platform-file-events.dll
0x00007ffe84eb0000 - 0x00007ffe84eba000 	C:\Program Files\Android\Android Studio\jre\bin\management.dll
0x00007ffe80120000 - 0x00007ffe8012c000 	C:\Program Files\Android\Android Studio\jre\bin\management_ext.dll
0x00007ffe88fe0000 - 0x00007ffe88ff8000 	C:\WINDOWS\SYSTEM32\CRYPTSP.dll
0x00007ffe88770000 - 0x00007ffe887a4000 	C:\WINDOWS\system32\rsaenh.dll
0x00007ffe89ca0000 - 0x00007ffe89cc7000 	C:\WINDOWS\System32\bcrypt.dll
0x00007ffe89610000 - 0x00007ffe8963e000 	C:\WINDOWS\SYSTEM32\USERENV.dll
0x00007ffe89000000 - 0x00007ffe8900c000 	C:\WINDOWS\SYSTEM32\CRYPTBASE.dll
0x00007ffe88ae0000 - 0x00007ffe88b1b000 	C:\WINDOWS\SYSTEM32\IPHLPAPI.DLL
0x00007ffe8bf10000 - 0x00007ffe8bf18000 	C:\WINDOWS\System32\NSI.dll
0x00007ffe82960000 - 0x00007ffe82977000 	C:\WINDOWS\SYSTEM32\dhcpcsvc6.DLL
0x00007ffe81e70000 - 0x00007ffe81e8d000 	C:\WINDOWS\SYSTEM32\dhcpcsvc.DLL
0x00007ffe88b20000 - 0x00007ffe88beb000 	C:\WINDOWS\SYSTEM32\DNSAPI.dll

dbghelp: loaded successfully - version: 4.0.5 - missing functions: none
symbol engine: initialized successfully - sym options: 0x614 - pdb path: .;C:\Program Files\Android\Android Studio\jre\bin;C:\WINDOWS\SYSTEM32;C:\WINDOWS\WinSxS\amd64_microsoft.windows.common-controls_6595b64144ccf1df_6.0.19041.1110_none_60b5254171f9507e;C:\Program Files\Android\Android Studio\jre\bin\server;C:\Users\Owner\.gradle\native\8bec1ad78214c89d9ad589b4d07fe93259594b29d510b10fafb7a158f7737e5d\windows-amd64;C:\Users\Owner\.gradle\native\53dbd7edfb1c66fb8903c78663c9afc45aea4f116125fa6feffd364cf09443e8\windows-amd64

VM Arguments:
jvm_args: --add-opens=java.base/java.util=ALL-UNNAMED --add-opens=java.base/java.lang=ALL-UNNAMED --add-opens=java.base/java.lang.invoke=ALL-UNNAMED --add-opens=java.base/java.util=ALL-UNNAMED --add-opens=java.prefs/java.util.prefs=ALL-UNNAMED --add-opens=java.prefs/java.util.prefs=ALL-UNNAMED --add-opens=java.base/java.nio.charset=ALL-UNNAMED --add-opens=java.base/java.net=ALL-UNNAMED --add-opens=java.base/java.util.concurrent.atomic=ALL-UNNAMED -Xmx2048m -Dfile.encoding=UTF-8 -Duser.country=US -Duser.language=en -Duser.variant 
java_command: org.gradle.launcher.daemon.bootstrap.GradleDaemon 7.0.2
java_class_path (initial): C:\Users\Owner\.gradle\wrapper\dists\gradle-7.0.2-bin\857tjihv64xamwrf0h14cai3r\gradle-7.0.2\lib\gradle-launcher-7.0.2.jar
Launcher Type: SUN_STANDARD

[Global flags]
     intx CICompilerCount                          = 4                                         {product} {ergonomic}
     uint ConcGCThreads                            = 2                                         {product} {ergonomic}
     uint G1ConcRefinementThreads                  = 8                                         {product} {ergonomic}
   size_t G1HeapRegionSize                         = 1048576                                   {product} {ergonomic}
    uintx GCDrainStackTargetSize                   = 64                                        {product} {ergonomic}
   size_t InitialHeapSize                          = 100663296                                 {product} {ergonomic}
   size_t MarkStackSize                            = 4194304                                   {product} {ergonomic}
   size_t MaxHeapSize                              = 2147483648                                {product} {command line}
   size_t MaxNewSize                               = 1287651328                                {product} {ergonomic}
   size_t MinHeapDeltaBytes                        = 1048576                                   {product} {ergonomic}
    uintx NonNMethodCodeHeapSize                   = 5836300                                {pd product} {ergonomic}
    uintx NonProfiledCodeHeapSize                  = 122910970                              {pd product} {ergonomic}
    uintx ProfiledCodeHeapSize                     = 122910970                              {pd product} {ergonomic}
    uintx ReservedCodeCacheSize                    = 251658240                              {pd product} {ergonomic}
     bool SegmentedCodeCache                       = true                                      {product} {ergonomic}
     bool UseCompressedClassPointers               = true                                 {lp64_product} {ergonomic}
     bool UseCompressedOops                        = true                                 {lp64_product} {ergonomic}
     bool UseG1GC                                  = true                                      {product} {ergonomic}
     bool UseLargePagesIndividualAllocation        = false                                  {pd product} {ergonomic}

Logging:
Log output configuration:
 #0: stdout all=warning uptime,level,tags
 #1: stderr all=off uptime,level,tags

Environment Variables:
PATH=C:\Program Files\Eclipse Foundation\jdk-11.0.12.7-hotspot\bin;C:\Program Files\Common Files\Oracle\Java\javapath;C:\Program Files (x86)\Common Files\Oracle\Java\javapath;C:\WINDOWS\system32;C:\WINDOWS;C:\WINDOWS\System32\Wbem;C:\WINDOWS\System32\WindowsPowerShell\v1.0\;C:\WINDOWS\System32\OpenSSH\;C:\Program Files\Intel\WiFi\bin\;C:\Program Files\Common Files\Intel\WirelessCommon\;C:\Program Files\nodejs\;C:\Program Files\Git\cmd;C:\Gradle\gradle-6.9.1-bin;C:\Program Files\Java\jdk1.8.0_241\bin;C:\Users\Owner\AppData\Local\Programs\Microsoft VS Code\bin
USERNAME=Owner
OS=Windows_NT
PROCESSOR_IDENTIFIER=AMD64 Family 23 Model 24 Stepping 1, AuthenticAMD



---------------  S Y S T E M  ---------------

OS: Windows 10 , 64 bit Build 19041 (10.0.19041.1348)
OS uptime: 1 days 8:17 hours

CPU:total 8 (initial active 8) (8 cores per cpu, 2 threads per core) family 23 model 24 stepping 1 microcode 0x0, cmov, cx8, fxsr, mmx, sse, sse2, sse3, ssse3, sse4.1, sse4.2, popcnt, avx, avx2, aes, clmul, mmxext, 3dnowpref, lzcnt, sse4a, ht, tsc, tscinvbit, tscinv, bmi1, bmi2, adx, s

Memory: 4k page, system-wide physical 6091M (702M free)
TotalPageFile size 6091M (AvailPageFile size 6M)
current process WorkingSet (physical memory assigned to process): 308M, peak: 309M
current process commit charge ("private bytes"): 344M, peak: 346M

vm_info: OpenJDK 64-Bit Server VM (11.0.10+0-b96-7249189) for windows-amd64 JRE (11.0.10+0-b96-7249189), built on Mar 31 2021 21:44:00 by "builder" with MS VC++ 14.0 (VS2015)

END.
