#
# There is insufficient memory for the Java Runtime Environment to continue.
# Native memory allocation (malloc) failed to allocate 716016 bytes for Chunk::new
# Possible reasons:
#   The system is out of physical RAM or swap space
#   The process is running with CompressedOops enabled, and the Java Heap may be blocking the growth of the native heap
# Possible solutions:
#   Reduce memory load on the system
#   Increase physical memory or swap space
#   Check if swap backing store is full
#   Decrease Java heap size (-Xmx/-Xms)
#   Decrease number of Java threads
#   Decrease Java thread stack sizes (-Xss)
#   Set larger code cache with -XX:ReservedCodeCacheSize=
#   JVM is running with Unscaled Compressed Oops mode in which the Java heap is
#     placed in the first 4GB address space. The Java Heap base address is the
#     maximum limit for the native heap growth. Please use -XX:HeapBaseMinAddress
#     to set the Java Heap base and to place the Java Heap above 4GB virtual address.
# This output file may be truncated or incomplete.
#
#  Out of Memory Error (./src/hotspot/share/memory/arena.cpp:197), pid=3032, tid=8996
#
# JRE version: OpenJDK Runtime Environment (11.0.10) (build 11.0.10+0-b96-7249189)
# Java VM: OpenJDK 64-Bit Server VM (11.0.10+0-b96-7249189, mixed mode, tiered, compressed oops, g1 gc, windows-amd64)
# No core dump will be written. Minidumps are not enabled by default on client versions of Windows
#

---------------  S U M M A R Y ------------

Command Line: --add-opens=java.base/java.util=ALL-UNNAMED --add-opens=java.base/java.lang=ALL-UNNAMED --add-opens=java.base/java.lang.invoke=ALL-UNNAMED --add-opens=java.base/java.util=ALL-UNNAMED --add-opens=java.prefs/java.util.prefs=ALL-UNNAMED --add-opens=java.prefs/java.util.prefs=ALL-UNNAMED --add-opens=java.base/java.nio.charset=ALL-UNNAMED --add-opens=java.base/java.net=ALL-UNNAMED --add-opens=java.base/java.util.concurrent.atomic=ALL-UNNAMED -Xmx2048m -Dfile.encoding=UTF-8 -Duser.country=US -Duser.language=en -Duser.variant org.gradle.launcher.daemon.bootstrap.GradleDaemon 7.0.2

Host: AMD Ryzen 5 3500U with Radeon Vega Mobile Gfx  , 8 cores, 5G,  Windows 10 , 64 bit Build 19041 (10.0.19041.1348)
Time: Mon Dec  6 11:40:48 2021 Central Standard Time elapsed time: 5.398209 seconds (0d 0h 0m 5s)

---------------  T H R E A D  ---------------

Current thread (0x000002111f9ad800):  JavaThread "C2 CompilerThread2" daemon [_thread_in_native, id=8996, stack(0x0000003d9c400000,0x0000003d9c500000)]


Current CompileTask:
C2:   5398 2826   !   4       java.net.URL::<init> (543 bytes)

Stack: [0x0000003d9c400000,0x0000003d9c500000]
Native frames: (J=compiled Java code, j=interpreted, Vv=VM code, C=native code)
V  [jvm.dll+0x5ecfaa]
V  [jvm.dll+0x722bd5]
V  [jvm.dll+0x72412d]
V  [jvm.dll+0x7247e3]
V  [jvm.dll+0x242928]
V  [jvm.dll+0xbc4fc]
V  [jvm.dll+0xbca0c]
V  [jvm.dll+0x2b4fd4]
V  [jvm.dll+0x506028]
V  [jvm.dll+0x203253]
V  [jvm.dll+0x1fd07c]
V  [jvm.dll+0x1fa77f]
V  [jvm.dll+0x18354c]
V  [jvm.dll+0x208ee7]
V  [jvm.dll+0x207731]
V  [jvm.dll+0x6eb1cf]
V  [jvm.dll+0x6e3d45]
V  [jvm.dll+0x5ebe96]
C  [ucrtbase.dll+0x21bb2]
C  [KERNEL32.DLL+0x17034]
C  [ntdll.dll+0x52651]


---------------  P R O C E S S  ---------------

Threads class SMR info:
_java_thread_list=0x000002112081f9d0, length=32, elements={
0x000002117f83f000, 0x000002111ab57800, 0x000002111ab63000, 0x000002111b503000,
0x000002111ab76000, 0x000002111ab77800, 0x000002111ab83000, 0x000002111ab84000,
0x000002111ab8c800, 0x000002111b64b000, 0x000002111d358800, 0x000002111cf85000,
0x000002111d9e5800, 0x000002111d74e000, 0x000002111d4c5000, 0x000002111cfba000,
0x000002111c951000, 0x000002111c951800, 0x000002111cb2e000, 0x000002111de83000,
0x000002111de82000, 0x000002111de80800, 0x000002111de85800, 0x000002111d355000,
0x000002111de84800, 0x000002111de83800, 0x000002111de86000, 0x000002111de87000,
0x000002111de81000, 0x000002111f9ad800, 0x000002111f83b800, 0x000002111f83c000
}

Java Threads: ( => current thread )
  0x000002117f83f000 JavaThread "main" [_thread_blocked, id=5784, stack(0x0000003d99800000,0x0000003d99900000)]
  0x000002111ab57800 JavaThread "Reference Handler" daemon [_thread_blocked, id=10168, stack(0x0000003d99f00000,0x0000003d9a000000)]
  0x000002111ab63000 JavaThread "Finalizer" daemon [_thread_blocked, id=7444, stack(0x0000003d9a000000,0x0000003d9a100000)]
  0x000002111b503000 JavaThread "Signal Dispatcher" daemon [_thread_blocked, id=5260, stack(0x0000003d9a100000,0x0000003d9a200000)]
  0x000002111ab76000 JavaThread "Attach Listener" daemon [_thread_blocked, id=8380, stack(0x0000003d9a200000,0x0000003d9a300000)]
  0x000002111ab77800 JavaThread "Service Thread" daemon [_thread_blocked, id=5632, stack(0x0000003d9a300000,0x0000003d9a400000)]
  0x000002111ab83000 JavaThread "C2 CompilerThread0" daemon [_thread_in_native, id=12280, stack(0x0000003d9a400000,0x0000003d9a500000)]
  0x000002111ab84000 JavaThread "C1 CompilerThread0" daemon [_thread_in_native, id=7672, stack(0x0000003d9a500000,0x0000003d9a600000)]
  0x000002111ab8c800 JavaThread "Sweeper thread" daemon [_thread_blocked, id=12268, stack(0x0000003d9a600000,0x0000003d9a700000)]
  0x000002111b64b000 JavaThread "Common-Cleaner" daemon [_thread_blocked, id=5060, stack(0x0000003d9a700000,0x0000003d9a800000)]
  0x000002111d358800 JavaThread "Daemon health stats" [_thread_blocked, id=8348, stack(0x0000003d9ab00000,0x0000003d9ac00000)]
  0x000002111cf85000 JavaThread "Incoming local TCP Connector on port 63107" [_thread_in_native, id=9700, stack(0x0000003d9a900000,0x0000003d9aa00000)]
  0x000002111d9e5800 JavaThread "Daemon periodic checks" [_thread_blocked, id=3496, stack(0x0000003d9ae00000,0x0000003d9af00000)]
  0x000002111d74e000 JavaThread "Daemon" [_thread_blocked, id=7520, stack(0x0000003d9af00000,0x0000003d9b000000)]
  0x000002111d4c5000 JavaThread "Handler for socket connection from /127.0.0.1:63107 to /127.0.0.1:63108" [_thread_in_native, id=4920, stack(0x0000003d9b000000,0x0000003d9b100000)]
  0x000002111cfba000 JavaThread "Cancel handler" [_thread_blocked, id=11400, stack(0x0000003d9b100000,0x0000003d9b200000)]
  0x000002111c951000 JavaThread "Daemon worker" [_thread_in_vm, id=11812, stack(0x0000003d9b200000,0x0000003d9b300000)]
  0x000002111c951800 JavaThread "Asynchronous log dispatcher for DefaultDaemonConnection: socket connection from /127.0.0.1:63107 to /127.0.0.1:63108" [_thread_blocked, id=1236, stack(0x0000003d9b300000,0x0000003d9b400000)]
  0x000002111cb2e000 JavaThread "Stdin handler" [_thread_blocked, id=3728, stack(0x0000003d9b400000,0x0000003d9b500000)]
  0x000002111de83000 JavaThread "Daemon client event forwarder" [_thread_blocked, id=12112, stack(0x0000003d9b500000,0x0000003d9b600000)]
  0x000002111de82000 JavaThread "Cache worker for file hash cache (C:\Users\Owner\.gradle\caches\7.0.2\fileHashes)" [_thread_blocked, id=3588, stack(0x0000003d9b600000,0x0000003d9b700000)]
  0x000002111de80800 JavaThread "File lock request listener" [_thread_in_native, id=6140, stack(0x0000003d9b700000,0x0000003d9b800000)]
  0x000002111de85800 JavaThread "Cache worker for journal cache (C:\Users\Owner\.gradle\caches\journal-1)" [_thread_blocked, id=11364, stack(0x0000003d9bd00000,0x0000003d9be00000)]
  0x000002111d355000 JavaThread "C2 CompilerThread1" daemon [_thread_in_native, id=11208, stack(0x0000003d9be00000,0x0000003d9bf00000)]
  0x000002111de84800 JavaThread "Cache worker for file hash cache (C:\Users\Owner\Desktop\309_local\2_hb_4\Frontend\Tarp\.gradle\7.0.2\fileHashes)" [_thread_blocked, id=7964, stack(0x0000003d9bf00000,0x0000003d9c000000)]
  0x000002111de83800 JavaThread "File watcher server" daemon [_thread_in_native, id=12212, stack(0x0000003d9c000000,0x0000003d9c100000)]
  0x000002111de86000 JavaThread "File watcher consumer" daemon [_thread_blocked, id=11552, stack(0x0000003d9c100000,0x0000003d9c200000)]
  0x000002111de87000 JavaThread "Cache worker for checksums cache (C:\Users\Owner\Desktop\309_local\2_hb_4\Frontend\Tarp\.gradle\checksums)" [_thread_blocked, id=10300, stack(0x0000003d9c200000,0x0000003d9c300000)]
  0x000002111de81000 JavaThread "Cache worker for cache directory md-supplier (C:\Users\Owner\.gradle\caches\7.0.2\md-supplier)" [_thread_blocked, id=444, stack(0x0000003d9c300000,0x0000003d9c400000)]
=>0x000002111f9ad800 JavaThread "C2 CompilerThread2" daemon [_thread_in_native, id=8996, stack(0x0000003d9c400000,0x0000003d9c500000)]
  0x000002111f83b800 JavaThread "Cache worker for cache directory md-rule (C:\Users\Owner\.gradle\caches\7.0.2\md-rule)" [_thread_blocked, id=7480, stack(0x0000003d9c500000,0x0000003d9c600000)]
  0x000002111f83c000 JavaThread "Cache worker for execution history cache (C:\Users\Owner\.gradle\caches\7.0.2\executionHistory)" [_thread_blocked, id=7916, stack(0x0000003d9c600000,0x0000003d9c700000)]

Other Threads:
  0x000002111ab54000 VMThread "VM Thread" [stack: 0x0000003d99e00000,0x0000003d99f00000] [id=1664]
  0x000002111b64d000 WatcherThread [stack: 0x0000003d9a800000,0x0000003d9a900000] [id=11712]
  0x000002117f856000 GCTaskThread "GC Thread#0" [stack: 0x0000003d99900000,0x0000003d99a00000] [id=9344]
  0x000002111bf0d000 GCTaskThread "GC Thread#1" [stack: 0x0000003d9aa00000,0x0000003d9ab00000] [id=11080]
  0x000002111d8aa800 GCTaskThread "GC Thread#2" [stack: 0x0000003d9ac00000,0x0000003d9ad00000] [id=11696]
  0x000002111cb52000 GCTaskThread "GC Thread#3" [stack: 0x0000003d9ad00000,0x0000003d9ae00000] [id=1876]
  0x000002111d47d800 GCTaskThread "GC Thread#4" [stack: 0x0000003d9b800000,0x0000003d9b900000] [id=8300]
  0x000002111c763000 GCTaskThread "GC Thread#5" [stack: 0x0000003d9b900000,0x0000003d9ba00000] [id=1572]
  0x000002111bec9800 GCTaskThread "GC Thread#6" [stack: 0x0000003d9ba00000,0x0000003d9bb00000] [id=4744]
  0x000002111da75000 GCTaskThread "GC Thread#7" [stack: 0x0000003d9bb00000,0x0000003d9bc00000] [id=4876]
  0x000002117f888800 ConcurrentGCThread "G1 Main Marker" [stack: 0x0000003d99a00000,0x0000003d99b00000] [id=9224]
  0x000002117f889800 ConcurrentGCThread "G1 Conc#0" [stack: 0x0000003d99b00000,0x0000003d99c00000] [id=7988]
  0x000002111cb14000 ConcurrentGCThread "G1 Conc#1" [stack: 0x0000003d9bc00000,0x0000003d9bd00000] [id=2456]
  0x000002117f910000 ConcurrentGCThread "G1 Refine#0" [stack: 0x0000003d99c00000,0x0000003d99d00000] [id=3368]
  0x000002117f911000 ConcurrentGCThread "G1 Young RemSet Sampling" [stack: 0x0000003d99d00000,0x0000003d99e00000] [id=10872]

Threads with active compile tasks:
C2 CompilerThread0   5424 2525       4       jdk.internal.loader.URLClassPath::getResource (74 bytes)
C1 CompilerThread0   5424 2976       3       java.time.zone.ZoneRules::findOffsetInfo (74 bytes)
C2 CompilerThread1   5424 2814   !   4       jdk.internal.loader.URLClassPath$JarLoader::getResource (353 bytes)
C2 CompilerThread2   5424 2826   !   4       java.net.URL::<init> (543 bytes)

VM state:not at safepoint (normal execution)

VM Mutex/Monitor currently owned by a thread: None

Heap address: 0x0000000080000000, size: 2048 MB, Compressed Oops mode: 32-bit
Narrow klass base: 0x0000000000000000, Narrow klass shift: 3
Compressed class space size: 1073741824 Address: 0x0000000100000000

Heap:
 garbage-first heap   total 98304K, used 24178K [0x0000000080000000, 0x0000000100000000)
  region size 1024K, 10 young (10240K), 6 survivors (6144K)
 Metaspace       used 35598K, capacity 36419K, committed 36684K, reserved 1085440K
  class space    used 4608K, capacity 4911K, committed 4940K, reserved 1048576K
Heap Regions: E=young(eden), S=young(survivor), O=old, HS=humongous(starts), HC=humongous(continues), CS=collection set, F=free, A=archive, TAMS=top-at-mark-start (previous, next)
|   0|0x0000000080000000, 0x0000000080100000, 0x0000000080100000|100%| O|  |TAMS 0x0000000080100000, 0x0000000080000000| Untracked 
|   1|0x0000000080100000, 0x0000000080200000, 0x0000000080200000|100%| O|  |TAMS 0x0000000080200000, 0x0000000080100000| Untracked 
|   2|0x0000000080200000, 0x0000000080300000, 0x0000000080300000|100%| O|  |TAMS 0x0000000080300000, 0x0000000080200000| Untracked 
|   3|0x0000000080300000, 0x0000000080400000, 0x0000000080400000|100%|HS|  |TAMS 0x0000000080400000, 0x0000000080300000| Complete 
|   4|0x0000000080400000, 0x0000000080500000, 0x0000000080500000|100%|HC|  |TAMS 0x0000000080500000, 0x0000000080400000| Complete 
|   5|0x0000000080500000, 0x0000000080600000, 0x0000000080600000|100%|HC|  |TAMS 0x0000000080600000, 0x0000000080500000| Complete 
|   6|0x0000000080600000, 0x0000000080700000, 0x0000000080700000|100%| O|  |TAMS 0x0000000080700000, 0x0000000080600000| Untracked 
|   7|0x0000000080700000, 0x0000000080800000, 0x0000000080800000|100%| O|  |TAMS 0x0000000080800000, 0x0000000080700000| Untracked 
|   8|0x0000000080800000, 0x0000000080900000, 0x0000000080900000|100%| O|  |TAMS 0x0000000080900000, 0x0000000080800000| Untracked 
|   9|0x0000000080900000, 0x0000000080a00000, 0x0000000080a00000|100%| O|  |TAMS 0x0000000080a00000, 0x0000000080900000| Untracked 
|  10|0x0000000080a00000, 0x0000000080b00000, 0x0000000080b00000|100%| O|  |TAMS 0x0000000080b00000, 0x0000000080a00000| Untracked 
|  11|0x0000000080b00000, 0x0000000080c00000, 0x0000000080c00000|100%| O|  |TAMS 0x0000000080c00000, 0x0000000080b00000| Untracked 
|  12|0x0000000080c00000, 0x0000000080d00000, 0x0000000080d00000|100%| O|  |TAMS 0x0000000080d00000, 0x0000000080c00000| Untracked 
|  13|0x0000000080d00000, 0x0000000080e00000, 0x0000000080e00000|100%| O|  |TAMS 0x0000000080e00000, 0x0000000080d00000| Untracked 
|  14|0x0000000080e00000, 0x0000000080f00000, 0x0000000080f00000|100%| O|  |TAMS 0x0000000080f00000, 0x0000000080e00000| Untracked 
|  15|0x0000000080f00000, 0x0000000080ff9800, 0x0000000081000000| 97%| O|  |TAMS 0x0000000080ff9800, 0x0000000080f00000| Untracked 
|  16|0x0000000081000000, 0x0000000081000000, 0x0000000081100000|  0%| F|  |TAMS 0x0000000081000000, 0x0000000081000000| Untracked 
|  17|0x0000000081100000, 0x0000000081100000, 0x0000000081200000|  0%| F|  |TAMS 0x0000000081100000, 0x0000000081100000| Untracked 
|  18|0x0000000081200000, 0x0000000081200000, 0x0000000081300000|  0%| F|  |TAMS 0x0000000081200000, 0x0000000081200000| Untracked 
|  19|0x0000000081300000, 0x0000000081300000, 0x0000000081400000|  0%| F|  |TAMS 0x0000000081300000, 0x0000000081300000| Untracked 
|  20|0x0000000081400000, 0x0000000081400000, 0x0000000081500000|  0%| F|  |TAMS 0x0000000081400000, 0x0000000081400000| Untracked 
|  21|0x0000000081500000, 0x0000000081500000, 0x0000000081600000|  0%| F|  |TAMS 0x0000000081500000, 0x0000000081500000| Untracked 
|  22|0x0000000081600000, 0x0000000081600000, 0x0000000081700000|  0%| F|  |TAMS 0x0000000081600000, 0x0000000081600000| Untracked 
|  23|0x0000000081700000, 0x0000000081700000, 0x0000000081800000|  0%| F|  |TAMS 0x0000000081700000, 0x0000000081700000| Untracked 
|  24|0x0000000081800000, 0x0000000081800000, 0x0000000081900000|  0%| F|  |TAMS 0x0000000081800000, 0x0000000081800000| Untracked 
|  25|0x0000000081900000, 0x0000000081900000, 0x0000000081a00000|  0%| F|  |TAMS 0x0000000081900000, 0x0000000081900000| Untracked 
|  26|0x0000000081a00000, 0x0000000081a00000, 0x0000000081b00000|  0%| F|  |TAMS 0x0000000081a00000, 0x0000000081a00000| Untracked 
|  27|0x0000000081b00000, 0x0000000081b00000, 0x0000000081c00000|  0%| F|  |TAMS 0x0000000081b00000, 0x0000000081b00000| Untracked 
|  28|0x0000000081c00000, 0x0000000081c00000, 0x0000000081d00000|  0%| F|  |TAMS 0x0000000081c00000, 0x0000000081c00000| Untracked 
|  29|0x0000000081d00000, 0x0000000081d00000, 0x0000000081e00000|  0%| F|  |TAMS 0x0000000081d00000, 0x0000000081d00000| Untracked 
|  30|0x0000000081e00000, 0x0000000081e00000, 0x0000000081f00000|  0%| F|  |TAMS 0x0000000081e00000, 0x0000000081e00000| Untracked 
|  31|0x0000000081f00000, 0x0000000081f00000, 0x0000000082000000|  0%| F|  |TAMS 0x0000000081f00000, 0x0000000081f00000| Untracked 
|  32|0x0000000082000000, 0x0000000082000000, 0x0000000082100000|  0%| F|  |TAMS 0x0000000082000000, 0x0000000082000000| Untracked 
|  33|0x0000000082100000, 0x0000000082100000, 0x0000000082200000|  0%| F|  |TAMS 0x0000000082100000, 0x0000000082100000| Untracked 
|  34|0x0000000082200000, 0x0000000082200000, 0x0000000082300000|  0%| F|  |TAMS 0x0000000082200000, 0x0000000082200000| Untracked 
|  35|0x0000000082300000, 0x0000000082300000, 0x0000000082400000|  0%| F|  |TAMS 0x0000000082300000, 0x0000000082300000| Untracked 
|  36|0x0000000082400000, 0x0000000082400000, 0x0000000082500000|  0%| F|  |TAMS 0x0000000082400000, 0x0000000082400000| Untracked 
|  37|0x0000000082500000, 0x0000000082500000, 0x0000000082600000|  0%| F|  |TAMS 0x0000000082500000, 0x0000000082500000| Untracked 
|  38|0x0000000082600000, 0x0000000082600000, 0x0000000082700000|  0%| F|  |TAMS 0x0000000082600000, 0x0000000082600000| Untracked 
|  39|0x0000000082700000, 0x0000000082700000, 0x0000000082800000|  0%| F|  |TAMS 0x0000000082700000, 0x0000000082700000| Untracked 
|  40|0x0000000082800000, 0x0000000082800000, 0x0000000082900000|  0%| F|  |TAMS 0x0000000082800000, 0x0000000082800000| Untracked 
|  41|0x0000000082900000, 0x0000000082900000, 0x0000000082a00000|  0%| F|  |TAMS 0x0000000082900000, 0x0000000082900000| Untracked 
|  42|0x0000000082a00000, 0x0000000082a00000, 0x0000000082b00000|  0%| F|  |TAMS 0x0000000082a00000, 0x0000000082a00000| Untracked 
|  43|0x0000000082b00000, 0x0000000082b00000, 0x0000000082c00000|  0%| F|  |TAMS 0x0000000082b00000, 0x0000000082b00000| Untracked 
|  44|0x0000000082c00000, 0x0000000082c00000, 0x0000000082d00000|  0%| F|  |TAMS 0x0000000082c00000, 0x0000000082c00000| Untracked 
|  45|0x0000000082d00000, 0x0000000082d00000, 0x0000000082e00000|  0%| F|  |TAMS 0x0000000082d00000, 0x0000000082d00000| Untracked 
|  46|0x0000000082e00000, 0x0000000082e00000, 0x0000000082f00000|  0%| F|  |TAMS 0x0000000082e00000, 0x0000000082e00000| Untracked 
|  47|0x0000000082f00000, 0x0000000082f00000, 0x0000000083000000|  0%| F|  |TAMS 0x0000000082f00000, 0x0000000082f00000| Untracked 
|  48|0x0000000083000000, 0x0000000083000000, 0x0000000083100000|  0%| F|  |TAMS 0x0000000083000000, 0x0000000083000000| Untracked 
|  49|0x0000000083100000, 0x0000000083100000, 0x0000000083200000|  0%| F|  |TAMS 0x0000000083100000, 0x0000000083100000| Untracked 
|  50|0x0000000083200000, 0x0000000083200000, 0x0000000083300000|  0%| F|  |TAMS 0x0000000083200000, 0x0000000083200000| Untracked 
|  51|0x0000000083300000, 0x0000000083300000, 0x0000000083400000|  0%| F|  |TAMS 0x0000000083300000, 0x0000000083300000| Untracked 
|  52|0x0000000083400000, 0x0000000083400000, 0x0000000083500000|  0%| F|  |TAMS 0x0000000083400000, 0x0000000083400000| Untracked 
|  53|0x0000000083500000, 0x0000000083500000, 0x0000000083600000|  0%| F|  |TAMS 0x0000000083500000, 0x0000000083500000| Untracked 
|  54|0x0000000083600000, 0x0000000083600000, 0x0000000083700000|  0%| F|  |TAMS 0x0000000083600000, 0x0000000083600000| Untracked 
|  55|0x0000000083700000, 0x0000000083700000, 0x0000000083800000|  0%| F|  |TAMS 0x0000000083700000, 0x0000000083700000| Untracked 
|  56|0x0000000083800000, 0x0000000083800000, 0x0000000083900000|  0%| F|  |TAMS 0x0000000083800000, 0x0000000083800000| Untracked 
|  57|0x0000000083900000, 0x0000000083900000, 0x0000000083a00000|  0%| F|  |TAMS 0x0000000083900000, 0x0000000083900000| Untracked 
|  58|0x0000000083a00000, 0x0000000083a00000, 0x0000000083b00000|  0%| F|  |TAMS 0x0000000083a00000, 0x0000000083a00000| Untracked 
|  59|0x0000000083b00000, 0x0000000083b00000, 0x0000000083c00000|  0%| F|  |TAMS 0x0000000083b00000, 0x0000000083b00000| Untracked 
|  60|0x0000000083c00000, 0x0000000083c00000, 0x0000000083d00000|  0%| F|  |TAMS 0x0000000083c00000, 0x0000000083c00000| Untracked 
|  61|0x0000000083d00000, 0x0000000083d00000, 0x0000000083e00000|  0%| F|  |TAMS 0x0000000083d00000, 0x0000000083d00000| Untracked 
|  62|0x0000000083e00000, 0x0000000083e00000, 0x0000000083f00000|  0%| F|  |TAMS 0x0000000083e00000, 0x0000000083e00000| Untracked 
|  63|0x0000000083f00000, 0x0000000083f00000, 0x0000000084000000|  0%| F|  |TAMS 0x0000000083f00000, 0x0000000083f00000| Untracked 
|  64|0x0000000084000000, 0x0000000084000000, 0x0000000084100000|  0%| F|  |TAMS 0x0000000084000000, 0x0000000084000000| Untracked 
|  65|0x0000000084100000, 0x0000000084100000, 0x0000000084200000|  0%| F|  |TAMS 0x0000000084100000, 0x0000000084100000| Untracked 
|  66|0x0000000084200000, 0x0000000084200000, 0x0000000084300000|  0%| F|  |TAMS 0x0000000084200000, 0x0000000084200000| Untracked 
|  67|0x0000000084300000, 0x0000000084300000, 0x0000000084400000|  0%| F|  |TAMS 0x0000000084300000, 0x0000000084300000| Untracked 
|  68|0x0000000084400000, 0x0000000084400000, 0x0000000084500000|  0%| F|  |TAMS 0x0000000084400000, 0x0000000084400000| Untracked 
|  69|0x0000000084500000, 0x0000000084500000, 0x0000000084600000|  0%| F|  |TAMS 0x0000000084500000, 0x0000000084500000| Untracked 
|  70|0x0000000084600000, 0x0000000084600000, 0x0000000084700000|  0%| F|  |TAMS 0x0000000084600000, 0x0000000084600000| Untracked 
|  71|0x0000000084700000, 0x0000000084700000, 0x0000000084800000|  0%| F|  |TAMS 0x0000000084700000, 0x0000000084700000| Untracked 
|  72|0x0000000084800000, 0x0000000084800000, 0x0000000084900000|  0%| F|  |TAMS 0x0000000084800000, 0x0000000084800000| Untracked 
|  73|0x0000000084900000, 0x0000000084900000, 0x0000000084a00000|  0%| F|  |TAMS 0x0000000084900000, 0x0000000084900000| Untracked 
|  74|0x0000000084a00000, 0x0000000084a00000, 0x0000000084b00000|  0%| F|  |TAMS 0x0000000084a00000, 0x0000000084a00000| Untracked 
|  75|0x0000000084b00000, 0x0000000084ba31d0, 0x0000000084c00000| 63%| S|CS|TAMS 0x0000000084b00000, 0x0000000084b00000| Complete 
|  76|0x0000000084c00000, 0x0000000084d00000, 0x0000000084d00000|100%| S|CS|TAMS 0x0000000084c00000, 0x0000000084c00000| Complete 
|  77|0x0000000084d00000, 0x0000000084e00000, 0x0000000084e00000|100%| S|CS|TAMS 0x0000000084d00000, 0x0000000084d00000| Complete 
|  78|0x0000000084e00000, 0x0000000084f00000, 0x0000000084f00000|100%| S|CS|TAMS 0x0000000084e00000, 0x0000000084e00000| Complete 
|  79|0x0000000084f00000, 0x0000000085000000, 0x0000000085000000|100%| S|CS|TAMS 0x0000000084f00000, 0x0000000084f00000| Complete 
|  80|0x0000000085000000, 0x0000000085100000, 0x0000000085100000|100%| S|CS|TAMS 0x0000000085000000, 0x0000000085000000| Complete 
|  81|0x0000000085100000, 0x0000000085100000, 0x0000000085200000|  0%| F|  |TAMS 0x0000000085100000, 0x0000000085100000| Untracked 
|  82|0x0000000085200000, 0x0000000085200000, 0x0000000085300000|  0%| F|  |TAMS 0x0000000085200000, 0x0000000085200000| Untracked 
|  83|0x0000000085300000, 0x0000000085300000, 0x0000000085400000|  0%| F|  |TAMS 0x0000000085300000, 0x0000000085300000| Untracked 
|  84|0x0000000085400000, 0x0000000085400000, 0x0000000085500000|  0%| F|  |TAMS 0x0000000085400000, 0x0000000085400000| Untracked 
|  85|0x0000000085500000, 0x0000000085500000, 0x0000000085600000|  0%| F|  |TAMS 0x0000000085500000, 0x0000000085500000| Untracked 
|  86|0x0000000085600000, 0x0000000085600000, 0x0000000085700000|  0%| F|  |TAMS 0x0000000085600000, 0x0000000085600000| Untracked 
|  87|0x0000000085700000, 0x0000000085700000, 0x0000000085800000|  0%| F|  |TAMS 0x0000000085700000, 0x0000000085700000| Untracked 
|  88|0x0000000085800000, 0x0000000085800000, 0x0000000085900000|  0%| F|  |TAMS 0x0000000085800000, 0x0000000085800000| Untracked 
|  89|0x0000000085900000, 0x0000000085900000, 0x0000000085a00000|  0%| F|  |TAMS 0x0000000085900000, 0x0000000085900000| Untracked 
|  90|0x0000000085a00000, 0x0000000085a00000, 0x0000000085b00000|  0%| F|  |TAMS 0x0000000085a00000, 0x0000000085a00000| Untracked 
|  91|0x0000000085b00000, 0x0000000085b00000, 0x0000000085c00000|  0%| F|  |TAMS 0x0000000085b00000, 0x0000000085b00000| Untracked 
|  92|0x0000000085c00000, 0x0000000085d00000, 0x0000000085d00000|100%| E|  |TAMS 0x0000000085c00000, 0x0000000085c00000| Complete 
|  93|0x0000000085d00000, 0x0000000085e00000, 0x0000000085e00000|100%| E|CS|TAMS 0x0000000085d00000, 0x0000000085d00000| Complete 
|  94|0x0000000085e00000, 0x0000000085f00000, 0x0000000085f00000|100%| E|CS|TAMS 0x0000000085e00000, 0x0000000085e00000| Complete 
|  95|0x0000000085f00000, 0x0000000086000000, 0x0000000086000000|100%| E|  |TAMS 0x0000000085f00000, 0x0000000085f00000| Complete 

Card table byte_map: [0x00000211138a0000,0x0000021113ca0000] _byte_map_base: 0x00000211134a0000

Marking Bits (Prev, Next): (CMBitMap*) 0x000002117f87f7e8, (CMBitMap*) 0x000002117f87f820
 Prev Bits: [0x00000211140a0000, 0x00000211160a0000)
 Next Bits: [0x00000211160a0000, 0x00000211180a0000)

Polling page: 0x0000021100000000

Metaspace:

Usage:
  Non-class:     30.77 MB capacity,    30.27 MB ( 98%) used,   436.77 KB (  1%) free+waste,    76.25 KB ( <1%) overhead. 
      Class:      4.80 MB capacity,     4.50 MB ( 94%) used,   264.63 KB (  5%) free+waste,    37.38 KB ( <1%) overhead. 
       Both:     35.57 MB capacity,    34.77 MB ( 98%) used,   701.40 KB (  2%) free+waste,   113.63 KB ( <1%) overhead. 

Virtual space:
  Non-class space:       36.00 MB reserved,      31.00 MB ( 86%) committed 
      Class space:        1.00 GB reserved,       4.82 MB ( <1%) committed 
             Both:        1.04 GB reserved,      35.82 MB (  3%) committed 

Chunk freelists:
   Non-Class:  44.00 KB
       Class:  17.00 KB
        Both:  61.00 KB

MaxMetaspaceSize: 17179869184.00 GB
CompressedClassSpaceSize: 1.00 GB

CodeHeap 'non-profiled nmethods': size=120000Kb used=1461Kb max_used=1461Kb free=118538Kb
 bounds [0x000002110b500000, 0x000002110b770000, 0x0000021112a30000]
CodeHeap 'profiled nmethods': size=120000Kb used=6072Kb max_used=6072Kb free=113927Kb
 bounds [0x0000021103fd0000, 0x00000211045c0000, 0x000002110b500000]
CodeHeap 'non-nmethods': size=5760Kb used=1509Kb max_used=1509Kb free=4250Kb
 bounds [0x0000021103a30000, 0x0000021103ca0000, 0x0000021103fd0000]
 total_blobs=3573 nmethods=2953 adapters=531
 compilation: enabled
              stopped_count=0, restarted_count=0
 full_count=0

Compilation events (20 events):
Event: 5.393 Thread 0x000002111ab84000 nmethod 2947 0x000002110b66c190 code [0x000002110b66c340, 0x000002110b66c3f8]
Event: 5.393 Thread 0x000002111ab84000 2948       1       java.nio.file.FileTreeWalker$DirectoryNode::skipped (5 bytes)
Event: 5.393 Thread 0x000002111ab84000 nmethod 2948 0x000002110b66c490 code [0x000002110b66c640, 0x000002110b66c6f8]
Event: 5.393 Thread 0x000002111ab84000 2949       1       java.nio.file.FileTreeWalker$DirectoryNode::iterator (5 bytes)
Event: 5.393 Thread 0x000002111ab84000 nmethod 2949 0x000002110b66c790 code [0x000002110b66c940, 0x000002110b66c9f8]
Event: 5.393 Thread 0x000002111ab84000 2950       1       java.time.LocalDateTime::toLocalTime (5 bytes)
Event: 5.393 Thread 0x000002111ab84000 nmethod 2950 0x000002110b66ca90 code [0x000002110b66cc40, 0x000002110b66ccf8]
Event: 5.393 Thread 0x000002111ab84000 2951       1       java.time.LocalDate::getYear (5 bytes)
Event: 5.393 Thread 0x000002111ab84000 nmethod 2951 0x000002110b66cd90 code [0x000002110b66cf40, 0x000002110b66cff8]
Event: 5.393 Thread 0x000002111ab84000 2952       1       java.nio.file.FileTreeWalker$Event::attributes (5 bytes)
Event: 5.393 Thread 0x000002111ab84000 nmethod 2952 0x000002110b66d090 code [0x000002110b66d240, 0x000002110b66d2f8]
Event: 5.393 Thread 0x000002111ab84000 2954       3       java.util.regex.Pattern::Single (7 bytes)
Event: 5.394 Thread 0x000002111ab84000 nmethod 2954 0x00000211045b4490 code [0x00000211045b4680, 0x00000211045b4cb8]
Event: 5.394 Thread 0x000002111ab84000 2955       3       jdk.nio.zipfs.ZipCoder$UTF8::toString (49 bytes)
Event: 5.394 Thread 0x000002111ab84000 nmethod 2955 0x00000211045b4e90 code [0x00000211045b5080, 0x00000211045b53b8]
Event: 5.394 Thread 0x000002111ab84000 2953       1       java.nio.file.FileTreeWalker$Event::ioeException (5 bytes)
Event: 5.394 Thread 0x000002111ab84000 nmethod 2953 0x000002110b66d390 code [0x000002110b66d540, 0x000002110b66d5f8]
Event: 5.394 Thread 0x000002111ab84000 2956       3       java.util.Arrays::copyOfRange (11 bytes)
Event: 5.395 Thread 0x000002111ab84000 nmethod 2956 0x00000211045b5590 code [0x00000211045b5740, 0x00000211045b5868]
Event: 5.395 Thread 0x000002111ab84000 2957       3       java.util.regex.Pattern::single (82 bytes)

GC Heap History (12 events):
Event: 1.043 GC heap before
{Heap before GC invocations=0 (full 0):
 garbage-first heap   total 98304K, used 29696K [0x0000000080000000, 0x0000000100000000)
  region size 1024K, 24 young (24576K), 0 survivors (0K)
 Metaspace       used 9821K, capacity 10050K, committed 10112K, reserved 1058816K
  class space    used 1022K, capacity 1102K, committed 1152K, reserved 1048576K
}
Event: 1.052 GC heap after
{Heap after GC invocations=1 (full 0):
 garbage-first heap   total 98304K, used 9430K [0x0000000080000000, 0x0000000100000000)
  region size 1024K, 3 young (3072K), 3 survivors (3072K)
 Metaspace       used 9821K, capacity 10050K, committed 10112K, reserved 1058816K
  class space    used 1022K, capacity 1102K, committed 1152K, reserved 1048576K
}
Event: 1.931 GC heap before
{Heap before GC invocations=1 (full 0):
 garbage-first heap   total 98304K, used 64726K [0x0000000080000000, 0x0000000100000000)
  region size 1024K, 57 young (58368K), 3 survivors (3072K)
 Metaspace       used 13968K, capacity 14285K, committed 14592K, reserved 1062912K
  class space    used 1576K, capacity 1684K, committed 1792K, reserved 1048576K
}
Event: 1.938 GC heap after
{Heap after GC invocations=2 (full 0):
 garbage-first heap   total 98304K, used 15025K [0x0000000080000000, 0x0000000100000000)
  region size 1024K, 8 young (8192K), 8 survivors (8192K)
 Metaspace       used 13968K, capacity 14285K, committed 14592K, reserved 1062912K
  class space    used 1576K, capacity 1684K, committed 1792K, reserved 1048576K
}
Event: 3.417 GC heap before
{Heap before GC invocations=2 (full 0):
 garbage-first heap   total 98304K, used 54961K [0x0000000080000000, 0x0000000100000000)
  region size 1024K, 49 young (50176K), 8 survivors (8192K)
 Metaspace       used 20582K, capacity 21118K, committed 21248K, reserved 1067008K
  class space    used 2519K, capacity 2720K, committed 2816K, reserved 1048576K
}
Event: 3.427 GC heap after
{Heap after GC invocations=3 (full 0):
 garbage-first heap   total 98304K, used 16733K [0x0000000080000000, 0x0000000100000000)
  region size 1024K, 2 young (2048K), 2 survivors (2048K)
 Metaspace       used 20582K, capacity 21118K, committed 21248K, reserved 1067008K
  class space    used 2519K, capacity 2720K, committed 2816K, reserved 1048576K
}
Event: 4.075 GC heap before
{Heap before GC invocations=4 (full 0):
 garbage-first heap   total 98304K, used 63837K [0x0000000080000000, 0x0000000100000000)
  region size 1024K, 48 young (49152K), 2 survivors (2048K)
 Metaspace       used 25366K, capacity 25966K, committed 26112K, reserved 1071104K
  class space    used 3316K, capacity 3533K, committed 3584K, reserved 1048576K
}
Event: 4.079 GC heap after
{Heap after GC invocations=5 (full 0):
 garbage-first heap   total 98304K, used 18221K [0x0000000080000000, 0x0000000100000000)
  region size 1024K, 4 young (4096K), 4 survivors (4096K)
 Metaspace       used 25366K, capacity 25966K, committed 26112K, reserved 1071104K
  class space    used 3316K, capacity 3533K, committed 3584K, reserved 1048576K
}
Event: 4.810 GC heap before
{Heap before GC invocations=5 (full 0):
 garbage-first heap   total 98304K, used 66349K [0x0000000080000000, 0x0000000100000000)
  region size 1024K, 51 young (52224K), 4 survivors (4096K)
 Metaspace       used 30309K, capacity 30993K, committed 31232K, reserved 1077248K
  class space    used 4082K, capacity 4336K, committed 4352K, reserved 1048576K
}
Event: 4.815 GC heap after
{Heap after GC invocations=6 (full 0):
 garbage-first heap   total 98304K, used 19822K [0x0000000080000000, 0x0000000100000000)
  region size 1024K, 5 young (5120K), 5 survivors (5120K)
 Metaspace       used 30309K, capacity 30993K, committed 31232K, reserved 1077248K
  class space    used 4082K, capacity 4336K, committed 4352K, reserved 1048576K
}
Event: 5.300 GC heap before
{Heap before GC invocations=6 (full 0):
 garbage-first heap   total 98304K, used 33134K [0x0000000080000000, 0x0000000100000000)
  region size 1024K, 20 young (20480K), 5 survivors (5120K)
 Metaspace       used 35047K, capacity 35830K, committed 35840K, reserved 1081344K
  class space    used 4545K, capacity 4864K, committed 4864K, reserved 1048576K
}
Event: 5.311 GC heap after
{Heap after GC invocations=7 (full 0):
 garbage-first heap   total 98304K, used 22130K [0x0000000080000000, 0x0000000100000000)
  region size 1024K, 6 young (6144K), 6 survivors (6144K)
 Metaspace       used 35047K, capacity 35830K, committed 35840K, reserved 1081344K
  class space    used 4545K, capacity 4864K, committed 4864K, reserved 1048576K
}

Deoptimization events (20 events):
Event: 5.058 Thread 0x000002111c951000 DEOPT PACKING pc=0x000002110b6013ec sp=0x0000003d9b2f5bc0
Event: 5.058 Thread 0x000002111c951000 DEOPT UNPACKING pc=0x0000021103a578af sp=0x0000003d9b2f5a40 mode 2
Event: 5.172 Thread 0x000002111c951000 Uncommon trap: trap_request=0xffffffcc fr.pc=0x000002110b661de8 relative=0x0000000000000328
Event: 5.172 Thread 0x000002111c951000 Uncommon trap: reason=intrinsic_or_type_checked_inlining action=make_not_entrant pc=0x000002110b661de8 method=java.util.Arrays.copyOf([Ljava/lang/Object;ILjava/lang/Class;)[Ljava/lang/Object; @ 35 c2
Event: 5.172 Thread 0x000002111c951000 DEOPT PACKING pc=0x000002110b661de8 sp=0x0000003d9b2f6ed0
Event: 5.172 Thread 0x000002111c951000 DEOPT UNPACKING pc=0x0000021103a578af sp=0x0000003d9b2f6e60 mode 2
Event: 5.175 Thread 0x000002111c951000 DEOPT PACKING pc=0x00000211043b7af9 sp=0x0000003d9b2f6970
Event: 5.175 Thread 0x000002111c951000 DEOPT UNPACKING pc=0x0000021103a576ce sp=0x0000003d9b2f5eb8 mode 0
Event: 5.183 Thread 0x000002111c951000 Uncommon trap: trap_request=0xffffff5c fr.pc=0x000002110b598a04 relative=0x0000000000000e44
Event: 5.183 Thread 0x000002111c951000 Uncommon trap: reason=speculate_null_assert action=make_not_entrant pc=0x000002110b598a04 method=jdk.internal.loader.URLClassPath$JarLoader.getResource(Ljava/lang/String;ZLjava/util/Set;)Ljdk/internal/loader/Resource; @ 17 c2
Event: 5.183 Thread 0x000002111c951000 DEOPT PACKING pc=0x000002110b598a04 sp=0x0000003d9b2f5a20
Event: 5.183 Thread 0x000002111c951000 DEOPT UNPACKING pc=0x0000021103a578af sp=0x0000003d9b2f59c8 mode 2
Event: 5.295 Thread 0x000002111c951000 Uncommon trap: trap_request=0xffffff4d fr.pc=0x000002110b589908 relative=0x00000000000015a8
Event: 5.295 Thread 0x000002111c951000 Uncommon trap: reason=unstable_if action=reinterpret pc=0x000002110b589908 method=sun.nio.fs.WindowsPathParser.isSlash(C)Z @ 9 c2
Event: 5.295 Thread 0x000002111c951000 DEOPT PACKING pc=0x000002110b589908 sp=0x0000003d9b2f9a50
Event: 5.295 Thread 0x000002111c951000 DEOPT UNPACKING pc=0x0000021103a578af sp=0x0000003d9b2f99e0 mode 2
Event: 5.295 Thread 0x000002111c951000 Uncommon trap: trap_request=0xffffff4d fr.pc=0x000002110b516edc relative=0x000000000000003c
Event: 5.295 Thread 0x000002111c951000 Uncommon trap: reason=unstable_if action=reinterpret pc=0x000002110b516edc method=sun.nio.fs.WindowsPathParser.isSlash(C)Z @ 9 c2
Event: 5.295 Thread 0x000002111c951000 DEOPT PACKING pc=0x000002110b516edc sp=0x0000003d9b2f9a50
Event: 5.295 Thread 0x000002111c951000 DEOPT UNPACKING pc=0x0000021103a578af sp=0x0000003d9b2f99d8 mode 2

Classes redefined (0 events):
No events

Internal exceptions (20 events):
Event: 4.201 Thread 0x000002111c951000 Exception <a 'java/lang/NoSuchMethodError'{0x00000000853bd660}: 'java.lang.Object java.lang.invoke.Invokers$Holder.linkToTargetMethod(java.lang.Object, java.lang.Object, java.lang.Object, java.lang.Object, java.lang.Object, java.lang.Object, java.lang.Object, java.lang.Object, java.lang.Object, java.lang.Object, java.lang.Object, java.lang.Object)'> (0x00000000853bd660) thrown at [./src/hotspot/share/interpreter/linkResolver.cpp, line 773]
Event: 4.207 Thread 0x000002111c951000 Exception <a 'java/lang/NoSuchMethodError'{0x0000000085251920}: 'java.lang.Object java.lang.invoke.DirectMethodHandle$Holder.invokeStaticInit(java.lang.Object, java.lang.Object, java.lang.Object, java.lang.Object)'> (0x0000000085251920) thrown at [./src/hotspot/share/interpreter/linkResolver.cpp, line 773]
Event: 4.310 Thread 0x000002111c951000 Implicit null exception at 0x000002110b609bf5 to 0x000002110b609dbc
Event: 4.310 Thread 0x000002111c951000 Implicit null exception at 0x000002110b5f592f to 0x000002110b5f599d
Event: 4.868 Thread 0x000002111c951000 Exception <a 'java/lang/NoSuchMethodError'{0x0000000085edc218}: 'void java.lang.invoke.DirectMethodHandle$Holder.invokeStaticInit(java.lang.Object, java.lang.Object, java.lang.Object)'> (0x0000000085edc218) thrown at [./src/hotspot/share/interpreter/linkResolver.cpp, line 773]
Event: 4.869 Thread 0x000002111c951000 Exception <a 'java/lang/NoSuchMethodError'{0x0000000085ee2ff0}: 'void java.lang.invoke.DirectMethodHandle$Holder.invokeStaticInit(java.lang.Object, java.lang.Object, java.lang.Object, java.lang.Object)'> (0x0000000085ee2ff0) thrown at [./src/hotspot/share/interpreter/linkResolver.cpp, line 773]
Event: 4.875 Thread 0x000002111c951000 Exception <a 'java/lang/NoSuchMethodError'{0x0000000085d05ac8}: 'void java.lang.invoke.DirectMethodHandle$Holder.invokeStaticInit(java.lang.Object, java.lang.Object, java.lang.Object, java.lang.Object, java.lang.Object)'> (0x0000000085d05ac8) thrown at [./src/hotspot/share/interpreter/linkResolver.cpp, line 773]
Event: 4.878 Thread 0x000002111c951000 Exception <a 'java/lang/NoSuchMethodError'{0x0000000085d0d1d8}: 'int java.lang.invoke.DirectMethodHandle$Holder.invokeStaticInit(java.lang.Object, java.lang.Object, java.lang.Object)'> (0x0000000085d0d1d8) thrown at [./src/hotspot/share/interpreter/linkResolver.cpp, line 773]
Event: 4.932 Thread 0x000002111c951000 Exception <a 'java/lang/NoSuchMethodError'{0x0000000085d6bf48}: 'int java.lang.invoke.DirectMethodHandle$Holder.invokeStaticInit(java.lang.Object, java.lang.Object, java.lang.Object, java.lang.Object)'> (0x0000000085d6bf48) thrown at [./src/hotspot/share/interpreter/linkResolver.cpp, line 773]
Event: 4.933 Thread 0x000002111c951000 Exception <a 'java/lang/IncompatibleClassChangeError'{0x0000000085d754a8}: Found class java.lang.Object, but interface was expected> (0x0000000085d754a8) thrown at [./src/hotspot/share/interpreter/linkResolver.cpp, line 839]
Event: 5.171 Thread 0x000002111c951000 Exception <a 'java/lang/NoSuchMethodError'{0x00000000856e6fe0}: 'java.lang.Object java.lang.invoke.DirectMethodHandle$Holder.invokeStatic(java.lang.Object, java.lang.Object, java.lang.Object, java.lang.Object, java.lang.Object, java.lang.Object, java.lang.Object, java.lang.Object, java.lang.Object, java.lang.Object, java.lang.Object, int)'> (0x00000000856e6fe0) thrown at [./src/hotspot/share/interpreter/linkResolver.cpp, line 773]
Event: 5.176 Thread 0x000002111c951000 Exception <a 'java/lang/NoSuchMethodError'{0x0000000085505f08}: 'java.lang.Object java.lang.invoke.DirectMethodHandle$Holder.invokeStatic(java.lang.Object, java.lang.Object, java.lang.Object, java.lang.Object, java.lang.Object, java.lang.Object, java.lang.Object, java.lang.Object, java.lang.Object, java.lang.Object, java.lang.Object, int, int)'> (0x0000000085505f08) thrown at [./src/hotspot/share/interpreter/linkResolver.cpp, line 773]
Event: 5.178 Thread 0x000002111c951000 Exception <a 'java/lang/NoSuchMethodError'{0x0000000085525738}: 'java.lang.Object java.lang.invoke.DirectMethodHandle$Holder.invokeStatic(java.lang.Object, java.lang.Object, java.lang.Object, java.lang.Object, java.lang.Object, java.lang.Object, java.lang.Object, java.lang.Object, java.lang.Object, java.lang.Object, java.lang.Object, int, int, java.lang.Object)'> (0x0000000085525738) thrown at [./src/hotspot/share/interpreter/linkResolver.cpp, line 773]
Event: 5.181 Thread 0x000002111c951000 Exception <a 'java/lang/NoSuchMethodError'{0x0000000085546830}: 'java.lang.Object java.lang.invoke.DirectMethodHandle$Holder.invokeStatic(java.lang.Object, java.lang.Object, java.lang.Object, java.lang.Object, java.lang.Object, java.lang.Object, java.lang.Object, java.lang.Object, java.lang.Object, java.lang.Object, java.lang.Object, int, int, java.lang.Object, java.lang.Object)'> (0x0000000085546830) thrown at [./src/hotspot/share/interpreter/linkResolver.cpp, line 773]
Event: 5.185 Thread 0x000002111c951000 Exception <a 'java/lang/ClassNotFoundException'{0x00000000855754f8}: groovy/lang/ExpandoMetaClassBeanInfo> (0x00000000855754f8) thrown at [./src/hotspot/share/classfile/systemDictionary.cpp, line 231]
Event: 5.187 Thread 0x000002111c951000 Exception <a 'java/lang/ClassNotFoundException'{0x00000000855946e8}: groovy/lang/MetaClassImplBeanInfo> (0x00000000855946e8) thrown at [./src/hotspot/share/classfile/systemDictionary.cpp, line 231]
Event: 5.187 Thread 0x000002111c951000 Exception <a 'java/lang/ClassNotFoundException'{0x000000008559ce90}: java/lang/ObjectBeanInfo> (0x000000008559ce90) thrown at [./src/hotspot/share/classfile/systemDictionary.cpp, line 231]
Event: 5.188 Thread 0x000002111c951000 Exception <a 'java/lang/ClassNotFoundException'{0x00000000855a7a70}: java/lang/ObjectCustomizer> (0x00000000855a7a70) thrown at [./src/hotspot/share/classfile/systemDictionary.cpp, line 231]
Event: 5.197 Thread 0x000002111c951000 Exception <a 'java/lang/ClassNotFoundException'{0x00000000855cda28}: groovy/lang/MetaClassImplCustomizer> (0x00000000855cda28) thrown at [./src/hotspot/share/classfile/systemDictionary.cpp, line 231]
Event: 5.202 Thread 0x000002111c951000 Exception <a 'java/lang/ClassNotFoundException'{0x000000008540c8b0}: groovy/lang/ExpandoMetaClassCustomizer> (0x000000008540c8b0) thrown at [./src/hotspot/share/classfile/systemDictionary.cpp, line 231]

Events (20 events):
Event: 5.378 loading class java/time/chrono/IsoChronology
Event: 5.378 loading class java/time/chrono/AbstractChronology
Event: 5.379 loading class java/time/chrono/AbstractChronology done
Event: 5.379 loading class java/time/chrono/IsoChronology done
Event: 5.379 loading class java/time/zone/ZoneOffsetTransitionRule$1
Event: 5.379 loading class java/time/zone/ZoneOffsetTransitionRule$1 done
Event: 5.379 loading class java/nio/file/ClosedDirectoryStreamException
Event: 5.379 loading class java/nio/file/ClosedDirectoryStreamException done
Event: 5.380 loading class java/nio/file/DirectoryIteratorException
Event: 5.380 loading class java/nio/file/DirectoryIteratorException done
Event: 5.380 loading class java/nio/file/FileTreeWalker$DirectoryNode
Event: 5.380 loading class java/nio/file/FileTreeWalker$DirectoryNode done
Event: 5.380 loading class java/nio/file/FileTreeWalker$Event
Event: 5.380 loading class java/nio/file/FileTreeWalker$Event done
Event: 5.380 loading class java/nio/file/FileTreeWalker$EventType
Event: 5.380 loading class java/nio/file/FileTreeWalker$EventType done
Event: 5.380 loading class java/nio/file/Files$3
Event: 5.380 loading class java/nio/file/Files$3 done
Event: 5.381 loading class java/nio/file/FileVisitResult
Event: 5.381 loading class java/nio/file/FileVisitResult done


Dynamic libraries:
0x00007ff7c0090000 - 0x00007ff7c009a000 	C:\Program Files\Android\Android Studio\jre\bin\java.exe
0x00007ffe8bff0000 - 0x00007ffe8c1e5000 	C:\WINDOWS\SYSTEM32\ntdll.dll
0x00007ffe8a5b0000 - 0x00007ffe8a66e000 	C:\WINDOWS\System32\KERNEL32.DLL
0x00007ffe89710000 - 0x00007ffe899d8000 	C:\WINDOWS\System32\KERNELBASE.dll
0x00007ffe89de0000 - 0x00007ffe89ee0000 	C:\WINDOWS\System32\ucrtbase.dll
0x00007ffe83d60000 - 0x00007ffe83d79000 	C:\Program Files\Android\Android Studio\jre\bin\jli.dll
0x00007ffe82e60000 - 0x00007ffe82e77000 	C:\Program Files\Android\Android Studio\jre\bin\VCRUNTIME140.dll
0x00007ffe8ab60000 - 0x00007ffe8ad01000 	C:\WINDOWS\System32\USER32.dll
0x00007ffe899e0000 - 0x00007ffe89a02000 	C:\WINDOWS\System32\win32u.dll
0x00007ffe8ad10000 - 0x00007ffe8ad3b000 	C:\WINDOWS\System32\GDI32.dll
0x00007ffe89cd0000 - 0x00007ffe89ddb000 	C:\WINDOWS\System32\gdi32full.dll
0x00007ffe89b70000 - 0x00007ffe89c0d000 	C:\WINDOWS\System32\msvcp_win.dll
0x00007ffe77040000 - 0x00007ffe772da000 	C:\WINDOWS\WinSxS\amd64_microsoft.windows.common-controls_6595b64144ccf1df_6.0.19041.1110_none_60b5254171f9507e\COMCTL32.dll
0x00007ffe8a4b0000 - 0x00007ffe8a54e000 	C:\WINDOWS\System32\msvcrt.dll
0x00007ffe8b1d0000 - 0x00007ffe8b200000 	C:\WINDOWS\System32\IMM32.DLL
0x00007ffe6ba30000 - 0x00007ffe6bacd000 	C:\Program Files\Android\Android Studio\jre\bin\msvcp140.dll
0x00007ffe50300000 - 0x00007ffe50dcf000 	C:\Program Files\Android\Android Studio\jre\bin\server\jvm.dll
0x00007ffe8a110000 - 0x00007ffe8a1bc000 	C:\WINDOWS\System32\ADVAPI32.dll
0x00007ffe8a270000 - 0x00007ffe8a30b000 	C:\WINDOWS\System32\sechost.dll
0x00007ffe8bb50000 - 0x00007ffe8bc7a000 	C:\WINDOWS\System32\RPCRT4.dll
0x00007ffe8be20000 - 0x00007ffe8be28000 	C:\WINDOWS\System32\PSAPI.DLL
0x00007ffe790e0000 - 0x00007ffe790e9000 	C:\WINDOWS\SYSTEM32\WSOCK32.dll
0x00007ffe7ede0000 - 0x00007ffe7edea000 	C:\WINDOWS\SYSTEM32\VERSION.dll
0x00007ffe7edb0000 - 0x00007ffe7edd7000 	C:\WINDOWS\SYSTEM32\WINMM.dll
0x00007ffe8a670000 - 0x00007ffe8a6db000 	C:\WINDOWS\System32\WS2_32.dll
0x00007ffe87fe0000 - 0x00007ffe87ff2000 	C:\WINDOWS\SYSTEM32\kernel.appcore.dll
0x00007ffe83510000 - 0x00007ffe83521000 	C:\Program Files\Android\Android Studio\jre\bin\verify.dll
0x00007ffe874a0000 - 0x00007ffe87684000 	C:\WINDOWS\SYSTEM32\DBGHELP.DLL
0x00007ffe780d0000 - 0x00007ffe780fc000 	C:\WINDOWS\SYSTEM32\dbgcore.DLL
0x00007ffe89c10000 - 0x00007ffe89c93000 	C:\WINDOWS\System32\bcryptPrimitives.dll
0x00007ffe733d0000 - 0x00007ffe733f9000 	C:\Program Files\Android\Android Studio\jre\bin\java.dll
0x00007ffe83d40000 - 0x00007ffe83d4b000 	C:\Program Files\Android\Android Studio\jre\bin\jimage.dll
0x00007ffe733b0000 - 0x00007ffe733c8000 	C:\Program Files\Android\Android Studio\jre\bin\zip.dll
0x00007ffe8b200000 - 0x00007ffe8b93f000 	C:\WINDOWS\System32\SHELL32.dll
0x00007ffe87690000 - 0x00007ffe87e20000 	C:\WINDOWS\SYSTEM32\windows.storage.dll
0x00007ffe8ad40000 - 0x00007ffe8b095000 	C:\WINDOWS\System32\combase.dll
0x00007ffe89090000 - 0x00007ffe890be000 	C:\WINDOWS\SYSTEM32\Wldp.dll
0x00007ffe8a1c0000 - 0x00007ffe8a26d000 	C:\WINDOWS\System32\SHCORE.dll
0x00007ffe8a550000 - 0x00007ffe8a5a5000 	C:\WINDOWS\System32\shlwapi.dll
0x00007ffe89650000 - 0x00007ffe8966f000 	C:\WINDOWS\SYSTEM32\profapi.dll
0x00007ffe73340000 - 0x00007ffe7335a000 	C:\Program Files\Android\Android Studio\jre\bin\net.dll
0x00007ffe804a0000 - 0x00007ffe805ac000 	C:\WINDOWS\SYSTEM32\WINHTTP.dll
0x00007ffe88df0000 - 0x00007ffe88e5a000 	C:\WINDOWS\system32\mswsock.dll
0x00007ffe70e10000 - 0x00007ffe70e24000 	C:\Program Files\Android\Android Studio\jre\bin\nio.dll
0x00007ffe65450000 - 0x00007ffe65477000 	C:\Users\Owner\.gradle\native\8bec1ad78214c89d9ad589b4d07fe93259594b29d510b10fafb7a158f7737e5d\windows-amd64\native-platform.dll
0x00007ffe56400000 - 0x00007ffe5653d000 	C:\Users\Owner\.gradle\native\53dbd7edfb1c66fb8903c78663c9afc45aea4f116125fa6feffd364cf09443e8\windows-amd64\native-platform-file-events.dll
0x00007ffe83500000 - 0x00007ffe8350a000 	C:\Program Files\Android\Android Studio\jre\bin\management.dll
0x00007ffe7aa70000 - 0x00007ffe7aa7c000 	C:\Program Files\Android\Android Studio\jre\bin\management_ext.dll
0x00007ffe88fe0000 - 0x00007ffe88ff8000 	C:\WINDOWS\SYSTEM32\CRYPTSP.dll
0x00007ffe88770000 - 0x00007ffe887a4000 	C:\WINDOWS\system32\rsaenh.dll
0x00007ffe89ca0000 - 0x00007ffe89cc7000 	C:\WINDOWS\System32\bcrypt.dll
0x00007ffe89610000 - 0x00007ffe8963e000 	C:\WINDOWS\SYSTEM32\USERENV.dll
0x00007ffe89000000 - 0x00007ffe8900c000 	C:\WINDOWS\SYSTEM32\CRYPTBASE.dll
0x00007ffe88ae0000 - 0x00007ffe88b1b000 	C:\WINDOWS\SYSTEM32\IPHLPAPI.DLL
0x00007ffe8bf10000 - 0x00007ffe8bf18000 	C:\WINDOWS\System32\NSI.dll
0x00007ffe82960000 - 0x00007ffe82977000 	C:\WINDOWS\SYSTEM32\dhcpcsvc6.DLL
0x00007ffe81e70000 - 0x00007ffe81e8d000 	C:\WINDOWS\SYSTEM32\dhcpcsvc.DLL
0x00007ffe88b20000 - 0x00007ffe88beb000 	C:\WINDOWS\SYSTEM32\DNSAPI.dll

dbghelp: loaded successfully - version: 4.0.5 - missing functions: none
symbol engine: initialized successfully - sym options: 0x614 - pdb path: .;C:\Program Files\Android\Android Studio\jre\bin;C:\WINDOWS\SYSTEM32;C:\WINDOWS\WinSxS\amd64_microsoft.windows.common-controls_6595b64144ccf1df_6.0.19041.1110_none_60b5254171f9507e;C:\Program Files\Android\Android Studio\jre\bin\server;C:\Users\Owner\.gradle\native\8bec1ad78214c89d9ad589b4d07fe93259594b29d510b10fafb7a158f7737e5d\windows-amd64;C:\Users\Owner\.gradle\native\53dbd7edfb1c66fb8903c78663c9afc45aea4f116125fa6feffd364cf09443e8\windows-amd64

VM Arguments:
jvm_args: --add-opens=java.base/java.util=ALL-UNNAMED --add-opens=java.base/java.lang=ALL-UNNAMED --add-opens=java.base/java.lang.invoke=ALL-UNNAMED --add-opens=java.base/java.util=ALL-UNNAMED --add-opens=java.prefs/java.util.prefs=ALL-UNNAMED --add-opens=java.prefs/java.util.prefs=ALL-UNNAMED --add-opens=java.base/java.nio.charset=ALL-UNNAMED --add-opens=java.base/java.net=ALL-UNNAMED --add-opens=java.base/java.util.concurrent.atomic=ALL-UNNAMED -Xmx2048m -Dfile.encoding=UTF-8 -Duser.country=US -Duser.language=en -Duser.variant 
java_command: org.gradle.launcher.daemon.bootstrap.GradleDaemon 7.0.2
java_class_path (initial): C:\Users\Owner\.gradle\wrapper\dists\gradle-7.0.2-bin\857tjihv64xamwrf0h14cai3r\gradle-7.0.2\lib\gradle-launcher-7.0.2.jar
Launcher Type: SUN_STANDARD

[Global flags]
     intx CICompilerCount                          = 4                                         {product} {ergonomic}
     uint ConcGCThreads                            = 2                                         {product} {ergonomic}
     uint G1ConcRefinementThreads                  = 8                                         {product} {ergonomic}
   size_t G1HeapRegionSize                         = 1048576                                   {product} {ergonomic}
    uintx GCDrainStackTargetSize                   = 64                                        {product} {ergonomic}
   size_t InitialHeapSize                          = 100663296                                 {product} {ergonomic}
   size_t MarkStackSize                            = 4194304                                   {product} {ergonomic}
   size_t MaxHeapSize                              = 2147483648                                {product} {command line}
   size_t MaxNewSize                               = 1287651328                                {product} {ergonomic}
   size_t MinHeapDeltaBytes                        = 1048576                                   {product} {ergonomic}
    uintx NonNMethodCodeHeapSize                   = 5836300                                {pd product} {ergonomic}
    uintx NonProfiledCodeHeapSize                  = 122910970                              {pd product} {ergonomic}
    uintx ProfiledCodeHeapSize                     = 122910970                              {pd product} {ergonomic}
    uintx ReservedCodeCacheSize                    = 251658240                              {pd product} {ergonomic}
     bool SegmentedCodeCache                       = true                                      {product} {ergonomic}
     bool UseCompressedClassPointers               = true                                 {lp64_product} {ergonomic}
     bool UseCompressedOops                        = true                                 {lp64_product} {ergonomic}
     bool UseG1GC                                  = true                                      {product} {ergonomic}
     bool UseLargePagesIndividualAllocation        = false                                  {pd product} {ergonomic}

Logging:
Log output configuration:
 #0: stdout all=warning uptime,level,tags
 #1: stderr all=off uptime,level,tags

Environment Variables:
PATH=C:\Program Files\Eclipse Foundation\jdk-11.0.12.7-hotspot\bin;C:\Program Files\Common Files\Oracle\Java\javapath;C:\Program Files (x86)\Common Files\Oracle\Java\javapath;C:\WINDOWS\system32;C:\WINDOWS;C:\WINDOWS\System32\Wbem;C:\WINDOWS\System32\WindowsPowerShell\v1.0\;C:\WINDOWS\System32\OpenSSH\;C:\Program Files\Intel\WiFi\bin\;C:\Program Files\Common Files\Intel\WirelessCommon\;C:\Program Files\nodejs\;C:\Program Files\Git\cmd;C:\Gradle\gradle-6.9.1-bin;C:\Program Files\Java\jdk1.8.0_241\bin;C:\Users\Owner\AppData\Local\Programs\Microsoft VS Code\bin
USERNAME=Owner
OS=Windows_NT
PROCESSOR_IDENTIFIER=AMD64 Family 23 Model 24 Stepping 1, AuthenticAMD



---------------  S Y S T E M  ---------------

OS: Windows 10 , 64 bit Build 19041 (10.0.19041.1348)
OS uptime: 0 days 0:46 hours

CPU:total 8 (initial active 8) (8 cores per cpu, 2 threads per core) family 23 model 24 stepping 1 microcode 0x0, cmov, cx8, fxsr, mmx, sse, sse2, sse3, ssse3, sse4.1, sse4.2, popcnt, avx, avx2, aes, clmul, mmxext, 3dnowpref, lzcnt, sse4a, ht, tsc, tscinvbit, tscinv, bmi1, bmi2, adx, s

Memory: 4k page, system-wide physical 6091M (880M free)
TotalPageFile size 6091M (AvailPageFile size 3M)
current process WorkingSet (physical memory assigned to process): 233M, peak: 234M
current process commit charge ("private bytes"): 283M, peak: 285M

vm_info: OpenJDK 64-Bit Server VM (11.0.10+0-b96-7249189) for windows-amd64 JRE (11.0.10+0-b96-7249189), built on Mar 31 2021 21:44:00 by "builder" with MS VC++ 14.0 (VS2015)

END.
