#
# There is insufficient memory for the Java Runtime Environment to continue.
# Native memory allocation (malloc) failed to allocate 1559536 bytes for Chunk::new
# Possible reasons:
#   The system is out of physical RAM or swap space
#   The process is running with CompressedOops enabled, and the Java Heap may be blocking the growth of the native heap
# Possible solutions:
#   Reduce memory load on the system
#   Increase physical memory or swap space
#   Check if swap backing store is full
#   Decrease Java heap size (-Xmx/-Xms)
#   Decrease number of Java threads
#   Decrease Java thread stack sizes (-Xss)
#   Set larger code cache with -XX:ReservedCodeCacheSize=
#   JVM is running with Unscaled Compressed Oops mode in which the Java heap is
#     placed in the first 4GB address space. The Java Heap base address is the
#     maximum limit for the native heap growth. Please use -XX:HeapBaseMinAddress
#     to set the Java Heap base and to place the Java Heap above 4GB virtual address.
# This output file may be truncated or incomplete.
#
#  Out of Memory Error (./src/hotspot/share/memory/arena.cpp:197), pid=3928, tid=1020
#
# JRE version: OpenJDK Runtime Environment (11.0.10) (build 11.0.10+0-b96-7249189)
# Java VM: OpenJDK 64-Bit Server VM (11.0.10+0-b96-7249189, mixed mode, tiered, compressed oops, g1 gc, windows-amd64)
# No core dump will be written. Minidumps are not enabled by default on client versions of Windows
#

---------------  S U M M A R Y ------------

Command Line: --add-opens=java.base/java.util=ALL-UNNAMED --add-opens=java.base/java.lang=ALL-UNNAMED --add-opens=java.base/java.lang.invoke=ALL-UNNAMED --add-opens=java.base/java.util=ALL-UNNAMED --add-opens=java.prefs/java.util.prefs=ALL-UNNAMED --add-opens=java.prefs/java.util.prefs=ALL-UNNAMED --add-opens=java.base/java.nio.charset=ALL-UNNAMED --add-opens=java.base/java.net=ALL-UNNAMED --add-opens=java.base/java.util.concurrent.atomic=ALL-UNNAMED -Xmx2048m -Dfile.encoding=UTF-8 -Duser.country=US -Duser.language=en -Duser.variant org.gradle.launcher.daemon.bootstrap.GradleDaemon 7.0.2

Host: AMD Ryzen 5 3500U with Radeon Vega Mobile Gfx  , 8 cores, 5G,  Windows 10 , 64 bit Build 19041 (10.0.19041.1348)
Time: Mon Dec  6 11:41:02 2021 Central Standard Time elapsed time: 6.271112 seconds (0d 0h 0m 6s)

---------------  T H R E A D  ---------------

Current thread (0x0000014fcf570800):  JavaThread "C2 CompilerThread1" daemon [_thread_in_native, id=1020, stack(0x000000373d900000,0x000000373da00000)]


Current CompileTask:
C2:   6271 3426       4       java.util.AbstractCollection::addAll (42 bytes)

Stack: [0x000000373d900000,0x000000373da00000]
Native frames: (J=compiled Java code, j=interpreted, Vv=VM code, C=native code)
V  [jvm.dll+0x5ecfaa]
V  [jvm.dll+0x722bd5]
V  [jvm.dll+0x72412d]
V  [jvm.dll+0x7247e3]
V  [jvm.dll+0x242928]
V  [jvm.dll+0xbc4fc]
V  [jvm.dll+0xbca0c]
V  [jvm.dll+0x352d7d]
V  [jvm.dll+0x320ad3]
V  [jvm.dll+0x31ffca]
V  [jvm.dll+0x1fb602]
V  [jvm.dll+0x1fa7f4]
V  [jvm.dll+0x18354c]
V  [jvm.dll+0x208ee7]
V  [jvm.dll+0x207731]
V  [jvm.dll+0x6eb1cf]
V  [jvm.dll+0x6e3d45]
V  [jvm.dll+0x5ebe96]
C  [ucrtbase.dll+0x21bb2]
C  [KERNEL32.DLL+0x17034]
C  [ntdll.dll+0x52651]


---------------  P R O C E S S  ---------------

Threads class SMR info:
_java_thread_list=0x0000014fd12d8230, length=35, elements={
0x0000014fb1f18800, 0x0000014fce356800, 0x0000014fce35a000, 0x0000014fcecf2800,
0x0000014fce372800, 0x0000014fce373800, 0x0000014fce376800, 0x0000014fce37f800,
0x0000014fce386800, 0x0000014fcee35800, 0x0000014fd0dee000, 0x0000014fcf0bc800,
0x0000014fd03bc000, 0x0000014fd1727800, 0x0000014fd14a5800, 0x0000014fd0ae2000,
0x0000014fd0ae3000, 0x0000014fd0e75800, 0x0000014fd136a000, 0x0000014fcfc9d800,
0x0000014fcfc9e800, 0x0000014fcfc9c000, 0x0000014fcfc9c800, 0x0000014fcf570800,
0x0000014fd1fa2800, 0x0000014fd1fa6000, 0x0000014fd1fa7800, 0x0000014fd1fa3800,
0x0000014fd1fa6800, 0x0000014fd1fa4000, 0x0000014fd2994000, 0x0000014fd1fa2000,
0x0000014fd6544000, 0x0000014fd6545000, 0x0000014fd6543800
}

Java Threads: ( => current thread )
  0x0000014fb1f18800 JavaThread "main" [_thread_blocked, id=1280, stack(0x000000373be00000,0x000000373bf00000)]
  0x0000014fce356800 JavaThread "Reference Handler" daemon [_thread_blocked, id=3120, stack(0x000000373c500000,0x000000373c600000)]
  0x0000014fce35a000 JavaThread "Finalizer" daemon [_thread_blocked, id=7608, stack(0x000000373c600000,0x000000373c700000)]
  0x0000014fcecf2800 JavaThread "Signal Dispatcher" daemon [_thread_blocked, id=5800, stack(0x000000373c700000,0x000000373c800000)]
  0x0000014fce372800 JavaThread "Attach Listener" daemon [_thread_blocked, id=3256, stack(0x000000373c800000,0x000000373c900000)]
  0x0000014fce373800 JavaThread "Service Thread" daemon [_thread_blocked, id=10864, stack(0x000000373c900000,0x000000373ca00000)]
  0x0000014fce376800 JavaThread "C2 CompilerThread0" daemon [_thread_in_native, id=1380, stack(0x000000373ca00000,0x000000373cb00000)]
  0x0000014fce37f800 JavaThread "C1 CompilerThread0" daemon [_thread_blocked, id=1836, stack(0x000000373cb00000,0x000000373cc00000)]
  0x0000014fce386800 JavaThread "Sweeper thread" daemon [_thread_blocked, id=8360, stack(0x000000373cc00000,0x000000373cd00000)]
  0x0000014fcee35800 JavaThread "Common-Cleaner" daemon [_thread_blocked, id=10660, stack(0x000000373cd00000,0x000000373ce00000)]
  0x0000014fd0dee000 JavaThread "Daemon health stats" [_thread_blocked, id=4808, stack(0x000000373d200000,0x000000373d300000)]
  0x0000014fcf0bc800 JavaThread "Incoming local TCP Connector on port 63118" [_thread_in_native, id=5584, stack(0x000000373cf00000,0x000000373d000000)]
  0x0000014fd03bc000 JavaThread "Daemon periodic checks" [_thread_blocked, id=11496, stack(0x000000373d100000,0x000000373d200000)]
  0x0000014fd1727800 JavaThread "Daemon" [_thread_blocked, id=12096, stack(0x000000373d500000,0x000000373d600000)]
  0x0000014fd14a5800 JavaThread "Handler for socket connection from /127.0.0.1:63118 to /127.0.0.1:63119" [_thread_in_native, id=8152, stack(0x000000373d600000,0x000000373d700000)]
  0x0000014fd0ae2000 JavaThread "Cancel handler" [_thread_blocked, id=11316, stack(0x000000373d700000,0x000000373d800000)]
  0x0000014fd0ae3000 JavaThread "Daemon worker" [_thread_in_vm, id=1356, stack(0x000000373d800000,0x000000373d900000)]
  0x0000014fd0e75800 JavaThread "Asynchronous log dispatcher for DefaultDaemonConnection: socket connection from /127.0.0.1:63118 to /127.0.0.1:63119" [_thread_blocked, id=1752, stack(0x000000373da00000,0x000000373db00000)]
  0x0000014fd136a000 JavaThread "Stdin handler" [_thread_blocked, id=8756, stack(0x000000373db00000,0x000000373dc00000)]
  0x0000014fcfc9d800 JavaThread "Daemon client event forwarder" [_thread_blocked, id=3380, stack(0x000000373dc00000,0x000000373dd00000)]
  0x0000014fcfc9e800 JavaThread "Cache worker for file hash cache (C:\Users\Owner\.gradle\caches\7.0.2\fileHashes)" [_thread_blocked, id=2836, stack(0x000000373dd00000,0x000000373de00000)]
  0x0000014fcfc9c000 JavaThread "File lock request listener" [_thread_in_native, id=11020, stack(0x000000373de00000,0x000000373df00000)]
  0x0000014fcfc9c800 JavaThread "Cache worker for journal cache (C:\Users\Owner\.gradle\caches\journal-1)" [_thread_blocked, id=2748, stack(0x000000373e400000,0x000000373e500000)]
=>0x0000014fcf570800 JavaThread "C2 CompilerThread1" daemon [_thread_in_native, id=1020, stack(0x000000373d900000,0x000000373da00000)]
  0x0000014fd1fa2800 JavaThread "Cache worker for file hash cache (C:\Users\Owner\Desktop\309_local\2_hb_4\Frontend\Tarp\.gradle\7.0.2\fileHashes)" [_thread_blocked, id=9836, stack(0x000000373e500000,0x000000373e600000)]
  0x0000014fd1fa6000 JavaThread "File watcher server" daemon [_thread_in_native, id=8804, stack(0x000000373e600000,0x000000373e700000)]
  0x0000014fd1fa7800 JavaThread "File watcher consumer" daemon [_thread_blocked, id=8840, stack(0x000000373e700000,0x000000373e800000)]
  0x0000014fd1fa3800 JavaThread "Cache worker for checksums cache (C:\Users\Owner\Desktop\309_local\2_hb_4\Frontend\Tarp\.gradle\checksums)" [_thread_blocked, id=10892, stack(0x000000373e800000,0x000000373e900000)]
  0x0000014fd1fa6800 JavaThread "Cache worker for cache directory md-supplier (C:\Users\Owner\.gradle\caches\7.0.2\md-supplier)" [_thread_blocked, id=10328, stack(0x000000373e900000,0x000000373ea00000)]
  0x0000014fd1fa4000 JavaThread "Cache worker for cache directory md-rule (C:\Users\Owner\.gradle\caches\7.0.2\md-rule)" [_thread_blocked, id=6168, stack(0x000000373ea00000,0x000000373eb00000)]
  0x0000014fd2994000 JavaThread "C2 CompilerThread2" daemon [_thread_in_native, id=8052, stack(0x000000373eb00000,0x000000373ec00000)]
  0x0000014fd1fa2000 JavaThread "Cache worker for execution history cache (C:\Users\Owner\.gradle\caches\7.0.2\executionHistory)" [_thread_blocked, id=6700, stack(0x000000373ec00000,0x000000373ed00000)]
  0x0000014fd6544000 JavaThread "jar transforms" [_thread_blocked, id=5140, stack(0x000000373ed00000,0x000000373ee00000)]
  0x0000014fd6545000 JavaThread "jar transforms Thread 2" [_thread_blocked, id=1124, stack(0x000000373ee00000,0x000000373ef00000)]
  0x0000014fd6543800 JavaThread "Cache worker for file content cache (C:\Users\Owner\.gradle\caches\7.0.2\fileContent)" [_thread_blocked, id=9760, stack(0x000000373ef00000,0x000000373f000000)]

Other Threads:
  0x0000014fce350800 VMThread "VM Thread" [stack: 0x000000373c400000,0x000000373c500000] [id=5096]
  0x0000014fcee72000 WatcherThread [stack: 0x000000373ce00000,0x000000373cf00000] [id=8540]
  0x0000014fb1f35000 GCTaskThread "GC Thread#0" [stack: 0x000000373bf00000,0x000000373c000000] [id=12144]
  0x0000014fcf72b000 GCTaskThread "GC Thread#1" [stack: 0x000000373d000000,0x000000373d100000] [id=2328]
  0x0000014fd1e2c000 GCTaskThread "GC Thread#2" [stack: 0x000000373d300000,0x000000373d400000] [id=2532]
  0x0000014fd1127800 GCTaskThread "GC Thread#3" [stack: 0x000000373d400000,0x000000373d500000] [id=4964]
  0x0000014fd19e8800 GCTaskThread "GC Thread#4" [stack: 0x000000373df00000,0x000000373e000000] [id=9084]
  0x0000014fd048f800 GCTaskThread "GC Thread#5" [stack: 0x000000373e000000,0x000000373e100000] [id=11044]
  0x0000014fd1468800 GCTaskThread "GC Thread#6" [stack: 0x000000373e100000,0x000000373e200000] [id=7936]
  0x0000014fd1e9c800 GCTaskThread "GC Thread#7" [stack: 0x000000373e200000,0x000000373e300000] [id=11564]
  0x0000014fb1f65000 ConcurrentGCThread "G1 Main Marker" [stack: 0x000000373c000000,0x000000373c100000] [id=5452]
  0x0000014fb1f66800 ConcurrentGCThread "G1 Conc#0" [stack: 0x000000373c100000,0x000000373c200000] [id=8652]
  0x0000014fd19e3800 ConcurrentGCThread "G1 Conc#1" [stack: 0x000000373e300000,0x000000373e400000] [id=2852]
  0x0000014fb1fee800 ConcurrentGCThread "G1 Refine#0" [stack: 0x000000373c200000,0x000000373c300000] [id=2608]
  0x0000014fb1fef800 ConcurrentGCThread "G1 Young RemSet Sampling" [stack: 0x000000373c300000,0x000000373c400000] [id=5268]

Threads with active compile tasks:
C2 CompilerThread0   6291 3429       4       org.codehaus.groovy.runtime.metaclass.MetaMethodIndex::addMethodToList (131 bytes)
C1 CompilerThread0   6291 3490       3       java.util.ArrayDeque::isEmpty (17 bytes)
C2 CompilerThread1   6291 3426       4       java.util.AbstractCollection::addAll (42 bytes)
C2 CompilerThread2   6292 3432       4       org.codehaus.groovy.reflection.CachedMethod::compareToCachedMethod (160 bytes)

VM state:not at safepoint (normal execution)

VM Mutex/Monitor currently owned by a thread: None

Heap address: 0x0000000080000000, size: 2048 MB, Compressed Oops mode: 32-bit
Narrow klass base: 0x0000000000000000, Narrow klass shift: 3
Compressed class space size: 1073741824 Address: 0x0000000100000000

Heap:
 garbage-first heap   total 118784K, used 41962K [0x0000000080000000, 0x0000000100000000)
  region size 1024K, 22 young (22528K), 6 survivors (6144K)
 Metaspace       used 38906K, capacity 39891K, committed 40268K, reserved 1083392K
  class space    used 4980K, capacity 5316K, committed 5452K, reserved 1048576K
Heap Regions: E=young(eden), S=young(survivor), O=old, HS=humongous(starts), HC=humongous(continues), CS=collection set, F=free, A=archive, TAMS=top-at-mark-start (previous, next)
|   0|0x0000000080000000, 0x0000000080100000, 0x0000000080100000|100%| O|  |TAMS 0x0000000080100000, 0x0000000080000000| Untracked 
|   1|0x0000000080100000, 0x0000000080200000, 0x0000000080200000|100%| O|  |TAMS 0x0000000080200000, 0x0000000080100000| Untracked 
|   2|0x0000000080200000, 0x0000000080300000, 0x0000000080300000|100%| O|  |TAMS 0x0000000080300000, 0x0000000080200000| Untracked 
|   3|0x0000000080300000, 0x0000000080400000, 0x0000000080400000|100%|HS|  |TAMS 0x0000000080400000, 0x0000000080300000| Complete 
|   4|0x0000000080400000, 0x0000000080500000, 0x0000000080500000|100%|HC|  |TAMS 0x0000000080500000, 0x0000000080400000| Complete 
|   5|0x0000000080500000, 0x0000000080600000, 0x0000000080600000|100%|HC|  |TAMS 0x0000000080600000, 0x0000000080500000| Complete 
|   6|0x0000000080600000, 0x0000000080700000, 0x0000000080700000|100%| O|  |TAMS 0x0000000080700000, 0x0000000080600000| Untracked 
|   7|0x0000000080700000, 0x0000000080800000, 0x0000000080800000|100%| O|  |TAMS 0x0000000080800000, 0x0000000080700000| Untracked 
|   8|0x0000000080800000, 0x0000000080900000, 0x0000000080900000|100%| O|  |TAMS 0x0000000080900000, 0x0000000080800000| Untracked 
|   9|0x0000000080900000, 0x0000000080a00000, 0x0000000080a00000|100%| O|  |TAMS 0x0000000080a00000, 0x0000000080900000| Untracked 
|  10|0x0000000080a00000, 0x0000000080b00000, 0x0000000080b00000|100%| O|  |TAMS 0x0000000080b00000, 0x0000000080a00000| Untracked 
|  11|0x0000000080b00000, 0x0000000080c00000, 0x0000000080c00000|100%| O|  |TAMS 0x0000000080c00000, 0x0000000080b00000| Untracked 
|  12|0x0000000080c00000, 0x0000000080d00000, 0x0000000080d00000|100%| O|  |TAMS 0x0000000080d00000, 0x0000000080c00000| Untracked 
|  13|0x0000000080d00000, 0x0000000080e00000, 0x0000000080e00000|100%| O|  |TAMS 0x0000000080e00000, 0x0000000080d00000| Untracked 
|  14|0x0000000080e00000, 0x0000000080f00000, 0x0000000080f00000|100%| O|  |TAMS 0x0000000080f00000, 0x0000000080e00000| Untracked 
|  15|0x0000000080f00000, 0x0000000081000000, 0x0000000081000000|100%| O|  |TAMS 0x0000000081000000, 0x0000000080f00000| Untracked 
|  16|0x0000000081000000, 0x0000000081100000, 0x0000000081100000|100%| O|  |TAMS 0x000000008107ac00, 0x0000000081000000| Untracked 
|  17|0x0000000081100000, 0x0000000081100000, 0x0000000081200000|  0%| F|  |TAMS 0x0000000081100000, 0x0000000081100000| Untracked 
|  18|0x0000000081200000, 0x0000000081200000, 0x0000000081300000|  0%| F|  |TAMS 0x0000000081200000, 0x0000000081200000| Untracked 
|  19|0x0000000081300000, 0x0000000081300000, 0x0000000081400000|  0%| F|  |TAMS 0x0000000081300000, 0x0000000081300000| Untracked 
|  20|0x0000000081400000, 0x0000000081500000, 0x0000000081500000|100%| O|  |TAMS 0x0000000081400000, 0x0000000081400000| Untracked 
|  21|0x0000000081500000, 0x0000000081600000, 0x0000000081600000|100%| O|  |TAMS 0x0000000081500000, 0x0000000081500000| Untracked 
|  22|0x0000000081600000, 0x00000000816faa00, 0x0000000081700000| 97%| O|  |TAMS 0x0000000081600000, 0x0000000081600000| Untracked 
|  23|0x0000000081700000, 0x0000000081700000, 0x0000000081800000|  0%| F|  |TAMS 0x0000000081700000, 0x0000000081700000| Untracked 
|  24|0x0000000081800000, 0x0000000081800000, 0x0000000081900000|  0%| F|  |TAMS 0x0000000081800000, 0x0000000081800000| Untracked 
|  25|0x0000000081900000, 0x0000000081900000, 0x0000000081a00000|  0%| F|  |TAMS 0x0000000081900000, 0x0000000081900000| Untracked 
|  26|0x0000000081a00000, 0x0000000081a00000, 0x0000000081b00000|  0%| F|  |TAMS 0x0000000081a00000, 0x0000000081a00000| Untracked 
|  27|0x0000000081b00000, 0x0000000081b00000, 0x0000000081c00000|  0%| F|  |TAMS 0x0000000081b00000, 0x0000000081b00000| Untracked 
|  28|0x0000000081c00000, 0x0000000081c00000, 0x0000000081d00000|  0%| F|  |TAMS 0x0000000081c00000, 0x0000000081c00000| Untracked 
|  29|0x0000000081d00000, 0x0000000081d00000, 0x0000000081e00000|  0%| F|  |TAMS 0x0000000081d00000, 0x0000000081d00000| Untracked 
|  30|0x0000000081e00000, 0x0000000081e00000, 0x0000000081f00000|  0%| F|  |TAMS 0x0000000081e00000, 0x0000000081e00000| Untracked 
|  31|0x0000000081f00000, 0x0000000081f00000, 0x0000000082000000|  0%| F|  |TAMS 0x0000000081f00000, 0x0000000081f00000| Untracked 
|  32|0x0000000082000000, 0x0000000082000000, 0x0000000082100000|  0%| F|  |TAMS 0x0000000082000000, 0x0000000082000000| Untracked 
|  33|0x0000000082100000, 0x0000000082100000, 0x0000000082200000|  0%| F|  |TAMS 0x0000000082100000, 0x0000000082100000| Untracked 
|  34|0x0000000082200000, 0x0000000082200000, 0x0000000082300000|  0%| F|  |TAMS 0x0000000082200000, 0x0000000082200000| Untracked 
|  35|0x0000000082300000, 0x0000000082300000, 0x0000000082400000|  0%| F|  |TAMS 0x0000000082300000, 0x0000000082300000| Untracked 
|  36|0x0000000082400000, 0x0000000082400000, 0x0000000082500000|  0%| F|  |TAMS 0x0000000082400000, 0x0000000082400000| Untracked 
|  37|0x0000000082500000, 0x0000000082500000, 0x0000000082600000|  0%| F|  |TAMS 0x0000000082500000, 0x0000000082500000| Untracked 
|  38|0x0000000082600000, 0x0000000082600000, 0x0000000082700000|  0%| F|  |TAMS 0x0000000082600000, 0x0000000082600000| Untracked 
|  39|0x0000000082700000, 0x0000000082700000, 0x0000000082800000|  0%| F|  |TAMS 0x0000000082700000, 0x0000000082700000| Untracked 
|  40|0x0000000082800000, 0x0000000082800000, 0x0000000082900000|  0%| F|  |TAMS 0x0000000082800000, 0x0000000082800000| Untracked 
|  41|0x0000000082900000, 0x0000000082900000, 0x0000000082a00000|  0%| F|  |TAMS 0x0000000082900000, 0x0000000082900000| Untracked 
|  42|0x0000000082a00000, 0x0000000082a00000, 0x0000000082b00000|  0%| F|  |TAMS 0x0000000082a00000, 0x0000000082a00000| Untracked 
|  43|0x0000000082b00000, 0x0000000082b00000, 0x0000000082c00000|  0%| F|  |TAMS 0x0000000082b00000, 0x0000000082b00000| Untracked 
|  44|0x0000000082c00000, 0x0000000082d00000, 0x0000000082d00000|100%| S|CS|TAMS 0x0000000082c00000, 0x0000000082c00000| Complete 
|  45|0x0000000082d00000, 0x0000000082e00000, 0x0000000082e00000|100%| S|CS|TAMS 0x0000000082d00000, 0x0000000082d00000| Complete 
|  46|0x0000000082e00000, 0x0000000082f00000, 0x0000000082f00000|100%| S|CS|TAMS 0x0000000082e00000, 0x0000000082e00000| Complete 
|  47|0x0000000082f00000, 0x0000000083000000, 0x0000000083000000|100%| S|CS|TAMS 0x0000000082f00000, 0x0000000082f00000| Complete 
|  48|0x0000000083000000, 0x0000000083100000, 0x0000000083100000|100%| S|CS|TAMS 0x0000000083000000, 0x0000000083000000| Complete 
|  49|0x0000000083100000, 0x0000000083200000, 0x0000000083200000|100%| S|CS|TAMS 0x0000000083100000, 0x0000000083100000| Complete 
|  50|0x0000000083200000, 0x0000000083200000, 0x0000000083300000|  0%| F|  |TAMS 0x0000000083200000, 0x0000000083200000| Untracked 
|  51|0x0000000083300000, 0x0000000083300000, 0x0000000083400000|  0%| F|  |TAMS 0x0000000083300000, 0x0000000083300000| Untracked 
|  52|0x0000000083400000, 0x0000000083400000, 0x0000000083500000|  0%| F|  |TAMS 0x0000000083400000, 0x0000000083400000| Untracked 
|  53|0x0000000083500000, 0x0000000083500000, 0x0000000083600000|  0%| F|  |TAMS 0x0000000083500000, 0x0000000083500000| Untracked 
|  54|0x0000000083600000, 0x0000000083600000, 0x0000000083700000|  0%| F|  |TAMS 0x0000000083600000, 0x0000000083600000| Untracked 
|  55|0x0000000083700000, 0x0000000083700000, 0x0000000083800000|  0%| F|  |TAMS 0x0000000083700000, 0x0000000083700000| Untracked 
|  56|0x0000000083800000, 0x0000000083800000, 0x0000000083900000|  0%| F|  |TAMS 0x0000000083800000, 0x0000000083800000| Untracked 
|  57|0x0000000083900000, 0x0000000083900000, 0x0000000083a00000|  0%| F|  |TAMS 0x0000000083900000, 0x0000000083900000| Untracked 
|  58|0x0000000083a00000, 0x0000000083a00000, 0x0000000083b00000|  0%| F|  |TAMS 0x0000000083a00000, 0x0000000083a00000| Untracked 
|  59|0x0000000083b00000, 0x0000000083b00000, 0x0000000083c00000|  0%| F|  |TAMS 0x0000000083b00000, 0x0000000083b00000| Untracked 
|  60|0x0000000083c00000, 0x0000000083c00000, 0x0000000083d00000|  0%| F|  |TAMS 0x0000000083c00000, 0x0000000083c00000| Untracked 
|  61|0x0000000083d00000, 0x0000000083d00000, 0x0000000083e00000|  0%| F|  |TAMS 0x0000000083d00000, 0x0000000083d00000| Untracked 
|  62|0x0000000083e00000, 0x0000000083e00000, 0x0000000083f00000|  0%| F|  |TAMS 0x0000000083e00000, 0x0000000083e00000| Untracked 
|  63|0x0000000083f00000, 0x0000000083f00000, 0x0000000084000000|  0%| F|  |TAMS 0x0000000083f00000, 0x0000000083f00000| Untracked 
|  64|0x0000000084000000, 0x0000000084000000, 0x0000000084100000|  0%| F|  |TAMS 0x0000000084000000, 0x0000000084000000| Untracked 
|  65|0x0000000084100000, 0x0000000084100000, 0x0000000084200000|  0%| F|  |TAMS 0x0000000084100000, 0x0000000084100000| Untracked 
|  66|0x0000000084200000, 0x0000000084200000, 0x0000000084300000|  0%| F|  |TAMS 0x0000000084200000, 0x0000000084200000| Untracked 
|  67|0x0000000084300000, 0x0000000084300000, 0x0000000084400000|  0%| F|  |TAMS 0x0000000084300000, 0x0000000084300000| Untracked 
|  68|0x0000000084400000, 0x0000000084400000, 0x0000000084500000|  0%| F|  |TAMS 0x0000000084400000, 0x0000000084400000| Untracked 
|  69|0x0000000084500000, 0x0000000084500000, 0x0000000084600000|  0%| F|  |TAMS 0x0000000084500000, 0x0000000084500000| Untracked 
|  70|0x0000000084600000, 0x0000000084600000, 0x0000000084700000|  0%| F|  |TAMS 0x0000000084600000, 0x0000000084600000| Untracked 
|  71|0x0000000084700000, 0x0000000084700000, 0x0000000084800000|  0%| F|  |TAMS 0x0000000084700000, 0x0000000084700000| Untracked 
|  72|0x0000000084800000, 0x0000000084800000, 0x0000000084900000|  0%| F|  |TAMS 0x0000000084800000, 0x0000000084800000| Untracked 
|  73|0x0000000084900000, 0x0000000084900000, 0x0000000084a00000|  0%| F|  |TAMS 0x0000000084900000, 0x0000000084900000| Untracked 
|  74|0x0000000084a00000, 0x0000000084a00000, 0x0000000084b00000|  0%| F|  |TAMS 0x0000000084a00000, 0x0000000084a00000| Untracked 
|  75|0x0000000084b00000, 0x0000000084b00000, 0x0000000084c00000|  0%| F|  |TAMS 0x0000000084b00000, 0x0000000084b00000| Untracked 
|  76|0x0000000084c00000, 0x0000000084c00000, 0x0000000084d00000|  0%| F|  |TAMS 0x0000000084c00000, 0x0000000084c00000| Untracked 
|  77|0x0000000084d00000, 0x0000000084d00000, 0x0000000084e00000|  0%| F|  |TAMS 0x0000000084d00000, 0x0000000084d00000| Untracked 
|  78|0x0000000084e00000, 0x0000000084e00000, 0x0000000084f00000|  0%| F|  |TAMS 0x0000000084e00000, 0x0000000084e00000| Untracked 
|  79|0x0000000084f00000, 0x0000000084f00000, 0x0000000085000000|  0%| F|  |TAMS 0x0000000084f00000, 0x0000000084f00000| Untracked 
|  80|0x0000000085000000, 0x0000000085000000, 0x0000000085100000|  0%| F|  |TAMS 0x0000000085000000, 0x0000000085000000| Untracked 
|  81|0x0000000085100000, 0x0000000085100000, 0x0000000085200000|  0%| F|  |TAMS 0x0000000085100000, 0x0000000085100000| Untracked 
|  82|0x0000000085200000, 0x0000000085200000, 0x0000000085300000|  0%| F|  |TAMS 0x0000000085200000, 0x0000000085200000| Untracked 
|  83|0x0000000085300000, 0x0000000085300000, 0x0000000085400000|  0%| F|  |TAMS 0x0000000085300000, 0x0000000085300000| Untracked 
|  84|0x0000000085400000, 0x0000000085400000, 0x0000000085500000|  0%| F|  |TAMS 0x0000000085400000, 0x0000000085400000| Untracked 
|  85|0x0000000085500000, 0x0000000085500000, 0x0000000085600000|  0%| F|  |TAMS 0x0000000085500000, 0x0000000085500000| Untracked 
|  86|0x0000000085600000, 0x0000000085600000, 0x0000000085700000|  0%| F|  |TAMS 0x0000000085600000, 0x0000000085600000| Untracked 
|  87|0x0000000085700000, 0x0000000085700000, 0x0000000085800000|  0%| F|  |TAMS 0x0000000085700000, 0x0000000085700000| Untracked 
|  88|0x0000000085800000, 0x0000000085800000, 0x0000000085900000|  0%| F|  |TAMS 0x0000000085800000, 0x0000000085800000| Untracked 
|  89|0x0000000085900000, 0x0000000085900000, 0x0000000085a00000|  0%| F|  |TAMS 0x0000000085900000, 0x0000000085900000| Untracked 
|  90|0x0000000085a00000, 0x0000000085a00000, 0x0000000085b00000|  0%| F|  |TAMS 0x0000000085a00000, 0x0000000085a00000| Untracked 
|  91|0x0000000085b00000, 0x0000000085b00000, 0x0000000085c00000|  0%| F|  |TAMS 0x0000000085b00000, 0x0000000085b00000| Untracked 
|  92|0x0000000085c00000, 0x0000000085c00000, 0x0000000085d00000|  0%| F|  |TAMS 0x0000000085c00000, 0x0000000085c00000| Untracked 
|  93|0x0000000085d00000, 0x0000000085d00000, 0x0000000085e00000|  0%| F|  |TAMS 0x0000000085d00000, 0x0000000085d00000| Untracked 
|  94|0x0000000085e00000, 0x0000000085e00000, 0x0000000085f00000|  0%| F|  |TAMS 0x0000000085e00000, 0x0000000085e00000| Untracked 
|  95|0x0000000085f00000, 0x0000000085f00000, 0x0000000086000000|  0%| F|  |TAMS 0x0000000085f00000, 0x0000000085f00000| Untracked 
|  96|0x0000000086000000, 0x0000000086000000, 0x0000000086100000|  0%| F|  |TAMS 0x0000000086000000, 0x0000000086000000| Untracked 
|  97|0x0000000086100000, 0x0000000086100000, 0x0000000086200000|  0%| F|  |TAMS 0x0000000086100000, 0x0000000086100000| Untracked 
|  98|0x0000000086200000, 0x0000000086200000, 0x0000000086300000|  0%| F|  |TAMS 0x0000000086200000, 0x0000000086200000| Untracked 
|  99|0x0000000086300000, 0x0000000086300000, 0x0000000086400000|  0%| F|  |TAMS 0x0000000086300000, 0x0000000086300000| Untracked 
| 100|0x0000000086400000, 0x0000000086480800, 0x0000000086500000| 50%| E|  |TAMS 0x0000000086400000, 0x0000000086400000| Complete 
| 101|0x0000000086500000, 0x0000000086600000, 0x0000000086600000|100%| E|CS|TAMS 0x0000000086500000, 0x0000000086500000| Complete 
| 102|0x0000000086600000, 0x0000000086700000, 0x0000000086700000|100%| E|CS|TAMS 0x0000000086600000, 0x0000000086600000| Complete 
| 103|0x0000000086700000, 0x0000000086800000, 0x0000000086800000|100%| E|CS|TAMS 0x0000000086700000, 0x0000000086700000| Complete 
| 104|0x0000000086800000, 0x0000000086900000, 0x0000000086900000|100%| E|CS|TAMS 0x0000000086800000, 0x0000000086800000| Complete 
| 105|0x0000000086900000, 0x0000000086a00000, 0x0000000086a00000|100%| E|CS|TAMS 0x0000000086900000, 0x0000000086900000| Complete 
| 106|0x0000000086a00000, 0x0000000086b00000, 0x0000000086b00000|100%| E|CS|TAMS 0x0000000086a00000, 0x0000000086a00000| Complete 
| 107|0x0000000086b00000, 0x0000000086c00000, 0x0000000086c00000|100%| E|CS|TAMS 0x0000000086b00000, 0x0000000086b00000| Complete 
| 108|0x0000000086c00000, 0x0000000086d00000, 0x0000000086d00000|100%| E|CS|TAMS 0x0000000086c00000, 0x0000000086c00000| Complete 
| 109|0x0000000086d00000, 0x0000000086e00000, 0x0000000086e00000|100%| E|CS|TAMS 0x0000000086d00000, 0x0000000086d00000| Complete 
| 110|0x0000000086e00000, 0x0000000086f00000, 0x0000000086f00000|100%| E|CS|TAMS 0x0000000086e00000, 0x0000000086e00000| Complete 
| 111|0x0000000086f00000, 0x0000000087000000, 0x0000000087000000|100%| E|CS|TAMS 0x0000000086f00000, 0x0000000086f00000| Complete 
| 112|0x0000000087000000, 0x0000000087100000, 0x0000000087100000|100%| E|CS|TAMS 0x0000000087000000, 0x0000000087000000| Complete 
| 113|0x0000000087100000, 0x0000000087200000, 0x0000000087200000|100%| E|CS|TAMS 0x0000000087100000, 0x0000000087100000| Complete 
| 114|0x0000000087200000, 0x0000000087300000, 0x0000000087300000|100%| E|CS|TAMS 0x0000000087200000, 0x0000000087200000| Complete 
| 115|0x0000000087300000, 0x0000000087400000, 0x0000000087400000|100%| E|CS|TAMS 0x0000000087300000, 0x0000000087300000| Complete 

Card table byte_map: [0x0000014fc7090000,0x0000014fc7490000] _byte_map_base: 0x0000014fc6c90000

Marking Bits (Prev, Next): (CMBitMap*) 0x0000014fb1f5c668, (CMBitMap*) 0x0000014fb1f5c6a0
 Prev Bits: [0x0000014fc7890000, 0x0000014fc9890000)
 Next Bits: [0x0000014fc9890000, 0x0000014fcb890000)

Polling page: 0x0000014fb1df0000

Metaspace:

Usage:
  Non-class:     33.76 MB capacity,    33.14 MB ( 98%) used,   549.95 KB (  2%) free+waste,    89.63 KB ( <1%) overhead. 
      Class:      5.19 MB capacity,     4.86 MB ( 94%) used,   291.55 KB (  5%) free+waste,    43.06 KB ( <1%) overhead. 
       Both:     38.96 MB capacity,    38.00 MB ( 98%) used,   841.50 KB (  2%) free+waste,   132.69 KB ( <1%) overhead. 

Virtual space:
  Non-class space:       34.00 MB reserved,      34.00 MB (100%) committed 
      Class space:        1.00 GB reserved,       5.32 MB ( <1%) committed 
             Both:        1.03 GB reserved,      39.32 MB (  4%) committed 

Chunk freelists:
   Non-Class:  49.00 KB
       Class:  28.00 KB
        Both:  77.00 KB

MaxMetaspaceSize: 17179869184.00 GB
CompressedClassSpaceSize: 1.00 GB

CodeHeap 'non-profiled nmethods': size=120000Kb used=1756Kb max_used=1756Kb free=118243Kb
 bounds [0x0000014fbecd0000, 0x0000014fbef40000, 0x0000014fc6200000]
CodeHeap 'profiled nmethods': size=120000Kb used=7286Kb max_used=7286Kb free=112714Kb
 bounds [0x0000014fb77a0000, 0x0000014fb7ec0000, 0x0000014fbecd0000]
CodeHeap 'non-nmethods': size=5760Kb used=2199Kb max_used=2228Kb free=3560Kb
 bounds [0x0000014fb7200000, 0x0000014fb7470000, 0x0000014fb77a0000]
 total_blobs=4232 nmethods=3469 adapters=674
 compilation: enabled
              stopped_count=0, restarted_count=0
 full_count=0

Compilation events (20 events):
Event: 6.252 Thread 0x0000014fce37f800 3478       3       com.google.common.collect.RegularImmutableMap$EntrySet$1::get (64 bytes)
Event: 6.253 Thread 0x0000014fce37f800 nmethod 3478 0x0000014fb7eaca90 code [0x0000014fb7eacca0, 0x0000014fb7ead278]
Event: 6.253 Thread 0x0000014fce37f800 3481       3       com.google.common.reflect.TypeResolver$TypeMappingIntrospector::map (92 bytes)
Event: 6.254 Thread 0x0000014fce37f800 nmethod 3481 0x0000014fb7ead510 code [0x0000014fb7ead840, 0x0000014fb7eaf0c8]
Event: 6.254 Thread 0x0000014fce37f800 3482       3       com.google.common.reflect.TypeResolver$TypeMappingIntrospector::visitParameterizedType (105 bytes)
Event: 6.256 Thread 0x0000014fce37f800 nmethod 3482 0x0000014fb7eaf610 code [0x0000014fb7eaf920, 0x0000014fb7eb0de8]
Event: 6.256 Thread 0x0000014fce37f800 3479       3       java.util.AbstractMap$SimpleImmutableEntry::<init> (15 bytes)
Event: 6.256 Thread 0x0000014fce37f800 nmethod 3479 0x0000014fb7eb1410 code [0x0000014fb7eb15c0, 0x0000014fb7eb17d8]
Event: 6.256 Thread 0x0000014fce37f800 3480       3       com.google.common.reflect.TypeResolver$TypeMappingIntrospector::visitClass (24 bytes)
Event: 6.258 Thread 0x0000014fce37f800 nmethod 3480 0x0000014fb7eb1890 code [0x0000014fb7eb1b80, 0x0000014fb7eb2c08]
Event: 6.258 Thread 0x0000014fce37f800 3484       3       org.gradle.internal.instantiation.generator.AbstractClassGenerator::access$1500 (5 bytes)
Event: 6.258 Thread 0x0000014fce37f800 nmethod 3484 0x0000014fb7eb3110 code [0x0000014fb7eb32c0, 0x0000014fb7eb33c8]
Event: 6.258 Thread 0x0000014fce37f800 3485       3       org.gradle.internal.instantiation.generator.AbstractClassGenerator::isLazyAttachProperty (46 bytes)
Event: 6.259 Thread 0x0000014fce37f800 nmethod 3485 0x0000014fb7eb3490 code [0x0000014fb7eb3700, 0x0000014fb7eb4118]
Event: 6.259 Thread 0x0000014fce37f800 3486       3       org.objectweb.asm.MethodWriter::visitJumpInsn (495 bytes)
Event: 6.261 Thread 0x0000014fce37f800 nmethod 3486 0x0000014fb7eb4490 code [0x0000014fb7eb4840, 0x0000014fb7eb6078]
Event: 6.261 Thread 0x0000014fce37f800 3487       3       org.objectweb.asm.Label::put (83 bytes)
Event: 6.262 Thread 0x0000014fce37f800 nmethod 3487 0x0000014fb7eb6890 code [0x0000014fb7eb6ac0, 0x0000014fb7eb6e98]
Event: 6.262 Thread 0x0000014fce37f800 3488       3       org.objectweb.asm.Label::addForwardReference (102 bytes)
Event: 6.262 Thread 0x0000014fce37f800 nmethod 3488 0x0000014fb7eb7090 code [0x0000014fb7eb7280, 0x0000014fb7eb7768]

GC Heap History (14 events):
Event: 1.010 GC heap before
{Heap before GC invocations=0 (full 0):
 garbage-first heap   total 98304K, used 29696K [0x0000000080000000, 0x0000000100000000)
  region size 1024K, 24 young (24576K), 0 survivors (0K)
 Metaspace       used 9801K, capacity 9986K, committed 10112K, reserved 1058816K
  class space    used 1022K, capacity 1102K, committed 1152K, reserved 1048576K
}
Event: 1.018 GC heap after
{Heap after GC invocations=1 (full 0):
 garbage-first heap   total 98304K, used 9036K [0x0000000080000000, 0x0000000100000000)
  region size 1024K, 3 young (3072K), 3 survivors (3072K)
 Metaspace       used 9801K, capacity 9986K, committed 10112K, reserved 1058816K
  class space    used 1022K, capacity 1102K, committed 1152K, reserved 1048576K
}
Event: 1.881 GC heap before
{Heap before GC invocations=1 (full 0):
 garbage-first heap   total 98304K, used 64332K [0x0000000080000000, 0x0000000100000000)
  region size 1024K, 57 young (58368K), 3 survivors (3072K)
 Metaspace       used 13852K, capacity 14221K, committed 14336K, reserved 1062912K
  class space    used 1556K, capacity 1684K, committed 1792K, reserved 1048576K
}
Event: 1.889 GC heap after
{Heap after GC invocations=2 (full 0):
 garbage-first heap   total 98304K, used 14797K [0x0000000080000000, 0x0000000100000000)
  region size 1024K, 8 young (8192K), 8 survivors (8192K)
 Metaspace       used 13852K, capacity 14221K, committed 14336K, reserved 1062912K
  class space    used 1556K, capacity 1684K, committed 1792K, reserved 1048576K
}
Event: 3.331 GC heap before
{Heap before GC invocations=2 (full 0):
 garbage-first heap   total 98304K, used 55757K [0x0000000080000000, 0x0000000100000000)
  region size 1024K, 49 young (50176K), 8 survivors (8192K)
 Metaspace       used 20596K, capacity 21129K, committed 21248K, reserved 1067008K
  class space    used 2526K, capacity 2724K, committed 2816K, reserved 1048576K
}
Event: 3.340 GC heap after
{Heap after GC invocations=3 (full 0):
 garbage-first heap   total 98304K, used 17280K [0x0000000080000000, 0x0000000100000000)
  region size 1024K, 2 young (2048K), 2 survivors (2048K)
 Metaspace       used 20596K, capacity 21129K, committed 21248K, reserved 1067008K
  class space    used 2526K, capacity 2724K, committed 2816K, reserved 1048576K
}
Event: 3.968 GC heap before
{Heap before GC invocations=4 (full 0):
 garbage-first heap   total 98304K, used 63360K [0x0000000080000000, 0x0000000100000000)
  region size 1024K, 47 young (48128K), 2 survivors (2048K)
 Metaspace       used 25226K, capacity 25782K, committed 26112K, reserved 1071104K
  class space    used 3288K, capacity 3492K, committed 3584K, reserved 1048576K
}
Event: 3.972 GC heap after
{Heap after GC invocations=5 (full 0):
 garbage-first heap   total 98304K, used 18741K [0x0000000080000000, 0x0000000100000000)
  region size 1024K, 4 young (4096K), 4 survivors (4096K)
 Metaspace       used 25226K, capacity 25782K, committed 26112K, reserved 1071104K
  class space    used 3288K, capacity 3492K, committed 3584K, reserved 1048576K
}
Event: 4.830 GC heap before
{Heap before GC invocations=5 (full 0):
 garbage-first heap   total 98304K, used 66869K [0x0000000080000000, 0x0000000100000000)
  region size 1024K, 51 young (52224K), 4 survivors (4096K)
 Metaspace       used 30199K, capacity 30897K, committed 30976K, reserved 1075200K
  class space    used 4055K, capacity 4304K, committed 4352K, reserved 1048576K
}
Event: 4.834 GC heap after
{Heap after GC invocations=6 (full 0):
 garbage-first heap   total 98304K, used 20070K [0x0000000080000000, 0x0000000100000000)
  region size 1024K, 5 young (5120K), 5 survivors (5120K)
 Metaspace       used 30199K, capacity 30897K, committed 30976K, reserved 1075200K
  class space    used 4055K, capacity 4304K, committed 4352K, reserved 1048576K
}
Event: 5.382 GC heap before
{Heap before GC invocations=6 (full 0):
 garbage-first heap   total 98304K, used 34406K [0x0000000080000000, 0x0000000100000000)
  region size 1024K, 21 young (21504K), 5 survivors (5120K)
 Metaspace       used 35051K, capacity 35830K, committed 35840K, reserved 1081344K
  class space    used 4546K, capacity 4864K, committed 4864K, reserved 1048576K
}
Event: 5.393 GC heap after
{Heap after GC invocations=7 (full 0):
 garbage-first heap   total 98304K, used 22546K [0x0000000080000000, 0x0000000100000000)
  region size 1024K, 6 young (6144K), 6 survivors (6144K)
 Metaspace       used 35051K, capacity 35830K, committed 35840K, reserved 1081344K
  class space    used 4546K, capacity 4864K, committed 4864K, reserved 1048576K
}
Event: 6.064 GC heap before
{Heap before GC invocations=8 (full 0):
 garbage-first heap   total 98304K, used 65554K [0x0000000080000000, 0x0000000100000000)
  region size 1024K, 46 young (47104K), 6 survivors (6144K)
 Metaspace       used 38275K, capacity 39193K, committed 39372K, reserved 1083392K
  class space    used 4894K, capacity 5212K, committed 5324K, reserved 1048576K
}
Event: 6.075 GC heap after
{Heap after GC invocations=9 (full 0):
 garbage-first heap   total 118784K, used 26602K [0x0000000080000000, 0x0000000100000000)
  region size 1024K, 6 young (6144K), 6 survivors (6144K)
 Metaspace       used 38275K, capacity 39193K, committed 39372K, reserved 1083392K
  class space    used 4894K, capacity 5212K, committed 5324K, reserved 1048576K
}

Deoptimization events (20 events):
Event: 6.160 Thread 0x0000014fd0ae3000 Uncommon trap: trap_request=0xffffffbe fr.pc=0x0000014fbee8443c relative=0x0000000000003d1c
Event: 6.160 Thread 0x0000014fd0ae3000 Uncommon trap: reason=profile_predicate action=maybe_recompile pc=0x0000014fbee8443c method=java.util.AbstractCollection.addAll(Ljava/util/Collection;)Z @ 15 c2
Event: 6.160 Thread 0x0000014fd0ae3000 DEOPT PACKING pc=0x0000014fbee8443c sp=0x000000373d8f8650
Event: 6.160 Thread 0x0000014fd0ae3000 DEOPT UNPACKING pc=0x0000014fb72278af sp=0x000000373d8f8668 mode 2
Event: 6.160 Thread 0x0000014fd0ae3000 Uncommon trap: trap_request=0xffffffbe fr.pc=0x0000014fbee8443c relative=0x0000000000003d1c
Event: 6.160 Thread 0x0000014fd0ae3000 Uncommon trap: reason=profile_predicate action=maybe_recompile pc=0x0000014fbee8443c method=java.util.AbstractCollection.addAll(Ljava/util/Collection;)Z @ 15 c2
Event: 6.160 Thread 0x0000014fd0ae3000 DEOPT PACKING pc=0x0000014fbee8443c sp=0x000000373d8f8650
Event: 6.160 Thread 0x0000014fd0ae3000 DEOPT UNPACKING pc=0x0000014fb72278af sp=0x000000373d8f8668 mode 2
Event: 6.160 Thread 0x0000014fd0ae3000 Uncommon trap: trap_request=0xffffffbe fr.pc=0x0000014fbee8443c relative=0x0000000000003d1c
Event: 6.160 Thread 0x0000014fd0ae3000 Uncommon trap: reason=profile_predicate action=maybe_recompile pc=0x0000014fbee8443c method=java.util.AbstractCollection.addAll(Ljava/util/Collection;)Z @ 15 c2
Event: 6.160 Thread 0x0000014fd0ae3000 DEOPT PACKING pc=0x0000014fbee8443c sp=0x000000373d8f8350
Event: 6.160 Thread 0x0000014fd0ae3000 DEOPT UNPACKING pc=0x0000014fb72278af sp=0x000000373d8f8368 mode 2
Event: 6.160 Thread 0x0000014fd0ae3000 Uncommon trap: trap_request=0xffffffbe fr.pc=0x0000014fbee8443c relative=0x0000000000003d1c
Event: 6.160 Thread 0x0000014fd0ae3000 Uncommon trap: reason=profile_predicate action=maybe_recompile pc=0x0000014fbee8443c method=java.util.AbstractCollection.addAll(Ljava/util/Collection;)Z @ 15 c2
Event: 6.160 Thread 0x0000014fd0ae3000 DEOPT PACKING pc=0x0000014fbee8443c sp=0x000000373d8f8350
Event: 6.160 Thread 0x0000014fd0ae3000 DEOPT UNPACKING pc=0x0000014fb72278af sp=0x000000373d8f8368 mode 2
Event: 6.197 Thread 0x0000014fd0ae3000 Uncommon trap: trap_request=0xffffff4d fr.pc=0x0000014fbee25944 relative=0x0000000000000964
Event: 6.197 Thread 0x0000014fd0ae3000 Uncommon trap: reason=unstable_if action=reinterpret pc=0x0000014fbee25944 method=java.util.WeakHashMap.eq(Ljava/lang/Object;Ljava/lang/Object;)Z @ 2 c2
Event: 6.197 Thread 0x0000014fd0ae3000 DEOPT PACKING pc=0x0000014fbee25944 sp=0x000000373d8f39c0
Event: 6.197 Thread 0x0000014fd0ae3000 DEOPT UNPACKING pc=0x0000014fb72278af sp=0x000000373d8f3930 mode 2

Classes redefined (0 events):
No events

Internal exceptions (20 events):
Event: 6.105 Thread 0x0000014fd0ae3000 Exception <a 'java/lang/ClassNotFoundException'{0x00000000872d1458}: org/gradle/api/internal/provider/DefaultPropertyBeanInfo> (0x00000000872d1458) thrown at [./src/hotspot/share/classfile/systemDictionary.cpp, line 231]
Event: 6.106 Thread 0x0000014fd0ae3000 Exception <a 'java/lang/ClassNotFoundException'{0x00000000872f75e0}: org/gradle/api/internal/provider/AbstractPropertyBeanInfo> (0x00000000872f75e0) thrown at [./src/hotspot/share/classfile/systemDictionary.cpp, line 231]
Event: 6.107 Thread 0x0000014fd0ae3000 Exception <a 'java/lang/ClassNotFoundException'{0x000000008711fb20}: org/gradle/api/internal/provider/AbstractMinimalProviderBeanInfo> (0x000000008711fb20) thrown at [./src/hotspot/share/classfile/systemDictionary.cpp, line 231]
Event: 6.109 Thread 0x0000014fd0ae3000 Exception <a 'java/lang/ClassNotFoundException'{0x0000000087148950}: org/gradle/api/internal/provider/AbstractMinimalProviderCustomizer> (0x0000000087148950) thrown at [./src/hotspot/share/classfile/systemDictionary.cpp, line 231]
Event: 6.113 Thread 0x0000014fd0ae3000 Exception <a 'java/lang/ClassNotFoundException'{0x00000000871a8660}: org/gradle/api/internal/provider/AbstractPropertyCustomizer> (0x00000000871a8660) thrown at [./src/hotspot/share/classfile/systemDictionary.cpp, line 231]
Event: 6.117 Thread 0x0000014fd0ae3000 Exception <a 'java/lang/ClassNotFoundException'{0x00000000871dadf8}: org/gradle/api/internal/provider/DefaultPropertyCustomizer> (0x00000000871dadf8) thrown at [./src/hotspot/share/classfile/systemDictionary.cpp, line 231]
Event: 6.190 Thread 0x0000014fd0ae3000 Exception <a 'java/lang/ClassNotFoundException'{0x0000000086baeff8}: org/gradle/api/internal/artifacts/dsl/DefaultRepositoryHandler_DecoratedBeanInfo> (0x0000000086baeff8) thrown at [./src/hotspot/share/classfile/systemDictionary.cpp, line 231]
Event: 6.192 Thread 0x0000014fd0ae3000 Exception <a 'java/lang/ClassNotFoundException'{0x0000000086be7c70}: org/gradle/api/internal/artifacts/dsl/DefaultRepositoryHandlerBeanInfo> (0x0000000086be7c70) thrown at [./src/hotspot/share/classfile/systemDictionary.cpp, line 231]
Event: 6.193 Thread 0x0000014fd0ae3000 Exception <a 'java/lang/ClassNotFoundException'{0x0000000086a23370}: org/gradle/api/internal/artifacts/DefaultArtifactRepositoryContainerBeanInfo> (0x0000000086a23370) thrown at [./src/hotspot/share/classfile/systemDictionary.cpp, line 231]
Event: 6.194 Thread 0x0000014fd0ae3000 Exception <a 'java/lang/ClassNotFoundException'{0x0000000086a4d400}: org/gradle/api/internal/DefaultNamedDomainObjectListBeanInfo> (0x0000000086a4d400) thrown at [./src/hotspot/share/classfile/systemDictionary.cpp, line 231]
Event: 6.195 Thread 0x0000014fd0ae3000 Exception <a 'java/lang/ClassNotFoundException'{0x0000000086a78db0}: org/gradle/api/internal/DefaultNamedDomainObjectCollectionBeanInfo> (0x0000000086a78db0) thrown at [./src/hotspot/share/classfile/systemDictionary.cpp, line 231]
Event: 6.196 Thread 0x0000014fd0ae3000 Exception <a 'java/lang/ClassNotFoundException'{0x0000000086aa41d8}: org/gradle/api/internal/DefaultDomainObjectCollectionBeanInfo> (0x0000000086aa41d8) thrown at [./src/hotspot/share/classfile/systemDictionary.cpp, line 231]
Event: 6.197 Thread 0x0000014fd0ae3000 Exception <a 'java/lang/ClassNotFoundException'{0x0000000086aaa410}: java/util/AbstractCollectionBeanInfo> (0x0000000086aaa410) thrown at [./src/hotspot/share/classfile/systemDictionary.cpp, line 231]
Event: 6.197 Thread 0x0000014fd0ae3000 Exception <a 'java/lang/ClassNotFoundException'{0x0000000086ab0b90}: java/util/AbstractCollectionCustomizer> (0x0000000086ab0b90) thrown at [./src/hotspot/share/classfile/systemDictionary.cpp, line 231]
Event: 6.199 Thread 0x0000014fd0ae3000 Exception <a 'java/lang/ClassNotFoundException'{0x0000000086ae47d0}: org/gradle/api/internal/DefaultDomainObjectCollectionCustomizer> (0x0000000086ae47d0) thrown at [./src/hotspot/share/classfile/systemDictionary.cpp, line 231]
Event: 6.203 Thread 0x0000014fd0ae3000 Exception <a 'java/lang/ClassNotFoundException'{0x000000008692d550}: org/gradle/api/internal/DefaultNamedDomainObjectCollectionCustomizer> (0x000000008692d550) thrown at [./src/hotspot/share/classfile/systemDictionary.cpp, line 231]
Event: 6.212 Thread 0x0000014fd0ae3000 Exception <a 'java/lang/ClassNotFoundException'{0x00000000869a56d0}: org/gradle/api/internal/DefaultNamedDomainObjectListCustomizer> (0x00000000869a56d0) thrown at [./src/hotspot/share/classfile/systemDictionary.cpp, line 231]
Event: 6.217 Thread 0x0000014fd0ae3000 Exception <a 'java/lang/ClassNotFoundException'{0x00000000869fa228}: org/gradle/api/internal/artifacts/DefaultArtifactRepositoryContainerCustomizer> (0x00000000869fa228) thrown at [./src/hotspot/share/classfile/systemDictionary.cpp, line 231]
Event: 6.220 Thread 0x0000014fd0ae3000 Exception <a 'java/lang/ClassNotFoundException'{0x0000000086844900}: org/gradle/api/internal/artifacts/dsl/DefaultRepositoryHandlerCustomizer> (0x0000000086844900) thrown at [./src/hotspot/share/classfile/systemDictionary.cpp, line 231]
Event: 6.225 Thread 0x0000014fd0ae3000 Exception <a 'java/lang/ClassNotFoundException'{0x00000000868a1c48}: org/gradle/api/internal/artifacts/dsl/DefaultRepositoryHandler_DecoratedCustomizer> (0x00000000868a1c48) thrown at [./src/hotspot/share/classfile/systemDictionary.cpp, line 231]

Events (20 events):
Event: 6.240 loading class org/gradle/internal/authentication/DefaultAuthenticationContainer
Event: 6.240 loading class org/gradle/internal/authentication/DefaultAuthenticationContainer done
Event: 6.242 loading class org/gradle/api/internal/PolymorphicDomainObjectContainerConfigureDelegate
Event: 6.242 loading class org/gradle/api/internal/PolymorphicDomainObjectContainerConfigureDelegate done
Event: 6.242 loading class org/gradle/model/internal/core/NamedEntityInstantiator
Event: 6.242 loading class org/gradle/model/internal/core/NamedEntityInstantiator done
Event: 6.244 loading class org/gradle/api/internal/DefaultPolymorphicNamedEntityInstantiator
Event: 6.244 loading class org/gradle/api/internal/DefaultPolymorphicNamedEntityInstantiator done
Event: 6.245 loading class org/gradle/api/internal/PolymorphicNamedEntityInstantiator
Event: 6.245 loading class org/gradle/api/internal/PolymorphicNamedEntityInstantiator done
Event: 6.247 loading class org/gradle/api/internal/AbstractPolymorphicDomainObjectContainer$ContainerElementsDynamicObject
Event: 6.247 loading class org/gradle/api/internal/AbstractPolymorphicDomainObjectContainer$ContainerElementsDynamicObject done
Event: 6.262 loading class org/gradle/api/internal/NoFactoryRegisteredForTypeException
Event: 6.262 loading class org/gradle/api/internal/NoFactoryRegisteredForTypeException done
Event: 6.263 loading class org/gradle/api/internal/DefaultPolymorphicDomainObjectContainer$2
Event: 6.263 loading class org/gradle/api/internal/DefaultPolymorphicDomainObjectContainer$2 done
Event: 6.265 loading class org/gradle/api/artifacts/repositories/RepositoryResourceAccessor
Event: 6.265 loading class org/gradle/api/artifacts/repositories/RepositoryResourceAccessor done
Event: 6.267 loading class org/gradle/api/internal/artifacts/repositories/RepositoryContentDescriptorInternal
Event: 6.267 loading class org/gradle/api/internal/artifacts/repositories/RepositoryContentDescriptorInternal done


Dynamic libraries:
0x00007ff7c0090000 - 0x00007ff7c009a000 	C:\Program Files\Android\Android Studio\jre\bin\java.exe
0x00007ffe8bff0000 - 0x00007ffe8c1e5000 	C:\WINDOWS\SYSTEM32\ntdll.dll
0x00007ffe8a5b0000 - 0x00007ffe8a66e000 	C:\WINDOWS\System32\KERNEL32.DLL
0x00007ffe89710000 - 0x00007ffe899d8000 	C:\WINDOWS\System32\KERNELBASE.dll
0x00007ffe89de0000 - 0x00007ffe89ee0000 	C:\WINDOWS\System32\ucrtbase.dll
0x00007ffe82e60000 - 0x00007ffe82e77000 	C:\Program Files\Android\Android Studio\jre\bin\VCRUNTIME140.dll
0x00007ffe83d50000 - 0x00007ffe83d69000 	C:\Program Files\Android\Android Studio\jre\bin\jli.dll
0x00007ffe8ab60000 - 0x00007ffe8ad01000 	C:\WINDOWS\System32\USER32.dll
0x00007ffe899e0000 - 0x00007ffe89a02000 	C:\WINDOWS\System32\win32u.dll
0x00007ffe8ad10000 - 0x00007ffe8ad3b000 	C:\WINDOWS\System32\GDI32.dll
0x00007ffe89cd0000 - 0x00007ffe89ddb000 	C:\WINDOWS\System32\gdi32full.dll
0x00007ffe89b70000 - 0x00007ffe89c0d000 	C:\WINDOWS\System32\msvcp_win.dll
0x00007ffe77040000 - 0x00007ffe772da000 	C:\WINDOWS\WinSxS\amd64_microsoft.windows.common-controls_6595b64144ccf1df_6.0.19041.1110_none_60b5254171f9507e\COMCTL32.dll
0x00007ffe8a4b0000 - 0x00007ffe8a54e000 	C:\WINDOWS\System32\msvcrt.dll
0x00007ffe8b1d0000 - 0x00007ffe8b200000 	C:\WINDOWS\System32\IMM32.DLL
0x00007ffe6b9e0000 - 0x00007ffe6ba7d000 	C:\Program Files\Android\Android Studio\jre\bin\msvcp140.dll
0x00007ffe50300000 - 0x00007ffe50dcf000 	C:\Program Files\Android\Android Studio\jre\bin\server\jvm.dll
0x00007ffe8a110000 - 0x00007ffe8a1bc000 	C:\WINDOWS\System32\ADVAPI32.dll
0x00007ffe8a270000 - 0x00007ffe8a30b000 	C:\WINDOWS\System32\sechost.dll
0x00007ffe8bb50000 - 0x00007ffe8bc7a000 	C:\WINDOWS\System32\RPCRT4.dll
0x00007ffe8be20000 - 0x00007ffe8be28000 	C:\WINDOWS\System32\PSAPI.DLL
0x00007ffe790e0000 - 0x00007ffe790e9000 	C:\WINDOWS\SYSTEM32\WSOCK32.dll
0x00007ffe7edb0000 - 0x00007ffe7edd7000 	C:\WINDOWS\SYSTEM32\WINMM.dll
0x00007ffe7ede0000 - 0x00007ffe7edea000 	C:\WINDOWS\SYSTEM32\VERSION.dll
0x00007ffe8a670000 - 0x00007ffe8a6db000 	C:\WINDOWS\System32\WS2_32.dll
0x00007ffe87fe0000 - 0x00007ffe87ff2000 	C:\WINDOWS\SYSTEM32\kernel.appcore.dll
0x00007ffe83510000 - 0x00007ffe83521000 	C:\Program Files\Android\Android Studio\jre\bin\verify.dll
0x00007ffe874a0000 - 0x00007ffe87684000 	C:\WINDOWS\SYSTEM32\DBGHELP.DLL
0x00007ffe780d0000 - 0x00007ffe780fc000 	C:\WINDOWS\SYSTEM32\dbgcore.DLL
0x00007ffe89c10000 - 0x00007ffe89c93000 	C:\WINDOWS\System32\bcryptPrimitives.dll
0x00007ffe733d0000 - 0x00007ffe733f9000 	C:\Program Files\Android\Android Studio\jre\bin\java.dll
0x00007ffe83d40000 - 0x00007ffe83d4b000 	C:\Program Files\Android\Android Studio\jre\bin\jimage.dll
0x00007ffe733b0000 - 0x00007ffe733c8000 	C:\Program Files\Android\Android Studio\jre\bin\zip.dll
0x00007ffe8b200000 - 0x00007ffe8b93f000 	C:\WINDOWS\System32\SHELL32.dll
0x00007ffe87690000 - 0x00007ffe87e20000 	C:\WINDOWS\SYSTEM32\windows.storage.dll
0x00007ffe8ad40000 - 0x00007ffe8b095000 	C:\WINDOWS\System32\combase.dll
0x00007ffe89090000 - 0x00007ffe890be000 	C:\WINDOWS\SYSTEM32\Wldp.dll
0x00007ffe8a1c0000 - 0x00007ffe8a26d000 	C:\WINDOWS\System32\SHCORE.dll
0x00007ffe8a550000 - 0x00007ffe8a5a5000 	C:\WINDOWS\System32\shlwapi.dll
0x00007ffe89650000 - 0x00007ffe8966f000 	C:\WINDOWS\SYSTEM32\profapi.dll
0x00007ffe73340000 - 0x00007ffe7335a000 	C:\Program Files\Android\Android Studio\jre\bin\net.dll
0x00007ffe804a0000 - 0x00007ffe805ac000 	C:\WINDOWS\SYSTEM32\WINHTTP.dll
0x00007ffe88df0000 - 0x00007ffe88e5a000 	C:\WINDOWS\system32\mswsock.dll
0x00007ffe70e10000 - 0x00007ffe70e24000 	C:\Program Files\Android\Android Studio\jre\bin\nio.dll
0x00007ffe65450000 - 0x00007ffe65477000 	C:\Users\Owner\.gradle\native\8bec1ad78214c89d9ad589b4d07fe93259594b29d510b10fafb7a158f7737e5d\windows-amd64\native-platform.dll
0x00007ffe56400000 - 0x00007ffe5653d000 	C:\Users\Owner\.gradle\native\53dbd7edfb1c66fb8903c78663c9afc45aea4f116125fa6feffd364cf09443e8\windows-amd64\native-platform-file-events.dll
0x00007ffe83500000 - 0x00007ffe8350a000 	C:\Program Files\Android\Android Studio\jre\bin\management.dll
0x00007ffe7aa70000 - 0x00007ffe7aa7c000 	C:\Program Files\Android\Android Studio\jre\bin\management_ext.dll
0x00007ffe88fe0000 - 0x00007ffe88ff8000 	C:\WINDOWS\SYSTEM32\CRYPTSP.dll
0x00007ffe88770000 - 0x00007ffe887a4000 	C:\WINDOWS\system32\rsaenh.dll
0x00007ffe89ca0000 - 0x00007ffe89cc7000 	C:\WINDOWS\System32\bcrypt.dll
0x00007ffe89610000 - 0x00007ffe8963e000 	C:\WINDOWS\SYSTEM32\USERENV.dll
0x00007ffe89000000 - 0x00007ffe8900c000 	C:\WINDOWS\SYSTEM32\CRYPTBASE.dll
0x00007ffe88ae0000 - 0x00007ffe88b1b000 	C:\WINDOWS\SYSTEM32\IPHLPAPI.DLL
0x00007ffe8bf10000 - 0x00007ffe8bf18000 	C:\WINDOWS\System32\NSI.dll
0x00007ffe82960000 - 0x00007ffe82977000 	C:\WINDOWS\SYSTEM32\dhcpcsvc6.DLL
0x00007ffe81e70000 - 0x00007ffe81e8d000 	C:\WINDOWS\SYSTEM32\dhcpcsvc.DLL
0x00007ffe88b20000 - 0x00007ffe88beb000 	C:\WINDOWS\SYSTEM32\DNSAPI.dll

dbghelp: loaded successfully - version: 4.0.5 - missing functions: none
symbol engine: initialized successfully - sym options: 0x614 - pdb path: .;C:\Program Files\Android\Android Studio\jre\bin;C:\WINDOWS\SYSTEM32;C:\WINDOWS\WinSxS\amd64_microsoft.windows.common-controls_6595b64144ccf1df_6.0.19041.1110_none_60b5254171f9507e;C:\Program Files\Android\Android Studio\jre\bin\server;C:\Users\Owner\.gradle\native\8bec1ad78214c89d9ad589b4d07fe93259594b29d510b10fafb7a158f7737e5d\windows-amd64;C:\Users\Owner\.gradle\native\53dbd7edfb1c66fb8903c78663c9afc45aea4f116125fa6feffd364cf09443e8\windows-amd64

VM Arguments:
jvm_args: --add-opens=java.base/java.util=ALL-UNNAMED --add-opens=java.base/java.lang=ALL-UNNAMED --add-opens=java.base/java.lang.invoke=ALL-UNNAMED --add-opens=java.base/java.util=ALL-UNNAMED --add-opens=java.prefs/java.util.prefs=ALL-UNNAMED --add-opens=java.prefs/java.util.prefs=ALL-UNNAMED --add-opens=java.base/java.nio.charset=ALL-UNNAMED --add-opens=java.base/java.net=ALL-UNNAMED --add-opens=java.base/java.util.concurrent.atomic=ALL-UNNAMED -Xmx2048m -Dfile.encoding=UTF-8 -Duser.country=US -Duser.language=en -Duser.variant 
java_command: org.gradle.launcher.daemon.bootstrap.GradleDaemon 7.0.2
java_class_path (initial): C:\Users\Owner\.gradle\wrapper\dists\gradle-7.0.2-bin\857tjihv64xamwrf0h14cai3r\gradle-7.0.2\lib\gradle-launcher-7.0.2.jar
Launcher Type: SUN_STANDARD

[Global flags]
     intx CICompilerCount                          = 4                                         {product} {ergonomic}
     uint ConcGCThreads                            = 2                                         {product} {ergonomic}
     uint G1ConcRefinementThreads                  = 8                                         {product} {ergonomic}
   size_t G1HeapRegionSize                         = 1048576                                   {product} {ergonomic}
    uintx GCDrainStackTargetSize                   = 64                                        {product} {ergonomic}
   size_t InitialHeapSize                          = 100663296                                 {product} {ergonomic}
   size_t MarkStackSize                            = 4194304                                   {product} {ergonomic}
   size_t MaxHeapSize                              = 2147483648                                {product} {command line}
   size_t MaxNewSize                               = 1287651328                                {product} {ergonomic}
   size_t MinHeapDeltaBytes                        = 1048576                                   {product} {ergonomic}
    uintx NonNMethodCodeHeapSize                   = 5836300                                {pd product} {ergonomic}
    uintx NonProfiledCodeHeapSize                  = 122910970                              {pd product} {ergonomic}
    uintx ProfiledCodeHeapSize                     = 122910970                              {pd product} {ergonomic}
    uintx ReservedCodeCacheSize                    = 251658240                              {pd product} {ergonomic}
     bool SegmentedCodeCache                       = true                                      {product} {ergonomic}
     bool UseCompressedClassPointers               = true                                 {lp64_product} {ergonomic}
     bool UseCompressedOops                        = true                                 {lp64_product} {ergonomic}
     bool UseG1GC                                  = true                                      {product} {ergonomic}
     bool UseLargePagesIndividualAllocation        = false                                  {pd product} {ergonomic}

Logging:
Log output configuration:
 #0: stdout all=warning uptime,level,tags
 #1: stderr all=off uptime,level,tags

Environment Variables:
PATH=C:\Program Files\Eclipse Foundation\jdk-11.0.12.7-hotspot\bin;C:\Program Files\Common Files\Oracle\Java\javapath;C:\Program Files (x86)\Common Files\Oracle\Java\javapath;C:\WINDOWS\system32;C:\WINDOWS;C:\WINDOWS\System32\Wbem;C:\WINDOWS\System32\WindowsPowerShell\v1.0\;C:\WINDOWS\System32\OpenSSH\;C:\Program Files\Intel\WiFi\bin\;C:\Program Files\Common Files\Intel\WirelessCommon\;C:\Program Files\nodejs\;C:\Program Files\Git\cmd;C:\Gradle\gradle-6.9.1-bin;C:\Program Files\Java\jdk1.8.0_241\bin;C:\Users\Owner\AppData\Local\Programs\Microsoft VS Code\bin
USERNAME=Owner
OS=Windows_NT
PROCESSOR_IDENTIFIER=AMD64 Family 23 Model 24 Stepping 1, AuthenticAMD



---------------  S Y S T E M  ---------------

OS: Windows 10 , 64 bit Build 19041 (10.0.19041.1348)
OS uptime: 0 days 0:46 hours

CPU:total 8 (initial active 8) (8 cores per cpu, 2 threads per core) family 23 model 24 stepping 1 microcode 0x0, cmov, cx8, fxsr, mmx, sse, sse2, sse3, ssse3, sse4.1, sse4.2, popcnt, avx, avx2, aes, clmul, mmxext, 3dnowpref, lzcnt, sse4a, ht, tsc, tscinvbit, tscinv, bmi1, bmi2, adx, s

Memory: 4k page, system-wide physical 6091M (851M free)
TotalPageFile size 6091M (AvailPageFile size 5M)
current process WorkingSet (physical memory assigned to process): 267M, peak: 267M
current process commit charge ("private bytes"): 317M, peak: 318M

vm_info: OpenJDK 64-Bit Server VM (11.0.10+0-b96-7249189) for windows-amd64 JRE (11.0.10+0-b96-7249189), built on Mar 31 2021 21:44:00 by "builder" with MS VC++ 14.0 (VS2015)

END.
