#
# There is insufficient memory for the Java Runtime Environment to continue.
# Native memory allocation (malloc) failed to allocate 2156336 bytes for Chunk::new
# Possible reasons:
#   The system is out of physical RAM or swap space
#   The process is running with CompressedOops enabled, and the Java Heap may be blocking the growth of the native heap
# Possible solutions:
#   Reduce memory load on the system
#   Increase physical memory or swap space
#   Check if swap backing store is full
#   Decrease Java heap size (-Xmx/-Xms)
#   Decrease number of Java threads
#   Decrease Java thread stack sizes (-Xss)
#   Set larger code cache with -XX:ReservedCodeCacheSize=
#   JVM is running with Unscaled Compressed Oops mode in which the Java heap is
#     placed in the first 4GB address space. The Java Heap base address is the
#     maximum limit for the native heap growth. Please use -XX:HeapBaseMinAddress
#     to set the Java Heap base and to place the Java Heap above 4GB virtual address.
# This output file may be truncated or incomplete.
#
#  Out of Memory Error (./src/hotspot/share/memory/arena.cpp:197), pid=12096, tid=8768
#
# JRE version: OpenJDK Runtime Environment (11.0.10) (build 11.0.10+0-b96-7249189)
# Java VM: OpenJDK 64-Bit Server VM (11.0.10+0-b96-7249189, mixed mode, tiered, compressed oops, g1 gc, windows-amd64)
# No core dump will be written. Minidumps are not enabled by default on client versions of Windows
#

---------------  S U M M A R Y ------------

Command Line: --add-opens=java.base/java.util=ALL-UNNAMED --add-opens=java.base/java.lang=ALL-UNNAMED --add-opens=java.base/java.lang.invoke=ALL-UNNAMED --add-opens=java.base/java.util=ALL-UNNAMED --add-opens=java.prefs/java.util.prefs=ALL-UNNAMED --add-opens=java.prefs/java.util.prefs=ALL-UNNAMED --add-opens=java.base/java.nio.charset=ALL-UNNAMED --add-opens=java.base/java.net=ALL-UNNAMED --add-opens=java.base/java.util.concurrent.atomic=ALL-UNNAMED -Xmx2048m -Dfile.encoding=UTF-8 -Duser.country=US -Duser.language=en -Duser.variant org.gradle.launcher.daemon.bootstrap.GradleDaemon 7.0.2

Host: AMD Ryzen 5 3500U with Radeon Vega Mobile Gfx  , 8 cores, 5G,  Windows 10 , 64 bit Build 19041 (10.0.19041.1348)
Time: Mon Dec  6 11:40:02 2021 Central Standard Time elapsed time: 74.567547 seconds (0d 0h 1m 14s)

---------------  T H R E A D  ---------------

Current thread (0x0000014c91174000):  JavaThread "C2 CompilerThread2" daemon [_thread_in_native, id=8768, stack(0x00000019d1000000,0x00000019d1100000)]


Current CompileTask:
C2:  74567 25683       4       org.objectweb.asm.ClassReader::readCode (5109 bytes)

Stack: [0x00000019d1000000,0x00000019d1100000]
Native frames: (J=compiled Java code, j=interpreted, Vv=VM code, C=native code)
V  [jvm.dll+0x5ecfaa]
V  [jvm.dll+0x722bd5]
V  [jvm.dll+0x72412d]
V  [jvm.dll+0x7247e3]
V  [jvm.dll+0x242928]
V  [jvm.dll+0xbc4fc]
V  [jvm.dll+0xbca0c]
V  [jvm.dll+0x352d7d]
V  [jvm.dll+0x320ad3]
V  [jvm.dll+0x31ffca]
V  [jvm.dll+0x1fb602]
V  [jvm.dll+0x1fa7f4]
V  [jvm.dll+0x18354c]
V  [jvm.dll+0x208ee7]
V  [jvm.dll+0x207731]
V  [jvm.dll+0x6eb1cf]
V  [jvm.dll+0x6e3d45]
V  [jvm.dll+0x5ebe96]
C  [ucrtbase.dll+0x21bb2]
C  [KERNEL32.DLL+0x17034]
C  [ntdll.dll+0x52651]


---------------  P R O C E S S  ---------------

Threads class SMR info:
_java_thread_list=0x0000014c92524ec0, length=73, elements={
0x0000014cee56d800, 0x0000014cf99ca800, 0x0000014cf99ce000, 0x0000014cf99e4800,
0x0000014cf99e6000, 0x0000014cf99e8000, 0x0000014cf99eb800, 0x0000014cf99ec800,
0x0000014cf99f0000, 0x0000014cfa495000, 0x0000014cfbe64800, 0x0000014cfba5d000,
0x0000014cfc9b5800, 0x0000014cfcbf4000, 0x0000014cfcb08000, 0x0000014cfcba2000,
0x0000014cfcba3000, 0x0000014cfcb9e800, 0x0000014cfcba3800, 0x0000014cfcb9f800,
0x0000014cfcba0800, 0x0000014cfcba1000, 0x0000014cfde09000, 0x0000014cfde05000,
0x0000014cfde0b000, 0x0000014cfde08800, 0x0000014cfde07800, 0x0000014cfde06000,
0x0000014cfde06800, 0x0000014cfde0f800, 0x0000014c8f2b5000, 0x0000014c8f2b7800,
0x0000014c8f2b8800, 0x0000014c8f2bb800, 0x0000014c8f2b6000, 0x0000014c8f2b9000,
0x0000014c8f2bc800, 0x0000014c8f2bb000, 0x0000014c8f2b6800, 0x0000014c8f2bd000,
0x0000014c8f2bf000, 0x0000014c8f2c2000, 0x0000014c8f2c3000, 0x0000014c8f2c4000,
0x0000014c8f2bf800, 0x0000014c8f2c0800, 0x0000014cfde0c800, 0x0000014cfde0e000,
0x0000014cfde0a000, 0x0000014cfde0b800, 0x0000014cfde13000, 0x0000014cfde13800,
0x0000014cfcb9e000, 0x0000014cfcba4800, 0x0000014cfca13000, 0x0000014cfca0e000,
0x0000014cfca14000, 0x0000014cfca10800, 0x0000014cfca11800, 0x0000014cfca12800,
0x0000014cfca16800, 0x0000014cfca1b800, 0x0000014c9116d800, 0x0000014c9116c800,
0x0000014c9116f000, 0x0000014c9116f800, 0x0000014c9116a000, 0x0000014c91174800,
0x0000014c91173000, 0x0000014c91172000, 0x0000014c91174000, 0x0000014c91175800,
0x0000014c91176000
}

Java Threads: ( => current thread )
  0x0000014cee56d800 JavaThread "main" [_thread_blocked, id=9604, stack(0x00000019cd500000,0x00000019cd600000)]
  0x0000014cf99ca800 JavaThread "Reference Handler" daemon [_thread_blocked, id=7604, stack(0x00000019cdc00000,0x00000019cdd00000)]
  0x0000014cf99ce000 JavaThread "Finalizer" daemon [_thread_blocked, id=2332, stack(0x00000019cdd00000,0x00000019cde00000)]
  0x0000014cf99e4800 JavaThread "Signal Dispatcher" daemon [_thread_blocked, id=9328, stack(0x00000019cde00000,0x00000019cdf00000)]
  0x0000014cf99e6000 JavaThread "Attach Listener" daemon [_thread_blocked, id=1984, stack(0x00000019cdf00000,0x00000019ce000000)]
  0x0000014cf99e8000 JavaThread "Service Thread" daemon [_thread_blocked, id=8980, stack(0x00000019ce000000,0x00000019ce100000)]
  0x0000014cf99eb800 JavaThread "C2 CompilerThread0" daemon [_thread_in_native, id=1932, stack(0x00000019ce100000,0x00000019ce200000)]
  0x0000014cf99ec800 JavaThread "C1 CompilerThread0" daemon [_thread_blocked, id=8428, stack(0x00000019ce200000,0x00000019ce300000)]
  0x0000014cf99f0000 JavaThread "Sweeper thread" daemon [_thread_blocked, id=3216, stack(0x00000019ce300000,0x00000019ce400000)]
  0x0000014cfa495000 JavaThread "Common-Cleaner" daemon [_thread_blocked, id=11884, stack(0x00000019ce400000,0x00000019ce500000)]
  0x0000014cfbe64800 JavaThread "Daemon health stats" [_thread_blocked, id=10808, stack(0x00000019ce900000,0x00000019cea00000)]
  0x0000014cfba5d000 JavaThread "Incoming local TCP Connector on port 63050" [_thread_in_native, id=11064, stack(0x00000019ce600000,0x00000019ce700000)]
  0x0000014cfc9b5800 JavaThread "Daemon periodic checks" [_thread_blocked, id=10860, stack(0x00000019ce800000,0x00000019ce900000)]
  0x0000014cfcbf4000 JavaThread "Daemon" [_thread_blocked, id=10864, stack(0x00000019cec00000,0x00000019ced00000)]
  0x0000014cfcb08000 JavaThread "Daemon worker" [_thread_blocked, id=11248, stack(0x00000019cef00000,0x00000019cf000000)]
  0x0000014cfcba2000 JavaThread "Cache worker for file hash cache (C:\Users\Owner\.gradle\caches\7.0.2\fileHashes)" [_thread_blocked, id=11368, stack(0x00000019cf400000,0x00000019cf500000)]
  0x0000014cfcba3000 JavaThread "File lock request listener" [_thread_in_native, id=10868, stack(0x00000019cf500000,0x00000019cf600000)]
  0x0000014cfcb9e800 JavaThread "Cache worker for journal cache (C:\Users\Owner\.gradle\caches\journal-1)" [_thread_blocked, id=5264, stack(0x00000019cfb00000,0x00000019cfc00000)]
  0x0000014cfcba3800 JavaThread "File watcher server" daemon [_thread_in_native, id=12144, stack(0x00000019cfd00000,0x00000019cfe00000)]
  0x0000014cfcb9f800 JavaThread "File watcher consumer" daemon [_thread_blocked, id=1280, stack(0x00000019cfe00000,0x00000019cff00000)]
  0x0000014cfcba0800 JavaThread "jar transforms" [_thread_blocked, id=8652, stack(0x00000019cff00000,0x00000019d0000000)]
  0x0000014cfcba1000 JavaThread "jar transforms Thread 2" [_thread_blocked, id=2608, stack(0x00000019d0000000,0x00000019d0100000)]
  0x0000014cfde09000 JavaThread "jar transforms Thread 3" [_thread_blocked, id=5268, stack(0x00000019d0100000,0x00000019d0200000)]
  0x0000014cfde05000 JavaThread "jar transforms Thread 4" [_thread_blocked, id=5096, stack(0x00000019d0200000,0x00000019d0300000)]
  0x0000014cfde0b000 JavaThread "jar transforms Thread 5" [_thread_blocked, id=3120, stack(0x00000019d0300000,0x00000019d0400000)]
  0x0000014cfde08800 JavaThread "jar transforms Thread 6" [_thread_blocked, id=7608, stack(0x00000019d0400000,0x00000019d0500000)]
  0x0000014cfde07800 JavaThread "jar transforms Thread 7" [_thread_blocked, id=11352, stack(0x00000019d0500000,0x00000019d0600000)]
  0x0000014cfde06000 JavaThread "jar transforms Thread 8" [_thread_blocked, id=7416, stack(0x00000019d0600000,0x00000019d0700000)]
  0x0000014cfde06800 JavaThread "Cache worker for execution history cache (C:\Users\Owner\.gradle\caches\7.0.2\executionHistory)" [_thread_blocked, id=8972, stack(0x00000019d0b00000,0x00000019d0c00000)]
  0x0000014cfde0f800 JavaThread "Cache worker for file content cache (C:\Users\Owner\.gradle\caches\7.0.2\fileContent)" [_thread_blocked, id=9804, stack(0x00000019d0c00000,0x00000019d0d00000)]
  0x0000014c8f2b5000 JavaThread "Memory manager" [_thread_blocked, id=1380, stack(0x00000019d1700000,0x00000019d1800000)]
  0x0000014c8f2b7800 JavaThread "Handler for socket connection from /127.0.0.1:63050 to /127.0.0.1:63083" [_thread_in_native, id=5452, stack(0x00000019cf000000,0x00000019cf100000)]
  0x0000014c8f2b8800 JavaThread "Cancel handler" [_thread_blocked, id=3788, stack(0x00000019cf100000,0x00000019cf200000)]
  0x0000014c8f2bb800 JavaThread "Asynchronous log dispatcher for DefaultDaemonConnection: socket connection from /127.0.0.1:63050 to /127.0.0.1:63083" [_thread_blocked, id=5748, stack(0x00000019cf200000,0x00000019cf300000)]
  0x0000014c8f2b6000 JavaThread "Stdin handler" [_thread_blocked, id=6708, stack(0x00000019cf300000,0x00000019cf400000)]
  0x0000014c8f2b9000 JavaThread "Daemon client event forwarder" [_thread_blocked, id=11728, stack(0x00000019cfc00000,0x00000019cfd00000)]
  0x0000014c8f2bc800 JavaThread "Cache worker for file hash cache (C:\Users\Owner\Desktop\309_local\2_hb_4\Frontend\Tarp\.gradle\7.0.2\fileHashes)" [_thread_blocked, id=8812, stack(0x00000019d0700000,0x00000019d0800000)]
  0x0000014c8f2bb000 JavaThread "Cache worker for checksums cache (C:\Users\Owner\Desktop\309_local\2_hb_4\Frontend\Tarp\.gradle\checksums)" [_thread_blocked, id=3256, stack(0x00000019d0900000,0x00000019d0a00000)]
  0x0000014c8f2b6800 JavaThread "Cache worker for cache directory md-supplier (C:\Users\Owner\.gradle\caches\7.0.2\md-supplier)" [_thread_blocked, id=5148, stack(0x00000019d0a00000,0x00000019d0b00000)]
  0x0000014c8f2bd000 JavaThread "Cache worker for cache directory md-rule (C:\Users\Owner\.gradle\caches\7.0.2\md-rule)" [_thread_blocked, id=9236, stack(0x00000019d0d00000,0x00000019d0e00000)]
  0x0000014c8f2bf000 JavaThread "Cache worker for dependencies-accessors (C:\Users\Owner\Desktop\309_local\2_hb_4\Frontend\Tarp\.gradle\7.0.2\dependencies-accessors)" [_thread_blocked, id=5256, stack(0x00000019d0e00000,0x00000019d0f00000)]
  0x0000014c8f2c2000 JavaThread "Cache worker for Build Output Cleanup Cache (C:\Users\Owner\Desktop\309_local\2_hb_4\Frontend\Tarp\.gradle\buildOutputCleanup)" [_thread_blocked, id=5600, stack(0x00000019d0f00000,0x00000019d1000000)]
  0x0000014c8f2c3000 JavaThread "Build operations" [_thread_in_native, id=1500, stack(0x00000019d1100000,0x00000019d1200000)]
  0x0000014c8f2c4000 JavaThread "Build operations Thread 2" [_thread_blocked, id=5800, stack(0x00000019d1200000,0x00000019d1300000)]
  0x0000014c8f2bf800 JavaThread "Build operations Thread 3" [_thread_blocked, id=5796, stack(0x00000019d1300000,0x00000019d1400000)]
  0x0000014c8f2c0800 JavaThread "Build operations Thread 4" [_thread_in_native, id=1904, stack(0x00000019d1400000,0x00000019d1500000)]
  0x0000014cfde0c800 JavaThread "Build operations Thread 5" [_thread_blocked, id=2912, stack(0x00000019d1500000,0x00000019d1600000)]
  0x0000014cfde0e000 JavaThread "Build operations Thread 6" [_thread_blocked, id=2516, stack(0x00000019d1600000,0x00000019d1700000)]
  0x0000014cfde0a000 JavaThread "Build operations Thread 7" [_thread_in_Java, id=10980, stack(0x00000019d1800000,0x00000019d1900000)]
  0x0000014cfde0b800 JavaThread "Build operations Thread 8" [_thread_blocked, id=12088, stack(0x00000019d1900000,0x00000019d1a00000)]
  0x0000014cfde13000 JavaThread "build event listener" [_thread_blocked, id=1836, stack(0x00000019d1a00000,0x00000019d1b00000)]
  0x0000014cfde13800 JavaThread "build event listener" [_thread_blocked, id=4248, stack(0x00000019d1b00000,0x00000019d1c00000)]
  0x0000014cfcb9e000 JavaThread "Execution worker for ':'" [_thread_blocked, id=10000, stack(0x00000019d1c00000,0x00000019d1d00000)]
  0x0000014cfcba4800 JavaThread "Execution worker for ':' Thread 2" [_thread_blocked, id=6876, stack(0x00000019d1d00000,0x00000019d1e00000)]
  0x0000014cfca13000 JavaThread "Execution worker for ':' Thread 3" [_thread_blocked, id=6040, stack(0x00000019d1e00000,0x00000019d1f00000)]
  0x0000014cfca0e000 JavaThread "Execution worker for ':' Thread 4" [_thread_blocked, id=11460, stack(0x00000019d1f00000,0x00000019d2000000)]
  0x0000014cfca14000 JavaThread "Execution worker for ':' Thread 5" [_thread_blocked, id=11212, stack(0x00000019d2000000,0x00000019d2100000)]
  0x0000014cfca10800 JavaThread "Execution worker for ':' Thread 6" [_thread_blocked, id=3008, stack(0x00000019d2100000,0x00000019d2200000)]
  0x0000014cfca11800 JavaThread "Execution worker for ':' Thread 7" [_thread_blocked, id=10420, stack(0x00000019d2200000,0x00000019d2300000)]
  0x0000014cfca12800 JavaThread "Cache worker for execution history cache (C:\Users\Owner\Desktop\309_local\2_hb_4\Frontend\Tarp\.gradle\7.0.2\executionHistory)" [_thread_blocked, id=10388, stack(0x00000019d2300000,0x00000019d2400000)]
  0x0000014cfca16800 JavaThread "WorkerExecutor Queue Thread 5" [_thread_blocked, id=4852, stack(0x00000019d2800000,0x00000019d2900000)]
  0x0000014cfca1b800 JavaThread "Java2D Disposer" daemon [_thread_blocked, id=12012, stack(0x00000019d2c00000,0x00000019d2d00000)]
  0x0000014c9116d800 JavaThread "pool-7-thread-1" [_thread_blocked, id=10660, stack(0x00000019cd200000,0x00000019cd300000)]
  0x0000014c9116c800 JavaThread "stderr" [_thread_in_native, id=12200, stack(0x00000019d2e00000,0x00000019d2f00000)]
  0x0000014c9116f000 JavaThread "stdout" [_thread_in_native, id=8540, stack(0x00000019d2f00000,0x00000019d3000000)]
  0x0000014c9116f800 JavaThread "stderr" [_thread_in_native, id=5128, stack(0x00000019d3000000,0x00000019d3100000)]
  0x0000014c9116a000 JavaThread "stdout" [_thread_in_native, id=5620, stack(0x00000019d3100000,0x00000019d3200000)]
  0x0000014c91174800 JavaThread "stderr" [_thread_in_native, id=4120, stack(0x00000019d3200000,0x00000019d3300000)]
  0x0000014c91173000 JavaThread "stdout" [_thread_in_native, id=8848, stack(0x00000019d3300000,0x00000019d3400000)]
  0x0000014c91172000 JavaThread "C2 CompilerThread1" daemon [_thread_in_native, id=6068, stack(0x00000019d0800000,0x00000019d0900000)]
=>0x0000014c91174000 JavaThread "C2 CompilerThread2" daemon [_thread_in_native, id=8768, stack(0x00000019d1000000,0x00000019d1100000)]
  0x0000014c91175800 JavaThread "Cache worker for Java compile cache (C:\Users\Owner\.gradle\caches\7.0.2\javaCompile)" [_thread_blocked, id=5144, stack(0x00000019d2400000,0x00000019d2500000)]
  0x0000014c91176000 JavaThread "Cache worker for Java compile cache (C:\Users\Owner\Desktop\309_local\2_hb_4\Frontend\Tarp\.gradle\7.0.2\javaCompile)" [_thread_in_Java, id=11804, stack(0x00000019d2500000,0x00000019d2600000)]

Other Threads:
  0x0000014cf99c5800 VMThread "VM Thread" [stack: 0x00000019cdb00000,0x00000019cdc00000] [id=788]
  0x0000014cfa4b6000 WatcherThread [stack: 0x00000019ce500000,0x00000019ce600000] [id=10136]
  0x0000014cee588000 GCTaskThread "GC Thread#0" [stack: 0x00000019cd600000,0x00000019cd700000] [id=4132]
  0x0000014cfb8c9000 GCTaskThread "GC Thread#1" [stack: 0x00000019ce700000,0x00000019ce800000] [id=10616]
  0x0000014cfb8c6800 GCTaskThread "GC Thread#2" [stack: 0x00000019cea00000,0x00000019ceb00000] [id=11060]
  0x0000014cfb8c8000 GCTaskThread "GC Thread#3" [stack: 0x00000019ceb00000,0x00000019cec00000] [id=3128]
  0x0000014cfb8cb000 GCTaskThread "GC Thread#4" [stack: 0x00000019cf600000,0x00000019cf700000] [id=10428]
  0x0000014cfb8cc800 GCTaskThread "GC Thread#5" [stack: 0x00000019cf700000,0x00000019cf800000] [id=12180]
  0x0000014cfb8ca800 GCTaskThread "GC Thread#6" [stack: 0x00000019cf800000,0x00000019cf900000] [id=10276]
  0x0000014cfb8cb800 GCTaskThread "GC Thread#7" [stack: 0x00000019cf900000,0x00000019cfa00000] [id=11320]
  0x0000014cee5b7800 ConcurrentGCThread "G1 Main Marker" [stack: 0x00000019cd700000,0x00000019cd800000] [id=10448]
  0x0000014cee5b9000 ConcurrentGCThread "G1 Conc#0" [stack: 0x00000019cd800000,0x00000019cd900000] [id=2440]
  0x0000014cfb8c9800 ConcurrentGCThread "G1 Conc#1" [stack: 0x00000019cfa00000,0x00000019cfb00000] [id=10024]
  0x0000014cee63e800 ConcurrentGCThread "G1 Refine#0" [stack: 0x00000019cd900000,0x00000019cda00000] [id=10432]
  0x0000014cee63f800 ConcurrentGCThread "G1 Young RemSet Sampling" [stack: 0x00000019cda00000,0x00000019cdb00000] [id=3924]

Threads with active compile tasks:
C2 CompilerThread0  74665 25702       4       net.rubygrapefruit.platform.internal.jni.AbstractFileEventFunctions$NativeFileWatcherCallback::reportChangeEvent (21 bytes)
C2 CompilerThread1  74665 25698       4       org.objectweb.asm.ClassReader::readElementValue (1237 bytes)
C2 CompilerThread2  74665 25683       4       org.objectweb.asm.ClassReader::readCode (5109 bytes)

VM state:not at safepoint (normal execution)

VM Mutex/Monitor currently owned by a thread: None

Heap address: 0x0000000080000000, size: 2048 MB, Compressed Oops mode: 32-bit
Narrow klass base: 0x0000000000000000, Narrow klass shift: 3
Compressed class space size: 1073741824 Address: 0x0000000100000000

Heap:
 garbage-first heap   total 248832K, used 185570K [0x0000000080000000, 0x0000000100000000)
  region size 1024K, 21 young (21504K), 5 survivors (5120K)
 Metaspace       used 146698K, capacity 150628K, committed 150912K, reserved 1181696K
  class space    used 17770K, capacity 19223K, committed 19328K, reserved 1048576K
Heap Regions: E=young(eden), S=young(survivor), O=old, HS=humongous(starts), HC=humongous(continues), CS=collection set, F=free, A=archive, TAMS=top-at-mark-start (previous, next)
|   0|0x0000000080000000, 0x0000000080100000, 0x0000000080100000|100%| O|  |TAMS 0x0000000080100000, 0x0000000080000000| Untracked 
|   1|0x0000000080100000, 0x0000000080200000, 0x0000000080200000|100%| O|  |TAMS 0x0000000080200000, 0x0000000080100000| Untracked 
|   2|0x0000000080200000, 0x0000000080300000, 0x0000000080300000|100%| O|  |TAMS 0x0000000080300000, 0x0000000080200000| Untracked 
|   3|0x0000000080300000, 0x0000000080400000, 0x0000000080400000|100%|HS|  |TAMS 0x0000000080400000, 0x0000000080300000| Complete 
|   4|0x0000000080400000, 0x0000000080500000, 0x0000000080500000|100%|HC|  |TAMS 0x0000000080500000, 0x0000000080400000| Complete 
|   5|0x0000000080500000, 0x0000000080600000, 0x0000000080600000|100%|HC|  |TAMS 0x0000000080600000, 0x0000000080500000| Complete 
|   6|0x0000000080600000, 0x0000000080700000, 0x0000000080700000|100%| O|  |TAMS 0x0000000080700000, 0x0000000080600000| Untracked 
|   7|0x0000000080700000, 0x0000000080800000, 0x0000000080800000|100%| O|  |TAMS 0x0000000080800000, 0x0000000080700000| Untracked 
|   8|0x0000000080800000, 0x0000000080900000, 0x0000000080900000|100%| O|  |TAMS 0x0000000080900000, 0x0000000080800000| Untracked 
|   9|0x0000000080900000, 0x0000000080a00000, 0x0000000080a00000|100%| O|  |TAMS 0x0000000080a00000, 0x0000000080900000| Untracked 
|  10|0x0000000080a00000, 0x0000000080b00000, 0x0000000080b00000|100%| O|  |TAMS 0x0000000080b00000, 0x0000000080a00000| Untracked 
|  11|0x0000000080b00000, 0x0000000080c00000, 0x0000000080c00000|100%| O|  |TAMS 0x0000000080c00000, 0x0000000080b00000| Untracked 
|  12|0x0000000080c00000, 0x0000000080d00000, 0x0000000080d00000|100%| O|  |TAMS 0x0000000080d00000, 0x0000000080c00000| Untracked 
|  13|0x0000000080d00000, 0x0000000080e00000, 0x0000000080e00000|100%| O|  |TAMS 0x0000000080e00000, 0x0000000080d00000| Untracked 
|  14|0x0000000080e00000, 0x0000000080f00000, 0x0000000080f00000|100%| O|  |TAMS 0x0000000080f00000, 0x0000000080e00000| Untracked 
|  15|0x0000000080f00000, 0x0000000081000000, 0x0000000081000000|100%|HS|  |TAMS 0x0000000081000000, 0x0000000080f00000| Complete 
|  16|0x0000000081000000, 0x0000000081100000, 0x0000000081100000|100%|HC|  |TAMS 0x0000000081100000, 0x0000000081000000| Complete 
|  17|0x0000000081100000, 0x0000000081200000, 0x0000000081200000|100%|HS|  |TAMS 0x0000000081200000, 0x0000000081100000| Complete 
|  18|0x0000000081200000, 0x0000000081300000, 0x0000000081300000|100%|HC|  |TAMS 0x0000000081300000, 0x0000000081200000| Complete 
|  19|0x0000000081300000, 0x0000000081400000, 0x0000000081400000|100%|HC|  |TAMS 0x0000000081400000, 0x0000000081300000| Complete 
|  20|0x0000000081400000, 0x0000000081500000, 0x0000000081500000|100%|HS|  |TAMS 0x0000000081500000, 0x0000000081400000| Complete 
|  21|0x0000000081500000, 0x0000000081600000, 0x0000000081600000|100%|HC|  |TAMS 0x0000000081600000, 0x0000000081500000| Complete 
|  22|0x0000000081600000, 0x0000000081700000, 0x0000000081700000|100%|HC|  |TAMS 0x0000000081700000, 0x0000000081600000| Complete 
|  23|0x0000000081700000, 0x0000000081800000, 0x0000000081800000|100%|HC|  |TAMS 0x0000000081800000, 0x0000000081700000| Complete 
|  24|0x0000000081800000, 0x0000000081900000, 0x0000000081900000|100%|HC|  |TAMS 0x0000000081900000, 0x0000000081800000| Complete 
|  25|0x0000000081900000, 0x0000000081a00000, 0x0000000081a00000|100%| O|  |TAMS 0x0000000081a00000, 0x0000000081900000| Untracked 
|  26|0x0000000081a00000, 0x0000000081b00000, 0x0000000081b00000|100%| O|  |TAMS 0x0000000081b00000, 0x0000000081a00000| Untracked 
|  27|0x0000000081b00000, 0x0000000081c00000, 0x0000000081c00000|100%| O|  |TAMS 0x0000000081c00000, 0x0000000081b00000| Untracked 
|  28|0x0000000081c00000, 0x0000000081d00000, 0x0000000081d00000|100%| O|  |TAMS 0x0000000081d00000, 0x0000000081c00000| Untracked 
|  29|0x0000000081d00000, 0x0000000081e00000, 0x0000000081e00000|100%| O|  |TAMS 0x0000000081e00000, 0x0000000081d00000| Untracked 
|  30|0x0000000081e00000, 0x0000000081f00000, 0x0000000081f00000|100%| O|  |TAMS 0x0000000081f00000, 0x0000000081e00000| Untracked 
|  31|0x0000000081f00000, 0x0000000082000000, 0x0000000082000000|100%| O|  |TAMS 0x0000000082000000, 0x0000000081f00000| Untracked 
|  32|0x0000000082000000, 0x0000000082100000, 0x0000000082100000|100%|HS|  |TAMS 0x0000000082100000, 0x0000000082000000| Complete 
|  33|0x0000000082100000, 0x0000000082200000, 0x0000000082200000|100%|HC|  |TAMS 0x0000000082200000, 0x0000000082100000| Complete 
|  34|0x0000000082200000, 0x0000000082300000, 0x0000000082300000|100%|HC|  |TAMS 0x0000000082300000, 0x0000000082200000| Complete 
|  35|0x0000000082300000, 0x0000000082400000, 0x0000000082400000|100%| O|  |TAMS 0x0000000082400000, 0x0000000082300000| Untracked 
|  36|0x0000000082400000, 0x0000000082500000, 0x0000000082500000|100%| O|  |TAMS 0x0000000082500000, 0x0000000082400000| Untracked 
|  37|0x0000000082500000, 0x0000000082600000, 0x0000000082600000|100%|HS|  |TAMS 0x0000000082600000, 0x0000000082500000| Complete 
|  38|0x0000000082600000, 0x0000000082700000, 0x0000000082700000|100%|HC|  |TAMS 0x0000000082700000, 0x0000000082600000| Complete 
|  39|0x0000000082700000, 0x0000000082800000, 0x0000000082800000|100%|HC|  |TAMS 0x0000000082800000, 0x0000000082700000| Complete 
|  40|0x0000000082800000, 0x0000000082900000, 0x0000000082900000|100%|HC|  |TAMS 0x0000000082900000, 0x0000000082800000| Complete 
|  41|0x0000000082900000, 0x0000000082a00000, 0x0000000082a00000|100%|HC|  |TAMS 0x0000000082a00000, 0x0000000082900000| Complete 
|  42|0x0000000082a00000, 0x0000000082b00000, 0x0000000082b00000|100%| O|  |TAMS 0x0000000082b00000, 0x0000000082a00000| Untracked 
|  43|0x0000000082b00000, 0x0000000082c00000, 0x0000000082c00000|100%| O|  |TAMS 0x0000000082c00000, 0x0000000082b00000| Untracked 
|  44|0x0000000082c00000, 0x0000000082d00000, 0x0000000082d00000|100%| O|  |TAMS 0x0000000082d00000, 0x0000000082c00000| Untracked 
|  45|0x0000000082d00000, 0x0000000082e00000, 0x0000000082e00000|100%| O|  |TAMS 0x0000000082e00000, 0x0000000082d00000| Untracked 
|  46|0x0000000082e00000, 0x0000000082f00000, 0x0000000082f00000|100%| O|  |TAMS 0x0000000082f00000, 0x0000000082e00000| Untracked 
|  47|0x0000000082f00000, 0x0000000083000000, 0x0000000083000000|100%| O|  |TAMS 0x0000000083000000, 0x0000000082f00000| Untracked 
|  48|0x0000000083000000, 0x0000000083100000, 0x0000000083100000|100%| O|  |TAMS 0x0000000083100000, 0x0000000083000000| Untracked 
|  49|0x0000000083100000, 0x0000000083200000, 0x0000000083200000|100%| O|  |TAMS 0x0000000083200000, 0x0000000083100000| Untracked 
|  50|0x0000000083200000, 0x0000000083300000, 0x0000000083300000|100%| O|  |TAMS 0x0000000083300000, 0x0000000083200000| Untracked 
|  51|0x0000000083300000, 0x0000000083400000, 0x0000000083400000|100%| O|  |TAMS 0x0000000083400000, 0x0000000083300000| Untracked 
|  52|0x0000000083400000, 0x0000000083500000, 0x0000000083500000|100%| O|  |TAMS 0x0000000083500000, 0x0000000083400000| Untracked 
|  53|0x0000000083500000, 0x0000000083600000, 0x0000000083600000|100%| O|  |TAMS 0x0000000083600000, 0x0000000083500000| Untracked 
|  54|0x0000000083600000, 0x0000000083700000, 0x0000000083700000|100%|HS|  |TAMS 0x0000000083700000, 0x0000000083600000| Complete 
|  55|0x0000000083700000, 0x0000000083800000, 0x0000000083800000|100%|HS|  |TAMS 0x0000000083800000, 0x0000000083700000| Complete 
|  56|0x0000000083800000, 0x0000000083900000, 0x0000000083900000|100%|HC|  |TAMS 0x0000000083900000, 0x0000000083800000| Complete 
|  57|0x0000000083900000, 0x0000000083a00000, 0x0000000083a00000|100%| O|  |TAMS 0x0000000083a00000, 0x0000000083900000| Untracked 
|  58|0x0000000083a00000, 0x0000000083b00000, 0x0000000083b00000|100%| O|  |TAMS 0x0000000083b00000, 0x0000000083a00000| Untracked 
|  59|0x0000000083b00000, 0x0000000083c00000, 0x0000000083c00000|100%| O|  |TAMS 0x0000000083c00000, 0x0000000083b00000| Untracked 
|  60|0x0000000083c00000, 0x0000000083d00000, 0x0000000083d00000|100%| O|  |TAMS 0x0000000083d00000, 0x0000000083c00000| Untracked 
|  61|0x0000000083d00000, 0x0000000083e00000, 0x0000000083e00000|100%| O|  |TAMS 0x0000000083e00000, 0x0000000083d00000| Untracked 
|  62|0x0000000083e00000, 0x0000000083f00000, 0x0000000083f00000|100%| O|  |TAMS 0x0000000083f00000, 0x0000000083e00000| Untracked 
|  63|0x0000000083f00000, 0x0000000084000000, 0x0000000084000000|100%| O|  |TAMS 0x0000000084000000, 0x0000000083f00000| Untracked 
|  64|0x0000000084000000, 0x0000000084100000, 0x0000000084100000|100%| O|  |TAMS 0x0000000084100000, 0x0000000084000000| Untracked 
|  65|0x0000000084100000, 0x0000000084200000, 0x0000000084200000|100%| O|  |TAMS 0x0000000084200000, 0x0000000084100000| Untracked 
|  66|0x0000000084200000, 0x0000000084300000, 0x0000000084300000|100%| O|  |TAMS 0x0000000084300000, 0x0000000084200000| Untracked 
|  67|0x0000000084300000, 0x0000000084400000, 0x0000000084400000|100%| O|  |TAMS 0x0000000084400000, 0x0000000084300000| Untracked 
|  68|0x0000000084400000, 0x0000000084500000, 0x0000000084500000|100%| O|  |TAMS 0x0000000084500000, 0x0000000084400000| Untracked 
|  69|0x0000000084500000, 0x0000000084600000, 0x0000000084600000|100%| O|  |TAMS 0x0000000084600000, 0x0000000084500000| Untracked 
|  70|0x0000000084600000, 0x0000000084700000, 0x0000000084700000|100%| O|  |TAMS 0x0000000084700000, 0x0000000084600000| Untracked 
|  71|0x0000000084700000, 0x0000000084800000, 0x0000000084800000|100%| O|  |TAMS 0x0000000084800000, 0x0000000084700000| Untracked 
|  72|0x0000000084800000, 0x0000000084900000, 0x0000000084900000|100%| O|  |TAMS 0x0000000084900000, 0x0000000084800000| Untracked 
|  73|0x0000000084900000, 0x0000000084a00000, 0x0000000084a00000|100%| O|  |TAMS 0x0000000084a00000, 0x0000000084900000| Untracked 
|  74|0x0000000084a00000, 0x0000000084b00000, 0x0000000084b00000|100%| O|  |TAMS 0x0000000084b00000, 0x0000000084a00000| Untracked 
|  75|0x0000000084b00000, 0x0000000084c00000, 0x0000000084c00000|100%| O|  |TAMS 0x0000000084c00000, 0x0000000084b00000| Untracked 
|  76|0x0000000084c00000, 0x0000000084d00000, 0x0000000084d00000|100%| O|  |TAMS 0x0000000084d00000, 0x0000000084c00000| Untracked 
|  77|0x0000000084d00000, 0x0000000084e00000, 0x0000000084e00000|100%| O|  |TAMS 0x0000000084e00000, 0x0000000084d00000| Untracked 
|  78|0x0000000084e00000, 0x0000000084f00000, 0x0000000084f00000|100%| O|  |TAMS 0x0000000084f00000, 0x0000000084e00000| Untracked 
|  79|0x0000000084f00000, 0x0000000085000000, 0x0000000085000000|100%| O|  |TAMS 0x0000000085000000, 0x0000000084f00000| Untracked 
|  80|0x0000000085000000, 0x0000000085100000, 0x0000000085100000|100%| O|  |TAMS 0x0000000085000000, 0x0000000085000000| Untracked 
|  81|0x0000000085100000, 0x0000000085200000, 0x0000000085200000|100%| O|  |TAMS 0x0000000085200000, 0x0000000085100000| Untracked 
|  82|0x0000000085200000, 0x0000000085300000, 0x0000000085300000|100%| O|  |TAMS 0x0000000085300000, 0x0000000085200000| Untracked 
|  83|0x0000000085300000, 0x0000000085400000, 0x0000000085400000|100%| O|  |TAMS 0x0000000085400000, 0x0000000085300000| Untracked 
|  84|0x0000000085400000, 0x0000000085500000, 0x0000000085500000|100%| O|  |TAMS 0x0000000085500000, 0x0000000085400000| Untracked 
|  85|0x0000000085500000, 0x0000000085600000, 0x0000000085600000|100%| O|  |TAMS 0x0000000085600000, 0x0000000085500000| Untracked 
|  86|0x0000000085600000, 0x0000000085700000, 0x0000000085700000|100%| O|  |TAMS 0x0000000085700000, 0x0000000085600000| Untracked 
|  87|0x0000000085700000, 0x0000000085800000, 0x0000000085800000|100%| O|  |TAMS 0x0000000085800000, 0x0000000085700000| Untracked 
|  88|0x0000000085800000, 0x0000000085900000, 0x0000000085900000|100%| O|  |TAMS 0x0000000085900000, 0x0000000085800000| Untracked 
|  89|0x0000000085900000, 0x0000000085a00000, 0x0000000085a00000|100%| O|  |TAMS 0x0000000085a00000, 0x0000000085900000| Untracked 
|  90|0x0000000085a00000, 0x0000000085b00000, 0x0000000085b00000|100%| O|  |TAMS 0x0000000085b00000, 0x0000000085a00000| Untracked 
|  91|0x0000000085b00000, 0x0000000085c00000, 0x0000000085c00000|100%| O|  |TAMS 0x0000000085c00000, 0x0000000085b00000| Untracked 
|  92|0x0000000085c00000, 0x0000000085d00000, 0x0000000085d00000|100%| O|  |TAMS 0x0000000085d00000, 0x0000000085c00000| Untracked 
|  93|0x0000000085d00000, 0x0000000085e00000, 0x0000000085e00000|100%| O|  |TAMS 0x0000000085e00000, 0x0000000085d00000| Untracked 
|  94|0x0000000085e00000, 0x0000000085f00000, 0x0000000085f00000|100%| O|  |TAMS 0x0000000085f00000, 0x0000000085e00000| Untracked 
|  95|0x0000000085f00000, 0x0000000086000000, 0x0000000086000000|100%| O|  |TAMS 0x0000000085f00000, 0x0000000085f00000| Untracked 
|  96|0x0000000086000000, 0x0000000086100000, 0x0000000086100000|100%| O|  |TAMS 0x0000000086100000, 0x0000000086000000| Untracked 
|  97|0x0000000086100000, 0x0000000086200000, 0x0000000086200000|100%| O|  |TAMS 0x0000000086200000, 0x0000000086100000| Untracked 
|  98|0x0000000086200000, 0x0000000086300000, 0x0000000086300000|100%| O|  |TAMS 0x0000000086300000, 0x0000000086200000| Untracked 
|  99|0x0000000086300000, 0x0000000086400000, 0x0000000086400000|100%| O|  |TAMS 0x0000000086400000, 0x0000000086300000| Untracked 
| 100|0x0000000086400000, 0x0000000086500000, 0x0000000086500000|100%| O|  |TAMS 0x0000000086400000, 0x0000000086400000| Untracked 
| 101|0x0000000086500000, 0x0000000086600000, 0x0000000086600000|100%| O|  |TAMS 0x0000000086500000, 0x0000000086500000| Untracked 
| 102|0x0000000086600000, 0x0000000086700000, 0x0000000086700000|100%| O|  |TAMS 0x0000000086600000, 0x0000000086600000| Untracked 
| 103|0x0000000086700000, 0x0000000086800000, 0x0000000086800000|100%| O|  |TAMS 0x0000000086700000, 0x0000000086700000| Untracked 
| 104|0x0000000086800000, 0x0000000086900000, 0x0000000086900000|100%| O|  |TAMS 0x0000000086900000, 0x0000000086800000| Untracked 
| 105|0x0000000086900000, 0x0000000086a00000, 0x0000000086a00000|100%| O|  |TAMS 0x0000000086900000, 0x0000000086900000| Untracked 
| 106|0x0000000086a00000, 0x0000000086b00000, 0x0000000086b00000|100%| O|  |TAMS 0x0000000086a00000, 0x0000000086a00000| Untracked 
| 107|0x0000000086b00000, 0x0000000086c00000, 0x0000000086c00000|100%| O|  |TAMS 0x0000000086c00000, 0x0000000086b00000| Untracked 
| 108|0x0000000086c00000, 0x0000000086d00000, 0x0000000086d00000|100%| O|  |TAMS 0x0000000086c00000, 0x0000000086c00000| Untracked 
| 109|0x0000000086d00000, 0x0000000086e00000, 0x0000000086e00000|100%| O|  |TAMS 0x0000000086d00000, 0x0000000086d00000| Untracked 
| 110|0x0000000086e00000, 0x0000000086f00000, 0x0000000086f00000|100%| O|  |TAMS 0x0000000086f00000, 0x0000000086e00000| Untracked 
| 111|0x0000000086f00000, 0x0000000087000000, 0x0000000087000000|100%| O|  |TAMS 0x0000000086f00000, 0x0000000086f00000| Untracked 
| 112|0x0000000087000000, 0x0000000087100000, 0x0000000087100000|100%| O|  |TAMS 0x0000000087100000, 0x0000000087000000| Untracked 
| 113|0x0000000087100000, 0x0000000087200000, 0x0000000087200000|100%| O|  |TAMS 0x00000000871abe00, 0x0000000087100000| Untracked 
| 114|0x0000000087200000, 0x0000000087300000, 0x0000000087300000|100%| O|  |TAMS 0x0000000087200000, 0x0000000087200000| Untracked 
| 115|0x0000000087300000, 0x0000000087400000, 0x0000000087400000|100%| O|  |TAMS 0x0000000087300000, 0x0000000087300000| Untracked 
| 116|0x0000000087400000, 0x0000000087500000, 0x0000000087500000|100%| O|  |TAMS 0x0000000087400000, 0x0000000087400000| Untracked 
| 117|0x0000000087500000, 0x0000000087600000, 0x0000000087600000|100%| O|  |TAMS 0x0000000087500000, 0x0000000087500000| Untracked 
| 118|0x0000000087600000, 0x0000000087700000, 0x0000000087700000|100%| O|  |TAMS 0x0000000087600000, 0x0000000087600000| Untracked 
| 119|0x0000000087700000, 0x0000000087800000, 0x0000000087800000|100%| O|  |TAMS 0x0000000087700000, 0x0000000087700000| Untracked 
| 120|0x0000000087800000, 0x0000000087900000, 0x0000000087900000|100%| O|  |TAMS 0x0000000087800000, 0x0000000087800000| Untracked 
| 121|0x0000000087900000, 0x0000000087a00000, 0x0000000087a00000|100%| O|  |TAMS 0x0000000087900000, 0x0000000087900000| Untracked 
| 122|0x0000000087a00000, 0x0000000087b00000, 0x0000000087b00000|100%| O|  |TAMS 0x0000000087a00000, 0x0000000087a00000| Untracked 
| 123|0x0000000087b00000, 0x0000000087c00000, 0x0000000087c00000|100%| O|  |TAMS 0x0000000087b00000, 0x0000000087b00000| Untracked 
| 124|0x0000000087c00000, 0x0000000087d00000, 0x0000000087d00000|100%| O|  |TAMS 0x0000000087c00000, 0x0000000087c00000| Untracked 
| 125|0x0000000087d00000, 0x0000000087e00000, 0x0000000087e00000|100%| O|  |TAMS 0x0000000087d00000, 0x0000000087d00000| Untracked 
| 126|0x0000000087e00000, 0x0000000087f00000, 0x0000000087f00000|100%| O|  |TAMS 0x0000000087e00000, 0x0000000087e00000| Untracked 
| 127|0x0000000087f00000, 0x0000000088000000, 0x0000000088000000|100%| O|  |TAMS 0x0000000087f00000, 0x0000000087f00000| Untracked 
| 128|0x0000000088000000, 0x0000000088100000, 0x0000000088100000|100%| O|  |TAMS 0x0000000088000000, 0x0000000088000000| Untracked 
| 129|0x0000000088100000, 0x0000000088200000, 0x0000000088200000|100%| O|  |TAMS 0x0000000088100000, 0x0000000088100000| Untracked 
| 130|0x0000000088200000, 0x0000000088300000, 0x0000000088300000|100%| O|  |TAMS 0x0000000088200000, 0x0000000088200000| Untracked 
| 131|0x0000000088300000, 0x0000000088400000, 0x0000000088400000|100%| O|  |TAMS 0x0000000088400000, 0x0000000088300000| Untracked 
| 132|0x0000000088400000, 0x0000000088500000, 0x0000000088500000|100%| O|  |TAMS 0x0000000088500000, 0x0000000088400000| Untracked 
| 133|0x0000000088500000, 0x0000000088600000, 0x0000000088600000|100%| O|  |TAMS 0x0000000088600000, 0x0000000088500000| Untracked 
| 134|0x0000000088600000, 0x0000000088700000, 0x0000000088700000|100%| O|  |TAMS 0x0000000088600000, 0x0000000088600000| Untracked 
| 135|0x0000000088700000, 0x0000000088800000, 0x0000000088800000|100%| O|  |TAMS 0x0000000088700000, 0x0000000088700000| Untracked 
| 136|0x0000000088800000, 0x0000000088900000, 0x0000000088900000|100%| O|  |TAMS 0x0000000088800000, 0x0000000088800000| Untracked 
| 137|0x0000000088900000, 0x0000000088a00000, 0x0000000088a00000|100%| O|  |TAMS 0x0000000088900000, 0x0000000088900000| Untracked 
| 138|0x0000000088a00000, 0x0000000088b00000, 0x0000000088b00000|100%| O|  |TAMS 0x0000000088a00000, 0x0000000088a00000| Untracked 
| 139|0x0000000088b00000, 0x0000000088c00000, 0x0000000088c00000|100%| O|  |TAMS 0x0000000088b00000, 0x0000000088b00000| Untracked 
| 140|0x0000000088c00000, 0x0000000088d00000, 0x0000000088d00000|100%| O|  |TAMS 0x0000000088c00000, 0x0000000088c00000| Untracked 
| 141|0x0000000088d00000, 0x0000000088e00000, 0x0000000088e00000|100%|HS|  |TAMS 0x0000000088d00000, 0x0000000088d00000| Complete 
| 142|0x0000000088e00000, 0x0000000088f00000, 0x0000000088f00000|100%|HC|  |TAMS 0x0000000088e00000, 0x0000000088e00000| Complete 
| 143|0x0000000088f00000, 0x0000000089000000, 0x0000000089000000|100%| O|  |TAMS 0x0000000088f00000, 0x0000000088f00000| Untracked 
| 144|0x0000000089000000, 0x0000000089100000, 0x0000000089100000|100%| O|  |TAMS 0x0000000089000000, 0x0000000089000000| Untracked 
| 145|0x0000000089100000, 0x0000000089200000, 0x0000000089200000|100%| O|  |TAMS 0x0000000089100000, 0x0000000089100000| Untracked 
| 146|0x0000000089200000, 0x0000000089300000, 0x0000000089300000|100%| O|  |TAMS 0x0000000089200000, 0x0000000089200000| Untracked 
| 147|0x0000000089300000, 0x0000000089400000, 0x0000000089400000|100%| O|  |TAMS 0x0000000089300000, 0x0000000089300000| Untracked 
| 148|0x0000000089400000, 0x0000000089500000, 0x0000000089500000|100%| O|  |TAMS 0x0000000089400000, 0x0000000089400000| Untracked 
| 149|0x0000000089500000, 0x0000000089600000, 0x0000000089600000|100%| O|  |TAMS 0x0000000089500000, 0x0000000089500000| Untracked 
| 150|0x0000000089600000, 0x0000000089700000, 0x0000000089700000|100%| O|  |TAMS 0x0000000089600000, 0x0000000089600000| Untracked 
| 151|0x0000000089700000, 0x0000000089800000, 0x0000000089800000|100%| O|  |TAMS 0x0000000089700000, 0x0000000089700000| Untracked 
| 152|0x0000000089800000, 0x0000000089900000, 0x0000000089900000|100%| O|  |TAMS 0x0000000089800000, 0x0000000089800000| Untracked 
| 153|0x0000000089900000, 0x0000000089a00000, 0x0000000089a00000|100%| O|  |TAMS 0x0000000089900000, 0x0000000089900000| Untracked 
| 154|0x0000000089a00000, 0x0000000089b00000, 0x0000000089b00000|100%| O|  |TAMS 0x0000000089a00000, 0x0000000089a00000| Untracked 
| 155|0x0000000089b00000, 0x0000000089c00000, 0x0000000089c00000|100%| O|  |TAMS 0x0000000089b00000, 0x0000000089b00000| Untracked 
| 156|0x0000000089c00000, 0x0000000089d00000, 0x0000000089d00000|100%| O|  |TAMS 0x0000000089c00000, 0x0000000089c00000| Untracked 
| 157|0x0000000089d00000, 0x0000000089e00000, 0x0000000089e00000|100%| O|  |TAMS 0x0000000089d00000, 0x0000000089d00000| Untracked 
| 158|0x0000000089e00000, 0x0000000089f00000, 0x0000000089f00000|100%| O|  |TAMS 0x0000000089e00000, 0x0000000089e00000| Untracked 
| 159|0x0000000089f00000, 0x000000008a000000, 0x000000008a000000|100%| O|  |TAMS 0x0000000089f00000, 0x0000000089f00000| Untracked 
| 160|0x000000008a000000, 0x000000008a100000, 0x000000008a100000|100%| O|  |TAMS 0x000000008a000000, 0x000000008a000000| Untracked 
| 161|0x000000008a100000, 0x000000008a100000, 0x000000008a200000|  0%| F|  |TAMS 0x000000008a100000, 0x000000008a100000| Untracked 
| 162|0x000000008a200000, 0x000000008a200000, 0x000000008a300000|  0%| F|  |TAMS 0x000000008a200000, 0x000000008a200000| Untracked 
| 163|0x000000008a300000, 0x000000008a400000, 0x000000008a400000|100%| O|  |TAMS 0x000000008a300000, 0x000000008a300000| Untracked 
| 164|0x000000008a400000, 0x000000008a500000, 0x000000008a500000|100%| O|  |TAMS 0x000000008a400000, 0x000000008a400000| Untracked 
| 165|0x000000008a500000, 0x000000008a514800, 0x000000008a600000|  8%| O|  |TAMS 0x000000008a500000, 0x000000008a500000| Untracked 
| 166|0x000000008a600000, 0x000000008a600000, 0x000000008a700000|  0%| F|  |TAMS 0x000000008a600000, 0x000000008a600000| Untracked 
| 167|0x000000008a700000, 0x000000008a700000, 0x000000008a800000|  0%| F|  |TAMS 0x000000008a700000, 0x000000008a700000| Untracked 
| 168|0x000000008a800000, 0x000000008a800000, 0x000000008a900000|  0%| F|  |TAMS 0x000000008a800000, 0x000000008a800000| Untracked 
| 169|0x000000008a900000, 0x000000008a900000, 0x000000008aa00000|  0%| F|  |TAMS 0x000000008a900000, 0x000000008a900000| Untracked 
| 170|0x000000008aa00000, 0x000000008aa00000, 0x000000008ab00000|  0%| F|  |TAMS 0x000000008aa00000, 0x000000008aa00000| Untracked 
| 171|0x000000008ab00000, 0x000000008ab00000, 0x000000008ac00000|  0%| F|  |TAMS 0x000000008ab00000, 0x000000008ab00000| Untracked 
| 172|0x000000008ac00000, 0x000000008ac00000, 0x000000008ad00000|  0%| F|  |TAMS 0x000000008ac00000, 0x000000008ac00000| Untracked 
| 173|0x000000008ad00000, 0x000000008ad00000, 0x000000008ae00000|  0%| F|  |TAMS 0x000000008ad00000, 0x000000008ad00000| Untracked 
| 174|0x000000008ae00000, 0x000000008ae00000, 0x000000008af00000|  0%| F|  |TAMS 0x000000008ae00000, 0x000000008ae00000| Untracked 
| 175|0x000000008af00000, 0x000000008af00000, 0x000000008b000000|  0%| F|  |TAMS 0x000000008af00000, 0x000000008af00000| Untracked 
| 176|0x000000008b000000, 0x000000008b000000, 0x000000008b100000|  0%| F|  |TAMS 0x000000008b000000, 0x000000008b000000| Untracked 
| 177|0x000000008b100000, 0x000000008b100000, 0x000000008b200000|  0%| F|  |TAMS 0x000000008b100000, 0x000000008b100000| Untracked 
| 178|0x000000008b200000, 0x000000008b200000, 0x000000008b300000|  0%| F|  |TAMS 0x000000008b200000, 0x000000008b200000| Untracked 
| 179|0x000000008b300000, 0x000000008b300000, 0x000000008b400000|  0%| F|  |TAMS 0x000000008b300000, 0x000000008b300000| Untracked 
| 180|0x000000008b400000, 0x000000008b400000, 0x000000008b500000|  0%| F|  |TAMS 0x000000008b400000, 0x000000008b400000| Untracked 
| 181|0x000000008b500000, 0x000000008b500000, 0x000000008b600000|  0%| F|  |TAMS 0x000000008b500000, 0x000000008b500000| Untracked 
| 182|0x000000008b600000, 0x000000008b600000, 0x000000008b700000|  0%| F|  |TAMS 0x000000008b600000, 0x000000008b600000| Untracked 
| 183|0x000000008b700000, 0x000000008b700000, 0x000000008b800000|  0%| F|  |TAMS 0x000000008b700000, 0x000000008b700000| Untracked 
| 184|0x000000008b800000, 0x000000008b800000, 0x000000008b900000|  0%| F|  |TAMS 0x000000008b800000, 0x000000008b800000| Untracked 
| 185|0x000000008b900000, 0x000000008b900000, 0x000000008ba00000|  0%| F|  |TAMS 0x000000008b900000, 0x000000008b900000| Untracked 
| 186|0x000000008ba00000, 0x000000008ba00000, 0x000000008bb00000|  0%| F|  |TAMS 0x000000008ba00000, 0x000000008ba00000| Untracked 
| 187|0x000000008bb00000, 0x000000008bb00000, 0x000000008bc00000|  0%| F|  |TAMS 0x000000008bb00000, 0x000000008bb00000| Untracked 
| 188|0x000000008bc00000, 0x000000008bc00000, 0x000000008bd00000|  0%| F|  |TAMS 0x000000008bc00000, 0x000000008bc00000| Untracked 
| 189|0x000000008bd00000, 0x000000008bd24288, 0x000000008be00000| 14%| S|CS|TAMS 0x000000008bd00000, 0x000000008bd00000| Complete 
| 190|0x000000008be00000, 0x000000008be00000, 0x000000008bf00000|  0%| F|  |TAMS 0x000000008be00000, 0x000000008be00000| Untracked 
| 191|0x000000008bf00000, 0x000000008bf00000, 0x000000008c000000|  0%| F|  |TAMS 0x000000008bf00000, 0x000000008bf00000| Untracked 
| 192|0x000000008c000000, 0x000000008c000000, 0x000000008c100000|  0%| F|  |TAMS 0x000000008c000000, 0x000000008c000000| Untracked 
| 193|0x000000008c100000, 0x000000008c200000, 0x000000008c200000|100%| S|CS|TAMS 0x000000008c100000, 0x000000008c100000| Complete 
| 194|0x000000008c200000, 0x000000008c200000, 0x000000008c300000|  0%| F|  |TAMS 0x000000008c200000, 0x000000008c200000| Untracked 
| 195|0x000000008c300000, 0x000000008c300000, 0x000000008c400000|  0%| F|  |TAMS 0x000000008c300000, 0x000000008c300000| Untracked 
| 196|0x000000008c400000, 0x000000008c400000, 0x000000008c500000|  0%| F|  |TAMS 0x000000008c400000, 0x000000008c400000| Untracked 
| 197|0x000000008c500000, 0x000000008c600000, 0x000000008c600000|100%| S|CS|TAMS 0x000000008c500000, 0x000000008c500000| Complete 
| 198|0x000000008c600000, 0x000000008c700000, 0x000000008c700000|100%| S|CS|TAMS 0x000000008c600000, 0x000000008c600000| Complete 
| 199|0x000000008c700000, 0x000000008c800000, 0x000000008c800000|100%| S|CS|TAMS 0x000000008c700000, 0x000000008c700000| Complete 
| 200|0x000000008c800000, 0x000000008c800000, 0x000000008c900000|  0%| F|  |TAMS 0x000000008c800000, 0x000000008c800000| Untracked 
| 201|0x000000008c900000, 0x000000008c900000, 0x000000008ca00000|  0%| F|  |TAMS 0x000000008c900000, 0x000000008c900000| Untracked 
| 202|0x000000008ca00000, 0x000000008ca00000, 0x000000008cb00000|  0%| F|  |TAMS 0x000000008ca00000, 0x000000008ca00000| Untracked 
| 203|0x000000008cb00000, 0x000000008cb00000, 0x000000008cc00000|  0%| F|  |TAMS 0x000000008cb00000, 0x000000008cb00000| Untracked 
| 204|0x000000008cc00000, 0x000000008cc00000, 0x000000008cd00000|  0%| F|  |TAMS 0x000000008cc00000, 0x000000008cc00000| Untracked 
| 205|0x000000008cd00000, 0x000000008cd00000, 0x000000008ce00000|  0%| F|  |TAMS 0x000000008cd00000, 0x000000008cd00000| Untracked 
| 206|0x000000008ce00000, 0x000000008ce00000, 0x000000008cf00000|  0%| F|  |TAMS 0x000000008ce00000, 0x000000008ce00000| Untracked 
| 207|0x000000008cf00000, 0x000000008cf00000, 0x000000008d000000|  0%| F|  |TAMS 0x000000008cf00000, 0x000000008cf00000| Untracked 
| 208|0x000000008d000000, 0x000000008d000000, 0x000000008d100000|  0%| F|  |TAMS 0x000000008d000000, 0x000000008d000000| Untracked 
| 209|0x000000008d100000, 0x000000008d100000, 0x000000008d200000|  0%| F|  |TAMS 0x000000008d100000, 0x000000008d100000| Untracked 
| 210|0x000000008d200000, 0x000000008d200000, 0x000000008d300000|  0%| F|  |TAMS 0x000000008d200000, 0x000000008d200000| Untracked 
| 211|0x000000008d300000, 0x000000008d300000, 0x000000008d400000|  0%| F|  |TAMS 0x000000008d300000, 0x000000008d300000| Untracked 
| 212|0x000000008d400000, 0x000000008d400000, 0x000000008d500000|  0%| F|  |TAMS 0x000000008d400000, 0x000000008d400000| Untracked 
| 213|0x000000008d500000, 0x000000008d500000, 0x000000008d600000|  0%| F|  |TAMS 0x000000008d500000, 0x000000008d500000| Untracked 
| 214|0x000000008d600000, 0x000000008d600000, 0x000000008d700000|  0%| F|  |TAMS 0x000000008d600000, 0x000000008d600000| Untracked 
| 215|0x000000008d700000, 0x000000008d700000, 0x000000008d800000|  0%| F|  |TAMS 0x000000008d700000, 0x000000008d700000| Untracked 
| 216|0x000000008d800000, 0x000000008d800000, 0x000000008d900000|  0%| F|  |TAMS 0x000000008d800000, 0x000000008d800000| Untracked 
| 217|0x000000008d900000, 0x000000008d900000, 0x000000008da00000|  0%| F|  |TAMS 0x000000008d900000, 0x000000008d900000| Untracked 
| 218|0x000000008da00000, 0x000000008da00000, 0x000000008db00000|  0%| F|  |TAMS 0x000000008da00000, 0x000000008da00000| Untracked 
| 219|0x000000008db00000, 0x000000008db00000, 0x000000008dc00000|  0%| F|  |TAMS 0x000000008db00000, 0x000000008db00000| Untracked 
| 220|0x000000008dc00000, 0x000000008dc00000, 0x000000008dd00000|  0%| F|  |TAMS 0x000000008dc00000, 0x000000008dc00000| Untracked 
| 221|0x000000008dd00000, 0x000000008dd00000, 0x000000008de00000|  0%| F|  |TAMS 0x000000008dd00000, 0x000000008dd00000| Untracked 
| 222|0x000000008de00000, 0x000000008de00000, 0x000000008df00000|  0%| F|  |TAMS 0x000000008de00000, 0x000000008de00000| Untracked 
| 223|0x000000008df00000, 0x000000008df00000, 0x000000008e000000|  0%| F|  |TAMS 0x000000008df00000, 0x000000008df00000| Untracked 
| 224|0x000000008e000000, 0x000000008e000000, 0x000000008e100000|  0%| F|  |TAMS 0x000000008e000000, 0x000000008e000000| Untracked 
| 225|0x000000008e100000, 0x000000008e100000, 0x000000008e200000|  0%| F|  |TAMS 0x000000008e100000, 0x000000008e100000| Untracked 
| 226|0x000000008e200000, 0x000000008e2273f0, 0x000000008e300000| 15%| E|  |TAMS 0x000000008e200000, 0x000000008e200000| Complete 
| 227|0x000000008e300000, 0x000000008e400000, 0x000000008e400000|100%| E|CS|TAMS 0x000000008e300000, 0x000000008e300000| Complete 
| 228|0x000000008e400000, 0x000000008e500000, 0x000000008e500000|100%| E|  |TAMS 0x000000008e400000, 0x000000008e400000| Complete 
| 229|0x000000008e500000, 0x000000008e600000, 0x000000008e600000|100%| E|CS|TAMS 0x000000008e500000, 0x000000008e500000| Complete 
| 230|0x000000008e600000, 0x000000008e700000, 0x000000008e700000|100%| E|CS|TAMS 0x000000008e600000, 0x000000008e600000| Complete 
| 231|0x000000008e700000, 0x000000008e800000, 0x000000008e800000|100%| E|CS|TAMS 0x000000008e700000, 0x000000008e700000| Complete 
| 232|0x000000008e800000, 0x000000008e900000, 0x000000008e900000|100%| E|CS|TAMS 0x000000008e800000, 0x000000008e800000| Complete 
| 233|0x000000008e900000, 0x000000008ea00000, 0x000000008ea00000|100%| E|CS|TAMS 0x000000008e900000, 0x000000008e900000| Complete 
| 234|0x000000008ea00000, 0x000000008eb00000, 0x000000008eb00000|100%| E|CS|TAMS 0x000000008ea00000, 0x000000008ea00000| Complete 
| 235|0x000000008eb00000, 0x000000008ec00000, 0x000000008ec00000|100%| E|CS|TAMS 0x000000008eb00000, 0x000000008eb00000| Complete 
| 236|0x000000008ec00000, 0x000000008ed00000, 0x000000008ed00000|100%| E|CS|TAMS 0x000000008ec00000, 0x000000008ec00000| Complete 
| 237|0x000000008ed00000, 0x000000008ee00000, 0x000000008ee00000|100%| E|CS|TAMS 0x000000008ed00000, 0x000000008ed00000| Complete 
| 238|0x000000008ee00000, 0x000000008ef00000, 0x000000008ef00000|100%| E|CS|TAMS 0x000000008ee00000, 0x000000008ee00000| Complete 
| 239|0x000000008ef00000, 0x000000008f000000, 0x000000008f000000|100%| E|CS|TAMS 0x000000008ef00000, 0x000000008ef00000| Complete 
| 240|0x000000008f000000, 0x000000008f100000, 0x000000008f100000|100%| E|CS|TAMS 0x000000008f000000, 0x000000008f000000| Complete 
| 241|0x000000008f100000, 0x000000008f200000, 0x000000008f200000|100%| E|CS|TAMS 0x000000008f100000, 0x000000008f100000| Complete 
| 242|0x000000008f200000, 0x000000008f300000, 0x000000008f300000|100%| E|CS|TAMS 0x000000008f200000, 0x000000008f200000| Complete 

Card table byte_map: [0x0000014cf2790000,0x0000014cf2b90000] _byte_map_base: 0x0000014cf2390000

Marking Bits (Prev, Next): (CMBitMap*) 0x0000014cee5aeac0, (CMBitMap*) 0x0000014cee5aea88
 Prev Bits: [0x0000014cf4f90000, 0x0000014cf6f90000)
 Next Bits: [0x0000014cf2f90000, 0x0000014cf4f90000)

Polling page: 0x0000014cec530000

Metaspace:

Usage:
  Non-class:    128.33 MB capacity,   125.91 MB ( 98%) used,     1.98 MB (  2%) free+waste,   453.31 KB ( <1%) overhead. 
      Class:     18.77 MB capacity,    17.35 MB ( 92%) used,     1.22 MB (  7%) free+waste,   201.06 KB (  1%) overhead. 
       Both:    147.10 MB capacity,   143.26 MB ( 97%) used,     3.20 MB (  2%) free+waste,   654.38 KB ( <1%) overhead. 

Virtual space:
  Non-class space:      130.00 MB reserved,     128.50 MB ( 99%) committed 
      Class space:        1.00 GB reserved,      18.88 MB (  2%) committed 
             Both:        1.13 GB reserved,     147.38 MB ( 13%) committed 

Chunk freelists:
   Non-Class:  51.00 KB
       Class:  9.00 KB
        Both:  60.00 KB

MaxMetaspaceSize: 17179869184.00 GB
CompressedClassSpaceSize: 1.00 GB

CodeHeap 'non-profiled nmethods': size=120000Kb used=15360Kb max_used=15429Kb free=104639Kb
 bounds [0x0000014c87ad0000, 0x0000014c88a30000, 0x0000014c8f000000]
CodeHeap 'profiled nmethods': size=120000Kb used=52318Kb max_used=53952Kb free=67681Kb
 bounds [0x0000014c805a0000, 0x0000014c83a90000, 0x0000014c87ad0000]
CodeHeap 'non-nmethods': size=5760Kb used=2448Kb max_used=2512Kb free=3311Kb
 bounds [0x0000014c80000000, 0x0000014c80290000, 0x0000014c805a0000]
 total_blobs=23699 nmethods=22581 adapters=1027
 compilation: enabled
              stopped_count=0, restarted_count=0
 full_count=0

Compilation events (20 events):
Event: 74.307 Thread 0x0000014cf99eb800 nmethod 25678 0x0000014c88384490 code [0x0000014c88384700, 0x0000014c88385210]
Event: 74.307 Thread 0x0000014cf99eb800 25679       4       com.google.common.util.concurrent.AbstractFuture::getDoneValue (55 bytes)
Event: 74.308 Thread 0x0000014cf99eb800 nmethod 25679 0x0000014c87de0b90 code [0x0000014c87de0d40, 0x0000014c87de0df8]
Event: 74.308 Thread 0x0000014cf99eb800 25681   !   4       com.google.common.util.concurrent.Uninterruptibles::getUninterruptibly (40 bytes)
Event: 74.320 Thread 0x0000014cf99ec800 25685       3       com.google.common.io.ByteStreams::toByteArrayInternal (119 bytes)
Event: 74.321 Thread 0x0000014cf99ec800 nmethod 25685 0x0000014c8096d490 code [0x0000014c8096d6e0, 0x0000014c8096e058]
Event: 74.346 Thread 0x0000014cf99eb800 nmethod 25681 0x0000014c88073110 code [0x0000014c88073380, 0x0000014c88073e28]
Event: 74.346 Thread 0x0000014cf99eb800 25684       4       org.objectweb.asm.AnnotationVisitor::visitEnd (15 bytes)
Event: 74.346 Thread 0x0000014cf99eb800 nmethod 25684 0x0000014c87de0790 code [0x0000014c87de0920, 0x0000014c87de0998]
Event: 74.346 Thread 0x0000014cf99eb800 25682       4       com.google.common.base.Stopwatch::elapsedNanos (32 bytes)
Event: 74.348 Thread 0x0000014cf99eb800 nmethod 25682 0x0000014c87e31310 code [0x0000014c87e314a0, 0x0000014c87e31558]
Event: 74.348 Thread 0x0000014cf99eb800 25686  s    4       java.util.zip.Inflater$InflaterZStreamRef::run (21 bytes)
Event: 74.350 Thread 0x0000014cf99eb800 nmethod 25686 0x0000014c87f4ec90 code [0x0000014c87f4ee40, 0x0000014c87f4f168]
Event: 74.350 Thread 0x0000014cf99eb800 25662   !   4       com.google.common.cache.LocalCache$Segment::getAndRecordStats (134 bytes)
Event: 74.353 Thread 0x0000014cf99ec800 25691       3       org.objectweb.asm.MethodVisitor::visitJumpInsn (17 bytes)
Event: 74.353 Thread 0x0000014cf99ec800 nmethod 25691 0x0000014c80885b90 code [0x0000014c80885d40, 0x0000014c80885f28]
Event: 74.388 Thread 0x0000014cf99eb800 nmethod 25662 0x0000014c8839b290 code [0x0000014c8839b540, 0x0000014c8839c4a8]
Event: 74.388 Thread 0x0000014cf99eb800 25687   !   4       java.util.concurrent.ArrayBlockingQueue::take (46 bytes)
Event: 74.554 Thread 0x0000014c91172000 nmethod 25661 0x0000014c88461a10 code [0x0000014c884620c0, 0x0000014c88467dd8]
Event: 74.554 Thread 0x0000014c91172000 25688       4       java.util.concurrent.locks.AbstractQueuedSynchronizer$ConditionObject::await (98 bytes)

GC Heap History (20 events):
Event: 66.228 GC heap before
{Heap before GC invocations=86 (full 0):
 garbage-first heap   total 248832K, used 215670K [0x0000000080000000, 0x0000000100000000)
  region size 1024K, 71 young (72704K), 1 survivors (1024K)
 Metaspace       used 136059K, capacity 139618K, committed 139904K, reserved 1171456K
  class space    used 16644K, capacity 17961K, committed 18048K, reserved 1048576K
}
Event: 66.230 GC heap after
{Heap after GC invocations=87 (full 0):
 garbage-first heap   total 248832K, used 144528K [0x0000000080000000, 0x0000000100000000)
  region size 1024K, 2 young (2048K), 2 survivors (2048K)
 Metaspace       used 136059K, capacity 139618K, committed 139904K, reserved 1171456K
  class space    used 16644K, capacity 17961K, committed 18048K, reserved 1048576K
}
Event: 66.507 GC heap before
{Heap before GC invocations=87 (full 0):
 garbage-first heap   total 248832K, used 215184K [0x0000000080000000, 0x0000000100000000)
  region size 1024K, 71 young (72704K), 2 survivors (2048K)
 Metaspace       used 136061K, capacity 139618K, committed 139904K, reserved 1171456K
  class space    used 16644K, capacity 17961K, committed 18048K, reserved 1048576K
}
Event: 66.509 GC heap after
{Heap after GC invocations=88 (full 0):
 garbage-first heap   total 248832K, used 144732K [0x0000000080000000, 0x0000000100000000)
  region size 1024K, 2 young (2048K), 2 survivors (2048K)
 Metaspace       used 136061K, capacity 139618K, committed 139904K, reserved 1171456K
  class space    used 16644K, capacity 17961K, committed 18048K, reserved 1048576K
}
Event: 68.002 GC heap before
{Heap before GC invocations=88 (full 0):
 garbage-first heap   total 248832K, used 218460K [0x0000000080000000, 0x0000000100000000)
  region size 1024K, 72 young (73728K), 2 survivors (2048K)
 Metaspace       used 142494K, capacity 146240K, committed 146432K, reserved 1177600K
  class space    used 17449K, capacity 18848K, committed 18944K, reserved 1048576K
}
Event: 68.009 GC heap after
{Heap after GC invocations=89 (full 0):
 garbage-first heap   total 248832K, used 151048K [0x0000000080000000, 0x0000000100000000)
  region size 1024K, 8 young (8192K), 8 survivors (8192K)
 Metaspace       used 142494K, capacity 146240K, committed 146432K, reserved 1177600K
  class space    used 17449K, capacity 18848K, committed 18944K, reserved 1048576K
}
Event: 69.242 GC heap before
{Heap before GC invocations=89 (full 0):
 garbage-first heap   total 248832K, used 213512K [0x0000000080000000, 0x0000000100000000)
  region size 1024K, 69 young (70656K), 8 survivors (8192K)
 Metaspace       used 145236K, capacity 149109K, committed 149248K, reserved 1179648K
  class space    used 17677K, capacity 19129K, committed 19200K, reserved 1048576K
}
Event: 69.259 GC heap after
{Heap after GC invocations=90 (full 0):
 garbage-first heap   total 248832K, used 159255K [0x0000000080000000, 0x0000000100000000)
  region size 1024K, 9 young (9216K), 9 survivors (9216K)
 Metaspace       used 145236K, capacity 149109K, committed 149248K, reserved 1179648K
  class space    used 17677K, capacity 19129K, committed 19200K, reserved 1048576K
}
Event: 70.437 GC heap before
{Heap before GC invocations=90 (full 0):
 garbage-first heap   total 248832K, used 210455K [0x0000000080000000, 0x0000000100000000)
  region size 1024K, 59 young (60416K), 9 survivors (9216K)
 Metaspace       used 145741K, capacity 149579K, committed 149760K, reserved 1179648K
  class space    used 17684K, capacity 19131K, committed 19200K, reserved 1048576K
}
Event: 70.448 GC heap after
{Heap after GC invocations=91 (full 0):
 garbage-first heap   total 248832K, used 161317K [0x0000000080000000, 0x0000000100000000)
  region size 1024K, 3 young (3072K), 3 survivors (3072K)
 Metaspace       used 145741K, capacity 149579K, committed 149760K, reserved 1179648K
  class space    used 17684K, capacity 19131K, committed 19200K, reserved 1048576K
}
Event: 71.342 GC heap before
{Heap before GC invocations=91 (full 0):
 garbage-first heap   total 248832K, used 210469K [0x0000000080000000, 0x0000000100000000)
  region size 1024K, 52 young (53248K), 3 survivors (3072K)
 Metaspace       used 146684K, capacity 150628K, committed 150912K, reserved 1181696K
  class space    used 17770K, capacity 19223K, committed 19328K, reserved 1048576K
}
Event: 71.348 GC heap after
{Heap after GC invocations=92 (full 0):
 garbage-first heap   total 248832K, used 164512K [0x0000000080000000, 0x0000000100000000)
  region size 1024K, 6 young (6144K), 6 survivors (6144K)
 Metaspace       used 146684K, capacity 150628K, committed 150912K, reserved 1181696K
  class space    used 17770K, capacity 19223K, committed 19328K, reserved 1048576K
}
Event: 72.034 GC heap before
{Heap before GC invocations=92 (full 0):
 garbage-first heap   total 248832K, used 210592K [0x0000000080000000, 0x0000000100000000)
  region size 1024K, 52 young (53248K), 6 survivors (6144K)
 Metaspace       used 146688K, capacity 150628K, committed 150912K, reserved 1181696K
  class space    used 17770K, capacity 19223K, committed 19328K, reserved 1048576K
}
Event: 72.043 GC heap after
{Heap after GC invocations=93 (full 0):
 garbage-first heap   total 248832K, used 166130K [0x0000000080000000, 0x0000000100000000)
  region size 1024K, 6 young (6144K), 6 survivors (6144K)
 Metaspace       used 146688K, capacity 150628K, committed 150912K, reserved 1181696K
  class space    used 17770K, capacity 19223K, committed 19328K, reserved 1048576K
}
Event: 72.960 GC heap before
{Heap before GC invocations=93 (full 0):
 garbage-first heap   total 248832K, used 212210K [0x0000000080000000, 0x0000000100000000)
  region size 1024K, 52 young (53248K), 6 survivors (6144K)
 Metaspace       used 146692K, capacity 150628K, committed 150912K, reserved 1181696K
  class space    used 17770K, capacity 19223K, committed 19328K, reserved 1048576K
}
Event: 72.967 GC heap after
{Heap after GC invocations=94 (full 0):
 garbage-first heap   total 248832K, used 167753K [0x0000000080000000, 0x0000000100000000)
  region size 1024K, 4 young (4096K), 4 survivors (4096K)
 Metaspace       used 146692K, capacity 150628K, committed 150912K, reserved 1181696K
  class space    used 17770K, capacity 19223K, committed 19328K, reserved 1048576K
}
Event: 73.851 GC heap before
{Heap before GC invocations=94 (full 0):
 garbage-first heap   total 248832K, used 212809K [0x0000000080000000, 0x0000000100000000)
  region size 1024K, 50 young (51200K), 4 survivors (4096K)
 Metaspace       used 146698K, capacity 150628K, committed 150912K, reserved 1181696K
  class space    used 17770K, capacity 19223K, committed 19328K, reserved 1048576K
}
Event: 73.861 GC heap after
{Heap after GC invocations=95 (full 0):
 garbage-first heap   total 248832K, used 170643K [0x0000000080000000, 0x0000000100000000)
  region size 1024K, 7 young (7168K), 7 survivors (7168K)
 Metaspace       used 146698K, capacity 150628K, committed 150912K, reserved 1181696K
  class space    used 17770K, capacity 19223K, committed 19328K, reserved 1048576K
}
Event: 74.378 GC heap before
{Heap before GC invocations=95 (full 0):
 garbage-first heap   total 248832K, used 214675K [0x0000000080000000, 0x0000000100000000)
  region size 1024K, 50 young (51200K), 7 survivors (7168K)
 Metaspace       used 146698K, capacity 150628K, committed 150912K, reserved 1181696K
  class space    used 17770K, capacity 19223K, committed 19328K, reserved 1048576K
}
Event: 74.386 GC heap after
{Heap after GC invocations=96 (full 0):
 garbage-first heap   total 248832K, used 171234K [0x0000000080000000, 0x0000000100000000)
  region size 1024K, 5 young (5120K), 5 survivors (5120K)
 Metaspace       used 146698K, capacity 150628K, committed 150912K, reserved 1181696K
  class space    used 17770K, capacity 19223K, committed 19328K, reserved 1048576K
}

Deoptimization events (20 events):
Event: 74.348 Thread 0x0000014cfde0a000 DEOPT PACKING pc=0x0000014c83a7ecc6 sp=0x00000019d18fd530
Event: 74.348 Thread 0x0000014cfde0a000 DEOPT UNPACKING pc=0x0000014c800276ce sp=0x00000019d18fcbb0 mode 0
Event: 74.355 Thread 0x0000014cfde0a000 DEOPT PACKING pc=0x0000014c83a809f4 sp=0x00000019d18fd530
Event: 74.355 Thread 0x0000014cfde0a000 DEOPT UNPACKING pc=0x0000014c800276ce sp=0x00000019d18fcbb0 mode 0
Event: 74.357 Thread 0x0000014cfde0a000 DEOPT PACKING pc=0x0000014c83a809f4 sp=0x00000019d18fd530
Event: 74.357 Thread 0x0000014cfde0a000 DEOPT UNPACKING pc=0x0000014c800276ce sp=0x00000019d18fcbb0 mode 0
Event: 74.368 Thread 0x0000014c8f2c0800 DEOPT PACKING pc=0x0000014c83a7ecc6 sp=0x00000019d14fd000
Event: 74.368 Thread 0x0000014c8f2c0800 DEOPT UNPACKING pc=0x0000014c800276ce sp=0x00000019d14fc680 mode 0
Event: 74.410 Thread 0x0000014cfde0a000 DEOPT PACKING pc=0x0000014c83a7ecc6 sp=0x00000019d18fd530
Event: 74.410 Thread 0x0000014cfde0a000 DEOPT UNPACKING pc=0x0000014c800276ce sp=0x00000019d18fcbb0 mode 0
Event: 74.443 Thread 0x0000014cfde0e000 DEOPT PACKING pc=0x0000014c83a7ecc6 sp=0x00000019d16fcd10
Event: 74.443 Thread 0x0000014cfde0e000 DEOPT UNPACKING pc=0x0000014c800276ce sp=0x00000019d16fc390 mode 0
Event: 74.450 Thread 0x0000014cfde0a000 DEOPT PACKING pc=0x0000014c83a7ecc6 sp=0x00000019d18fd530
Event: 74.450 Thread 0x0000014cfde0a000 DEOPT UNPACKING pc=0x0000014c800276ce sp=0x00000019d18fcbb0 mode 0
Event: 74.452 Thread 0x0000014cfde0a000 DEOPT PACKING pc=0x0000014c83a809f4 sp=0x00000019d18fd530
Event: 74.452 Thread 0x0000014cfde0a000 DEOPT UNPACKING pc=0x0000014c800276ce sp=0x00000019d18fcbb0 mode 0
Event: 74.477 Thread 0x0000014c8f2c3000 DEOPT PACKING pc=0x0000014c83a7ecc6 sp=0x00000019d11fd120
Event: 74.477 Thread 0x0000014c8f2c3000 DEOPT UNPACKING pc=0x0000014c800276ce sp=0x00000019d11fc7a0 mode 0
Event: 74.553 Thread 0x0000014c8f2c3000 DEOPT PACKING pc=0x0000014c83a7ecc6 sp=0x00000019d11fd120
Event: 74.553 Thread 0x0000014c8f2c3000 DEOPT UNPACKING pc=0x0000014c800276ce sp=0x00000019d11fc7a0 mode 0

Classes redefined (0 events):
No events

Internal exceptions (20 events):
Event: 70.350 Thread 0x0000014cfcba4800 Exception <a 'sun/nio/fs/WindowsException'{0x000000008c4e83b0}> (0x000000008c4e83b0) thrown at [./src/hotspot/share/prims/jni.cpp, line 615]
Event: 70.361 Thread 0x0000014cfcba4800 Exception <a 'sun/nio/fs/WindowsException'{0x000000008c3301e8}> (0x000000008c3301e8) thrown at [./src/hotspot/share/prims/jni.cpp, line 615]
Event: 70.373 Thread 0x0000014cfcba4800 Exception <a 'sun/nio/fs/WindowsException'{0x000000008c390a90}> (0x000000008c390a90) thrown at [./src/hotspot/share/prims/jni.cpp, line 615]
Event: 70.386 Thread 0x0000014cfcba4800 Exception <a 'sun/nio/fs/WindowsException'{0x000000008c3f04c0}> (0x000000008c3f04c0) thrown at [./src/hotspot/share/prims/jni.cpp, line 615]
Event: 70.396 Thread 0x0000014cfcba4800 Exception <a 'sun/nio/fs/WindowsException'{0x000000008c259288}> (0x000000008c259288) thrown at [./src/hotspot/share/prims/jni.cpp, line 615]
Event: 70.407 Thread 0x0000014cfcba4800 Exception <a 'sun/nio/fs/WindowsException'{0x000000008c2b0370}> (0x000000008c2b0370) thrown at [./src/hotspot/share/prims/jni.cpp, line 615]
Event: 70.422 Thread 0x0000014cfcba4800 Exception <a 'sun/nio/fs/WindowsException'{0x000000008c1147b8}> (0x000000008c1147b8) thrown at [./src/hotspot/share/prims/jni.cpp, line 615]
Event: 70.448 Thread 0x0000014cfcba4800 Exception <a 'sun/nio/fs/WindowsException'{0x000000008f201260}> (0x000000008f201260) thrown at [./src/hotspot/share/prims/jni.cpp, line 615]
Event: 70.453 Thread 0x0000014cfcba4800 Exception <a 'sun/nio/fs/WindowsException'{0x000000008f2223e0}> (0x000000008f2223e0) thrown at [./src/hotspot/share/prims/jni.cpp, line 615]
Event: 70.465 Thread 0x0000014cfcba4800 Exception <a 'sun/nio/fs/WindowsException'{0x000000008f287c48}> (0x000000008f287c48) thrown at [./src/hotspot/share/prims/jni.cpp, line 615]
Event: 70.475 Thread 0x0000014cfcba4800 Exception <a 'sun/nio/fs/WindowsException'{0x000000008f2e5980}> (0x000000008f2e5980) thrown at [./src/hotspot/share/prims/jni.cpp, line 615]
Event: 70.487 Thread 0x0000014cfcba4800 Exception <a 'sun/nio/fs/WindowsException'{0x000000008f13f5d8}> (0x000000008f13f5d8) thrown at [./src/hotspot/share/prims/jni.cpp, line 615]
Event: 70.494 Thread 0x0000014cfcba4800 Exception <a 'sun/nio/fs/WindowsException'{0x000000008f15ecd8}> (0x000000008f15ecd8) thrown at [./src/hotspot/share/prims/jni.cpp, line 615]
Event: 70.510 Thread 0x0000014cfcba4800 Exception <a 'sun/nio/fs/WindowsException'{0x000000008f1dfaa8}> (0x000000008f1dfaa8) thrown at [./src/hotspot/share/prims/jni.cpp, line 615]
Event: 70.525 Thread 0x0000014cfcba4800 Exception <a 'sun/nio/fs/WindowsException'{0x000000008f04aa18}> (0x000000008f04aa18) thrown at [./src/hotspot/share/prims/jni.cpp, line 615]
Event: 70.541 Thread 0x0000014cfcba4800 Exception <a 'sun/nio/fs/WindowsException'{0x000000008f0aa1e8}> (0x000000008f0aa1e8) thrown at [./src/hotspot/share/prims/jni.cpp, line 615]
Event: 70.547 Thread 0x0000014cfcba4800 Exception <a 'sun/nio/fs/WindowsException'{0x000000008f0c9df8}> (0x000000008f0c9df8) thrown at [./src/hotspot/share/prims/jni.cpp, line 615]
Event: 70.555 Thread 0x0000014cfcba4800 Exception <a 'sun/nio/fs/WindowsException'{0x000000008f0f2628}> (0x000000008f0f2628) thrown at [./src/hotspot/share/prims/jni.cpp, line 615]
Event: 70.563 Thread 0x0000014cfcba4800 Exception <a 'sun/nio/fs/WindowsException'{0x000000008ef2b0a8}> (0x000000008ef2b0a8) thrown at [./src/hotspot/share/prims/jni.cpp, line 615]
Event: 70.570 Thread 0x0000014cfcba4800 Exception <a 'sun/nio/fs/WindowsException'{0x000000008ef5d1f8}> (0x000000008ef5d1f8) thrown at [./src/hotspot/share/prims/jni.cpp, line 615]

Events (20 events):
Event: 71.687 Thread 0x0000014cf99f0000 flushing nmethod 0x0000014c829b8d10
Event: 71.687 Thread 0x0000014cf99f0000 flushing nmethod 0x0000014c829d1c10
Event: 71.688 Thread 0x0000014cf99f0000 flushing nmethod 0x0000014c82ad8890
Event: 71.688 Thread 0x0000014cf99f0000 flushing nmethod 0x0000014c82b31690
Event: 71.690 Thread 0x0000014cf99f0000 flushing nmethod 0x0000014c82c11a10
Event: 71.691 Thread 0x0000014cf99f0000 flushing nmethod 0x0000014c82cda290
Event: 71.697 Executing VM operation: ICBufferFull
Event: 71.698 Executing VM operation: ICBufferFull done
Event: 72.033 Executing VM operation: G1CollectForAllocation
Event: 72.043 Executing VM operation: G1CollectForAllocation done
Event: 72.960 Executing VM operation: G1CollectForAllocation
Event: 72.967 Executing VM operation: G1CollectForAllocation done
Event: 73.850 Executing VM operation: G1CollectForAllocation
Event: 73.850 Executing VM operation: G1CollectForAllocation done
Event: 73.851 Executing VM operation: G1CollectForAllocation
Event: 73.861 Executing VM operation: G1CollectForAllocation done
Event: 74.378 Executing VM operation: G1CollectForAllocation
Event: 74.378 Executing VM operation: G1CollectForAllocation done
Event: 74.378 Executing VM operation: G1CollectForAllocation
Event: 74.386 Executing VM operation: G1CollectForAllocation done


Dynamic libraries:
0x00007ff7c0090000 - 0x00007ff7c009a000 	C:\Program Files\Android\Android Studio\jre\bin\java.exe
0x00007ffe8bff0000 - 0x00007ffe8c1e5000 	C:\WINDOWS\SYSTEM32\ntdll.dll
0x00007ffe8a5b0000 - 0x00007ffe8a66e000 	C:\WINDOWS\System32\KERNEL32.DLL
0x00007ffe89710000 - 0x00007ffe899d8000 	C:\WINDOWS\System32\KERNELBASE.dll
0x00007ffe89de0000 - 0x00007ffe89ee0000 	C:\WINDOWS\System32\ucrtbase.dll
0x00007ffe84e80000 - 0x00007ffe84e97000 	C:\Program Files\Android\Android Studio\jre\bin\VCRUNTIME140.dll
0x00007ffe84b30000 - 0x00007ffe84b49000 	C:\Program Files\Android\Android Studio\jre\bin\jli.dll
0x00007ffe8ab60000 - 0x00007ffe8ad01000 	C:\WINDOWS\System32\USER32.dll
0x00007ffe899e0000 - 0x00007ffe89a02000 	C:\WINDOWS\System32\win32u.dll
0x00007ffe8ad10000 - 0x00007ffe8ad3b000 	C:\WINDOWS\System32\GDI32.dll
0x00007ffe89cd0000 - 0x00007ffe89ddb000 	C:\WINDOWS\System32\gdi32full.dll
0x00007ffe77040000 - 0x00007ffe772da000 	C:\WINDOWS\WinSxS\amd64_microsoft.windows.common-controls_6595b64144ccf1df_6.0.19041.1110_none_60b5254171f9507e\COMCTL32.dll
0x00007ffe89b70000 - 0x00007ffe89c0d000 	C:\WINDOWS\System32\msvcp_win.dll
0x00007ffe8a4b0000 - 0x00007ffe8a54e000 	C:\WINDOWS\System32\msvcrt.dll
0x00007ffe8b1d0000 - 0x00007ffe8b200000 	C:\WINDOWS\System32\IMM32.DLL
0x00007ffe6ba30000 - 0x00007ffe6bacd000 	C:\Program Files\Android\Android Studio\jre\bin\msvcp140.dll
0x00007ffe50300000 - 0x00007ffe50dcf000 	C:\Program Files\Android\Android Studio\jre\bin\server\jvm.dll
0x00007ffe8a110000 - 0x00007ffe8a1bc000 	C:\WINDOWS\System32\ADVAPI32.dll
0x00007ffe8a270000 - 0x00007ffe8a30b000 	C:\WINDOWS\System32\sechost.dll
0x00007ffe8bb50000 - 0x00007ffe8bc7a000 	C:\WINDOWS\System32\RPCRT4.dll
0x00007ffe8be20000 - 0x00007ffe8be28000 	C:\WINDOWS\System32\PSAPI.DLL
0x00007ffe790e0000 - 0x00007ffe790e9000 	C:\WINDOWS\SYSTEM32\WSOCK32.dll
0x00007ffe7edb0000 - 0x00007ffe7edd7000 	C:\WINDOWS\SYSTEM32\WINMM.dll
0x00007ffe7ede0000 - 0x00007ffe7edea000 	C:\WINDOWS\SYSTEM32\VERSION.dll
0x00007ffe8a670000 - 0x00007ffe8a6db000 	C:\WINDOWS\System32\WS2_32.dll
0x00007ffe87fe0000 - 0x00007ffe87ff2000 	C:\WINDOWS\SYSTEM32\kernel.appcore.dll
0x00007ffe83510000 - 0x00007ffe83521000 	C:\Program Files\Android\Android Studio\jre\bin\verify.dll
0x00007ffe874a0000 - 0x00007ffe87684000 	C:\WINDOWS\SYSTEM32\DBGHELP.DLL
0x00007ffe780d0000 - 0x00007ffe780fc000 	C:\WINDOWS\SYSTEM32\dbgcore.DLL
0x00007ffe89c10000 - 0x00007ffe89c93000 	C:\WINDOWS\System32\bcryptPrimitives.dll
0x00007ffe733d0000 - 0x00007ffe733f9000 	C:\Program Files\Android\Android Studio\jre\bin\java.dll
0x00007ffe83d40000 - 0x00007ffe83d4b000 	C:\Program Files\Android\Android Studio\jre\bin\jimage.dll
0x00007ffe733b0000 - 0x00007ffe733c8000 	C:\Program Files\Android\Android Studio\jre\bin\zip.dll
0x00007ffe8b200000 - 0x00007ffe8b93f000 	C:\WINDOWS\System32\SHELL32.dll
0x00007ffe87690000 - 0x00007ffe87e20000 	C:\WINDOWS\SYSTEM32\windows.storage.dll
0x00007ffe8ad40000 - 0x00007ffe8b095000 	C:\WINDOWS\System32\combase.dll
0x00007ffe89090000 - 0x00007ffe890be000 	C:\WINDOWS\SYSTEM32\Wldp.dll
0x00007ffe8a1c0000 - 0x00007ffe8a26d000 	C:\WINDOWS\System32\SHCORE.dll
0x00007ffe8a550000 - 0x00007ffe8a5a5000 	C:\WINDOWS\System32\shlwapi.dll
0x00007ffe89650000 - 0x00007ffe8966f000 	C:\WINDOWS\SYSTEM32\profapi.dll
0x00007ffe73340000 - 0x00007ffe7335a000 	C:\Program Files\Android\Android Studio\jre\bin\net.dll
0x00007ffe804a0000 - 0x00007ffe805ac000 	C:\WINDOWS\SYSTEM32\WINHTTP.dll
0x00007ffe88df0000 - 0x00007ffe88e5a000 	C:\WINDOWS\system32\mswsock.dll
0x00007ffe70e10000 - 0x00007ffe70e24000 	C:\Program Files\Android\Android Studio\jre\bin\nio.dll
0x00007ffe65450000 - 0x00007ffe65477000 	C:\Users\Owner\.gradle\native\8bec1ad78214c89d9ad589b4d07fe93259594b29d510b10fafb7a158f7737e5d\windows-amd64\native-platform.dll
0x00007ffe56400000 - 0x00007ffe5653d000 	C:\Users\Owner\.gradle\native\53dbd7edfb1c66fb8903c78663c9afc45aea4f116125fa6feffd364cf09443e8\windows-amd64\native-platform-file-events.dll
0x00007ffe83500000 - 0x00007ffe8350a000 	C:\Program Files\Android\Android Studio\jre\bin\management.dll
0x00007ffe7aa70000 - 0x00007ffe7aa7c000 	C:\Program Files\Android\Android Studio\jre\bin\management_ext.dll
0x00007ffe88fe0000 - 0x00007ffe88ff8000 	C:\WINDOWS\SYSTEM32\CRYPTSP.dll
0x00007ffe88770000 - 0x00007ffe887a4000 	C:\WINDOWS\system32\rsaenh.dll
0x00007ffe89ca0000 - 0x00007ffe89cc7000 	C:\WINDOWS\System32\bcrypt.dll
0x00007ffe89610000 - 0x00007ffe8963e000 	C:\WINDOWS\SYSTEM32\USERENV.dll
0x00007ffe89000000 - 0x00007ffe8900c000 	C:\WINDOWS\SYSTEM32\CRYPTBASE.dll
0x00007ffe88ae0000 - 0x00007ffe88b1b000 	C:\WINDOWS\SYSTEM32\IPHLPAPI.DLL
0x00007ffe8bf10000 - 0x00007ffe8bf18000 	C:\WINDOWS\System32\NSI.dll
0x00007ffe82960000 - 0x00007ffe82977000 	C:\WINDOWS\SYSTEM32\dhcpcsvc6.DLL
0x00007ffe81e70000 - 0x00007ffe81e8d000 	C:\WINDOWS\SYSTEM32\dhcpcsvc.DLL
0x00007ffe88b20000 - 0x00007ffe88beb000 	C:\WINDOWS\SYSTEM32\DNSAPI.dll
0x00007ffe60de0000 - 0x00007ffe60f84000 	C:\Program Files\Android\Android Studio\jre\bin\awt.dll
0x00007ffe8a040000 - 0x00007ffe8a10d000 	C:\WINDOWS\System32\OLEAUT32.dll
0x00007ffe86ea0000 - 0x00007ffe86ecf000 	C:\WINDOWS\SYSTEM32\dwmapi.dll
0x00007ffe86b10000 - 0x00007ffe86ba0000 	C:\WINDOWS\SYSTEM32\apphelp.dll
0x00007ffe86cb0000 - 0x00007ffe86d4e000 	C:\WINDOWS\system32\uxtheme.dll
0x00007ffe6bb10000 - 0x00007ffe6bb37000 	C:\Program Files\Android\Android Studio\jre\bin\sunec.dll
0x00007ffe80420000 - 0x00007ffe8042a000 	C:\Windows\System32\rasadhlp.dll
0x00007ffe7f7a0000 - 0x00007ffe7f81f000 	C:\WINDOWS\System32\fwpuclnt.dll

dbghelp: loaded successfully - version: 4.0.5 - missing functions: none
symbol engine: initialized successfully - sym options: 0x614 - pdb path: .;C:\Program Files\Android\Android Studio\jre\bin;C:\WINDOWS\SYSTEM32;C:\WINDOWS\WinSxS\amd64_microsoft.windows.common-controls_6595b64144ccf1df_6.0.19041.1110_none_60b5254171f9507e;C:\Program Files\Android\Android Studio\jre\bin\server;C:\Users\Owner\.gradle\native\8bec1ad78214c89d9ad589b4d07fe93259594b29d510b10fafb7a158f7737e5d\windows-amd64;C:\Users\Owner\.gradle\native\53dbd7edfb1c66fb8903c78663c9afc45aea4f116125fa6feffd364cf09443e8\windows-amd64

VM Arguments:
jvm_args: --add-opens=java.base/java.util=ALL-UNNAMED --add-opens=java.base/java.lang=ALL-UNNAMED --add-opens=java.base/java.lang.invoke=ALL-UNNAMED --add-opens=java.base/java.util=ALL-UNNAMED --add-opens=java.prefs/java.util.prefs=ALL-UNNAMED --add-opens=java.prefs/java.util.prefs=ALL-UNNAMED --add-opens=java.base/java.nio.charset=ALL-UNNAMED --add-opens=java.base/java.net=ALL-UNNAMED --add-opens=java.base/java.util.concurrent.atomic=ALL-UNNAMED -Xmx2048m -Dfile.encoding=UTF-8 -Duser.country=US -Duser.language=en -Duser.variant 
java_command: org.gradle.launcher.daemon.bootstrap.GradleDaemon 7.0.2
java_class_path (initial): C:\Users\Owner\.gradle\wrapper\dists\gradle-7.0.2-bin\857tjihv64xamwrf0h14cai3r\gradle-7.0.2\lib\gradle-launcher-7.0.2.jar
Launcher Type: SUN_STANDARD

[Global flags]
     intx CICompilerCount                          = 4                                         {product} {ergonomic}
     uint ConcGCThreads                            = 2                                         {product} {ergonomic}
     uint G1ConcRefinementThreads                  = 8                                         {product} {ergonomic}
   size_t G1HeapRegionSize                         = 1048576                                   {product} {ergonomic}
    uintx GCDrainStackTargetSize                   = 64                                        {product} {ergonomic}
   size_t InitialHeapSize                          = 100663296                                 {product} {ergonomic}
   size_t MarkStackSize                            = 4194304                                   {product} {ergonomic}
   size_t MaxHeapSize                              = 2147483648                                {product} {command line}
   size_t MaxNewSize                               = 1287651328                                {product} {ergonomic}
   size_t MinHeapDeltaBytes                        = 1048576                                   {product} {ergonomic}
    uintx NonNMethodCodeHeapSize                   = 5836300                                {pd product} {ergonomic}
    uintx NonProfiledCodeHeapSize                  = 122910970                              {pd product} {ergonomic}
    uintx ProfiledCodeHeapSize                     = 122910970                              {pd product} {ergonomic}
    uintx ReservedCodeCacheSize                    = 251658240                              {pd product} {ergonomic}
     bool SegmentedCodeCache                       = true                                      {product} {ergonomic}
     bool UseCompressedClassPointers               = true                                 {lp64_product} {ergonomic}
     bool UseCompressedOops                        = true                                 {lp64_product} {ergonomic}
     bool UseG1GC                                  = true                                      {product} {ergonomic}
     bool UseLargePagesIndividualAllocation        = false                                  {pd product} {ergonomic}

Logging:
Log output configuration:
 #0: stdout all=warning uptime,level,tags
 #1: stderr all=off uptime,level,tags

Environment Variables:
PATH=C:\Program Files\Eclipse Foundation\jdk-11.0.12.7-hotspot\bin;C:\Program Files\Common Files\Oracle\Java\javapath;C:\Program Files (x86)\Common Files\Oracle\Java\javapath;C:\WINDOWS\system32;C:\WINDOWS;C:\WINDOWS\System32\Wbem;C:\WINDOWS\System32\WindowsPowerShell\v1.0\;C:\WINDOWS\System32\OpenSSH\;C:\Program Files\Intel\WiFi\bin\;C:\Program Files\Common Files\Intel\WirelessCommon\;C:\Program Files\nodejs\;C:\Program Files\Git\cmd;C:\Gradle\gradle-6.9.1-bin;C:\Program Files\Java\jdk1.8.0_241\bin;C:\Users\Owner\AppData\Local\Programs\Microsoft VS Code\bin
USERNAME=Owner
OS=Windows_NT
PROCESSOR_IDENTIFIER=AMD64 Family 23 Model 24 Stepping 1, AuthenticAMD



---------------  S Y S T E M  ---------------

OS: Windows 10 , 64 bit Build 19041 (10.0.19041.1348)
OS uptime: 0 days 0:45 hours

CPU:total 8 (initial active 8) (8 cores per cpu, 2 threads per core) family 23 model 24 stepping 1 microcode 0x0, cmov, cx8, fxsr, mmx, sse, sse2, sse3, ssse3, sse4.1, sse4.2, popcnt, avx, avx2, aes, clmul, mmxext, 3dnowpref, lzcnt, sse4a, ht, tsc, tscinvbit, tscinv, bmi1, bmi2, adx, s

Memory: 4k page, system-wide physical 6091M (660M free)
TotalPageFile size 6091M (AvailPageFile size 4M)
current process WorkingSet (physical memory assigned to process): 656M, peak: 667M
current process commit charge ("private bytes"): 686M, peak: 696M

vm_info: OpenJDK 64-Bit Server VM (11.0.10+0-b96-7249189) for windows-amd64 JRE (11.0.10+0-b96-7249189), built on Mar 31 2021 21:44:00 by "builder" with MS VC++ 14.0 (VS2015)

END.
